/Applications/freesurfer/7.4.1/subjects/094_S_4282/mri
/Applications/freesurfer/7.4.1/bin/mri_nu_correct.mni
--i orig.mgz --o nu.mgz --uchar transforms/talairach.xfm --n 2 --ants-n4
nIters 2
FreeSurferEnv.csh 7.4.1
Darwin Facundos-MacBook-Air.local 23.0.0 Darwin Kernel Version 23.0.0: Fri Sep 15 14:41:34 PDT 2023; root:xnu-10002.1.13~1/RELEASE_ARM64_T8103 arm64
Wed Nov  8 17:06:37 -03 2023
tmpdir is ./tmp.mri_nu_correct.mni.77849
cd /Applications/freesurfer/7.4.1/subjects/094_S_4282/mri
AntsN4BiasFieldCorrectionFs -i orig.mgz -o ./tmp.mri_nu_correct.mni.77849/nu0.mgz --dtype uchar
AntsN4BiasFieldCorrectionFs done
mri_binarize --i ./tmp.mri_nu_correct.mni.77849/nu0.mgz --min -1 --o ./tmp.mri_nu_correct.mni.77849/ones.mgz

7.4.1
cwd /Applications/freesurfer/7.4.1/subjects/094_S_4282/mri
cmdline mri_binarize --i ./tmp.mri_nu_correct.mni.77849/nu0.mgz --min -1 --o ./tmp.mri_nu_correct.mni.77849/ones.mgz 
sysname  Darwin
hostname Facundos-MacBook-Air.local
machine  x86_64
user     cundo

input      ./tmp.mri_nu_correct.mni.77849/nu0.mgz
frame      0
nErode3d   0
nErode2d   0
output     ./tmp.mri_nu_correct.mni.77849/ones.mgz
Binarizing based on threshold
min        -1
max        +infinity
binval        1
binvalnot     0
fstart = 0, fend = 0, nframes = 1
Found 16777216 values in range
Counting number of voxels in first frame
Found 16777215 voxels in final mask
Writing output to ./tmp.mri_nu_correct.mni.77849/ones.mgz
Count: 16777215 16777215.000000 16777216 99.999994
mri_binarize done
mri_segstats --id 1 --seg ./tmp.mri_nu_correct.mni.77849/ones.mgz --i orig.mgz --sum ./tmp.mri_nu_correct.mni.77849/sum.junk --avgwf ./tmp.mri_nu_correct.mni.77849/input.mean.dat

7.4.1
cwd 
cmdline mri_segstats --id 1 --seg ./tmp.mri_nu_correct.mni.77849/ones.mgz --i orig.mgz --sum ./tmp.mri_nu_correct.mni.77849/sum.junk --avgwf ./tmp.mri_nu_correct.mni.77849/input.mean.dat 
sysname  Darwin
hostname Facundos-MacBook-Air.local
machine  x86_64
user     cundo
whitesurfname  white
UseRobust  0
Loading ./tmp.mri_nu_correct.mni.77849/ones.mgz
Loading orig.mgz
Voxel Volume is 1 mm^3
Generating list of segmentation ids
Found   1 segmentations
Computing statistics for each segmentation

Reporting on   1 segmentations
Using PrintSegStat
Computing spatial average of each frame

Writing to ./tmp.mri_nu_correct.mni.77849/input.mean.dat
mri_segstats done
mri_segstats --id 1 --seg ./tmp.mri_nu_correct.mni.77849/ones.mgz --i ./tmp.mri_nu_correct.mni.77849/nu0.mgz --sum ./tmp.mri_nu_correct.mni.77849/sum.junk --avgwf ./tmp.mri_nu_correct.mni.77849/output.mean.dat

7.4.1
cwd 
cmdline mri_segstats --id 1 --seg ./tmp.mri_nu_correct.mni.77849/ones.mgz --i ./tmp.mri_nu_correct.mni.77849/nu0.mgz --sum ./tmp.mri_nu_correct.mni.77849/sum.junk --avgwf ./tmp.mri_nu_correct.mni.77849/output.mean.dat 
sysname  Darwin
hostname Facundos-MacBook-Air.local
machine  x86_64
user     cundo
whitesurfname  white
UseRobust  0
Loading ./tmp.mri_nu_correct.mni.77849/ones.mgz
Loading ./tmp.mri_nu_correct.mni.77849/nu0.mgz
Voxel Volume is 1 mm^3
Generating list of segmentation ids
Found   1 segmentations
Computing statistics for each segmentation

Reporting on   1 segmentations
Using PrintSegStat
Computing spatial average of each frame

Writing to ./tmp.mri_nu_correct.mni.77849/output.mean.dat
mri_segstats done
mris_calc -o ./tmp.mri_nu_correct.mni.77849/nu0.mgz ./tmp.mri_nu_correct.mni.77849/nu0.mgz mul 2.30711117091028851541
mri_convert ./tmp.mri_nu_correct.mni.77849/nu0.mgz nu.mgz --like orig.mgz
mri_convert ./tmp.mri_nu_correct.mni.77849/nu0.mgz nu.mgz --like orig.mgz 
reading from ./tmp.mri_nu_correct.mni.77849/nu0.mgz...
TR=6.98, TE=2.85, TI=400.00, flip angle=11.00
i_ras = (-1, 0, 0)
j_ras = (0, 0, -1)
k_ras = (0, 1, 0)
INFO: transform src into the like-volume: orig.mgz
writing to nu.mgz...
mri_make_uchar nu.mgz transforms/talairach.xfm nu.mgz
type change took 0 minutes and 7 seconds.
FIRST_PERCENTILE 0.010000
WM_PERCENTILE    0.900000
MAX_R 50.000000
i1 = 4, i2 = 48
#mri_make_uchar# mapping  9 104 to  3 110  :  b -7.21818 m 1.12448 : thresh 6.41915 maxsat 233.191 : nzero 7438913 nsat 2166
 
 
Wed Nov  8 17:09:17 -03 2023
mri_nu_correct.mni done
