/Applications/freesurfer/7.4.1/subjects/032_S_0147/mri
/Applications/freesurfer/7.4.1/bin/talairach_avi
--i orig_nu.mgz --xfm transforms/talairach.auto.xfm
FreeSurferEnv.csh 7.4.1
Darwin Facundos-MacBook-Air.local 23.0.0 Darwin Kernel Version 23.0.0: Fri Sep 15 14:41:34 PDT 2023; root:xnu-10002.1.13~1/RELEASE_ARM64_T8103 arm64
Wed Nov  8 15:52:08 -03 2023
mri_convert orig_nu.mgz talsrcimg.img 
reading from orig_nu.mgz...
TR=8.62, TE=4.01, TI=1000.00, flip angle=8.00
i_ras = (-1, -1.86265e-09, -3.72529e-09)
j_ras = (1.86265e-09, -5.82077e-11, -1)
k_ras = (1.86265e-09, 1, -5.82077e-11)
writing to talsrcimg.img...
Analyze Output Matrix
-1.00000   0.00000   0.00000   136.73218;
-0.00000  -0.00000   1.00000  -121.42699;
-0.00000  -1.00000  -0.00000   147.21109;
 0.00000   0.00000   0.00000   1.00000;
--------------------
INFO: set hdr.hist.orient to -1
mpr2mni305 talsrcimg
Wed Nov  8 15:52:09 -03 2023
/Applications/freesurfer/7.4.1/bin/mpr2mni305 talsrcimg
mpr2mni305 7.4.1
target=711-2C_as_mni_average_305

---------------------------------------------------------------------
analyzeto4dfp talsrcimg -O0 -y
---------------------------------------------------------------------

freesurfer ifh2hdr.c
Wed Nov  8 15:52:09 2023
Writing: talsrcimg.4dfp.hdr
freesurfer analyzeto4dfp.c
Reading: talsrcimg.hdr
header size 348 bytes
hdr.dime.datatype	offset=70	value=2
hdr.dime.bitpix		offset=72	value=8
hdr.hist.orient		offset=252	value=-1
dimensionality     4
dimensions       256       256       256         1
Reading: talsrcimg.img
Writing: talsrcimg.4dfp.img
Writing: talsrcimg.4dfp.ifh
ifh2hdr talsrcimg -r0to178
ori=2

---------------------------------------------------------------------
gauss_4dfp talsrcimg 1.1
---------------------------------------------------------------------

freesurfer gauss_4dfp.c
Reading: talsrcimg.4dfp.img
Writing: talsrcimg_g11.4dfp.img
image dimensions 256 256 256 padded to 288 288 288
processing volume 1freesurfer ifh2hdr.c
Wed Nov  8 15:52:11 2023
Writing: talsrcimg_g11.4dfp.hdr

Writing: talsrcimg_g11.4dfp.ifh
including: talsrcimg.4dfp.img.rec in talsrcimg_g11.4dfp.img.rec

---------------------------------------------------------------------
imgreg_4dfp /Applications/freesurfer/7.4.1/average/711-2C_as_mni_average_305 none talsrcimg_g11 none talsrcimg_to_711-2C_as_mni_average_305_t4 4355
---------------------------------------------------------------------

freesurfer imgreg_4dfp.c
/Applications/freesurfer/7.4.1/average/711-2C_as_mni_average_305.4dfp.img
       256       256       256         1
  1.000000  1.000000  1.000000
orientation T byte_order littleendian
Reading image: /Applications/freesurfer/7.4.1/average/711-2C_as_mni_average_305.4dfp.img
dimensions:      256       256       256
mmppix:       1.0000   -1.0000   -1.0000
center:     128.0000 -129.0000 -129.0000
talsrcimg_g11.4dfp.img
       256       256       256         1
  1.000000  1.000000  1.000000
orientation T byte_order littleendian
Reading image: talsrcimg_g11.4dfp.img
dimensions:      256       256       256
mmppix:       1.0000   -1.0000   -1.0000
center:     128.0000 -129.0000 -129.0000
t4_read: open error in t4_sub.f l:  41 t4_file(1:l)talsrcimg_to_711-2C_as_mni_average_305_t4 
t4_read: transform initialized to I4
rotation matrix determinant  1.000000
image alignment mode   4355 decimal     1103 hex
   -7.5000  -45.0000  -45.0000 8040.0581   14.5816
    0.0000  -45.0000  -45.0000 8410.5908   14.6075
    7.5000  -45.0000  -45.0000 8074.8511   14.6039
   -7.5000  -37.5000  -45.0000 8517.1406   14.3284
    0.0000  -37.5000  -45.0000 8926.4932   14.3532
    7.5000  -37.5000  -45.0000 8551.0879   14.3505
   -7.5000  -30.0000  -45.0000 9294.6895   14.1379
    0.0000  -30.0000  -45.0000 9737.2412   14.1633
    7.5000  -30.0000  -45.0000 9339.9766   14.1615
   -7.5000  -22.5000  -45.000010085.3662   14.0147
    0.0000  -22.5000  -45.000010557.4678   14.0404
    7.5000  -22.5000  -45.000010143.2656   14.0368
   -7.5000  -15.0000  -45.000010823.6855   13.9643
    0.0000  -15.0000  -45.000011319.1650   13.9885
    7.5000  -15.0000  -45.000010873.7217   13.9821
   -7.5000   -7.5000  -45.000011507.2100   13.9081
    0.0000   -7.5000  -45.000012044.1934   13.9323
    7.5000   -7.5000  -45.000011587.1895   13.9264
   -7.5000    0.0000  -45.000012084.4922   13.8865
    0.0000    0.0000  -45.000012684.9443   13.9111
    7.5000    0.0000  -45.000012185.2070   13.9079
   -7.5000    7.5000  -45.000011716.3320   13.8944
    0.0000    7.5000  -45.000012275.1846   13.9185
    7.5000    7.5000  -45.000011771.0264   13.9167
   -7.5000   15.0000  -45.000011257.9189   13.9735
    0.0000   15.0000  -45.000011754.4404   13.9988
    7.5000   15.0000  -45.000011271.6416   13.9974
   -7.5000   22.5000  -45.000010748.2441   14.1220
    0.0000   22.5000  -45.000011199.9541   14.1476
    7.5000   22.5000  -45.000010739.8760   14.1437
   -7.5000   30.0000  -45.000010114.6816   14.1140
    0.0000   30.0000  -45.000010541.6445   14.1385
    7.5000   30.0000  -45.000010117.4219   14.1308
   -7.5000   37.5000  -45.0000 9798.0410   14.3245
    0.0000   37.5000  -45.000010247.0479   14.3506
    7.5000   37.5000  -45.0000 9836.4414   14.3437
   -7.5000   45.0000  -45.0000 9175.7070   14.2026
    0.0000   45.0000  -45.0000 9594.0039   14.2309
    7.5000   45.0000  -45.0000 9246.2363   14.2299
   -7.5000  -45.0000  -37.5000 8514.8984   14.3850
    0.0000  -45.0000  -37.5000 8964.8467   14.4201
    7.5000  -45.0000  -37.5000 8585.6250   14.4192
   -7.5000  -37.5000  -37.5000 9030.4355   14.1377
    0.0000  -37.5000  -37.5000 9509.6133   14.1712
    7.5000  -37.5000  -37.5000 9090.9229   14.1702
   -7.5000  -30.0000  -37.5000 9886.0576   13.9507
    0.0000  -30.0000  -37.500010407.4590   13.9830
    7.5000  -30.0000  -37.5000 9950.0547   13.9809
   -7.5000  -22.5000  -37.500010734.4277   13.8286
    0.0000  -22.5000  -37.500011296.0996   13.8598
    7.5000  -22.5000  -37.500010809.4805   13.8562
   -7.5000  -15.0000  -37.500011528.3604   13.7769
    0.0000  -15.0000  -37.500012104.2480   13.8072
    7.5000  -15.0000  -37.500011587.2373   13.8019
   -7.5000   -7.5000  -37.500012244.5430   13.7211
    0.0000   -7.5000  -37.500012858.2266   13.7525
    7.5000   -7.5000  -37.500012312.1289   13.7486
   -7.5000    0.0000  -37.500012842.5117   13.7007
    0.0000    0.0000  -37.500013521.8545   13.7335
    7.5000    0.0000  -37.500012936.0615   13.7325
   -7.5000    7.5000  -37.500012439.5664   13.7088
    0.0000    7.5000  -37.500013047.3877   13.7409
    7.5000    7.5000  -37.500012482.3779   13.7404
   -7.5000   15.0000  -37.500011944.3809   13.7872
    0.0000   15.0000  -37.500012484.2656   13.8189
    7.5000   15.0000  -37.500011949.0840   13.8172
   -7.5000   22.5000  -37.500011341.2617   13.9347
    0.0000   22.5000  -37.500011873.1094   13.9656
    7.5000   22.5000  -37.500011365.0186   13.9617
   -7.5000   30.0000  -37.500010626.7148   13.9271
    0.0000   30.0000  -37.500011132.8398   13.9573
    7.5000   30.0000  -37.500010660.5088   13.9510
   -7.5000   37.5000  -37.500010277.3330   14.1352
    0.0000   37.5000  -37.500010780.7227   14.1679
    7.5000   37.5000  -37.500010336.7432   14.1639
   -7.5000   45.0000  -37.5000 9626.4326   14.0171
    0.0000   45.0000  -37.500010097.6035   14.0519
    7.5000   45.0000  -37.5000 9698.9551   14.0532
   -7.5000  -45.0000  -30.0000 9178.2051   14.8940
    0.0000  -45.0000  -30.0000 9687.2500   14.9404
    7.5000  -45.0000  -30.0000 9259.9668   14.9449
   -7.5000  -37.5000  -30.0000 9768.4082   14.6395
    0.0000  -37.5000  -30.000010288.1172   14.6822
    7.5000  -37.5000  -30.0000 9814.9697   14.6845
   -7.5000  -30.0000  -30.000010731.6582   14.4452
    0.0000  -30.0000  -30.000011298.5420   14.4831
    7.5000  -30.0000  -30.000010757.0166   14.4820
   -7.5000  -22.5000  -30.000011649.7041   14.3172
    0.0000  -22.5000  -30.000012253.2373   14.3529
    7.5000  -22.5000  -30.000011673.1875   14.3500
   -7.5000  -15.0000  -30.000012503.5381   14.2608
    0.0000  -15.0000  -30.000013130.0879   14.2971
    7.5000  -15.0000  -30.000012525.6875   14.2943
   -7.5000   -7.5000  -30.000013226.0811   14.2022
    0.0000   -7.5000  -30.000013915.7090   14.2423
    7.5000   -7.5000  -30.000013277.7627   14.2427
   -7.5000    0.0000  -30.000013855.0752   14.1822
    0.0000    0.0000  -30.000014610.8135   14.2253
    7.5000    0.0000  -30.000013940.7295   14.2289
   -7.5000    7.5000  -30.000013415.0195   14.1912
    0.0000    7.5000  -30.000014085.0635   14.2320
    7.5000    7.5000  -30.000013455.6846   14.2345
   -7.5000   15.0000  -30.000012850.3408   14.2735
    0.0000   15.0000  -30.000013495.6025   14.3104
    7.5000   15.0000  -30.000012880.5312   14.3097
   -7.5000   22.5000  -30.000012143.3701   14.4254
    0.0000   22.5000  -30.000012791.3057   14.4606
    7.5000   22.5000  -30.000012198.4209   14.4578
   -7.5000   30.0000  -30.000011362.0674   14.4201
    0.0000   30.0000  -30.000011958.2969   14.4563
    7.5000   30.0000  -30.000011399.3994   14.4529
   -7.5000   37.5000  -30.000010991.2559   14.6359
    0.0000   37.5000  -30.000011582.5186   14.6770
    7.5000   37.5000  -30.000011046.7549   14.6783
   -7.5000   45.0000  -30.000010283.6592   14.5248
    0.0000   45.0000  -30.000010809.3574   14.5685
    7.5000   45.0000  -30.000010332.5898   14.5750
   -7.5000  -45.0000  -22.5000 9939.7842   15.3462
    0.0000  -45.0000  -22.500010446.0166   15.3937
    7.5000  -45.0000  -22.500010011.7305   15.4001
   -7.5000  -37.5000  -22.500010574.9717   15.0833
    0.0000  -37.5000  -22.500011129.2725   15.1247
    7.5000  -37.5000  -22.500010615.4023   15.1281
   -7.5000  -30.0000  -22.500011632.7803   14.8828
    0.0000  -30.0000  -22.500012227.6895   14.9180
    7.5000  -30.0000  -22.500011627.6465   14.9173
   -7.5000  -22.5000  -22.500012620.8750   14.7510
    0.0000  -22.5000  -22.500013248.2490   14.7841
    7.5000  -22.5000  -22.500012592.7793   14.7817
   -7.5000  -15.0000  -22.500013487.6855   14.6909
    0.0000  -15.0000  -22.500014136.9580   14.7264
    7.5000  -15.0000  -22.500013476.5225   14.7248
   -7.5000   -7.5000  -22.500014243.3633   14.6282
    0.0000   -7.5000  -22.500014982.1074   14.6692
    7.5000   -7.5000  -22.500014294.9766   14.6713
   -7.5000    0.0000  -22.500014934.4189   14.6064
    0.0000    0.0000  -22.500015748.0439   14.6506
    7.5000    0.0000  -22.500014991.8232   14.6561
   -7.5000    7.5000  -22.500014426.2002   14.6160
    0.0000    7.5000  -22.500015188.9453   14.6557
    7.5000    7.5000  -22.500014466.0498   14.6593
   -7.5000   15.0000  -22.500013787.8408   14.7028
    0.0000   15.0000  -22.500014531.7920   14.7370
    7.5000   15.0000  -22.500013811.1846   14.7365
   -7.5000   22.5000  -22.500013015.5908   14.8601
    0.0000   22.5000  -22.500013745.9883   14.8931
    7.5000   22.5000  -22.500013032.3340   14.8907
   -7.5000   30.0000  -22.500012168.6396   14.8592
    0.0000   30.0000  -22.500012833.0381   14.8950
    7.5000   30.0000  -22.500012182.1709   14.8928
   -7.5000   37.5000  -22.500011742.6592   15.0818
    0.0000   37.5000  -22.500012376.7236   15.1243
    7.5000   37.5000  -22.500011754.5762   15.1272
   -7.5000   45.0000  -22.500010945.3232   14.9756
    0.0000   45.0000  -22.500011494.7314   15.0208
    7.5000   45.0000  -22.500010947.2412   15.0294
   -7.5000  -45.0000  -15.000010729.4551   15.6550
    0.0000  -45.0000  -15.000011249.4248   15.6931
    7.5000  -45.0000  -15.000010798.0244   15.6961
   -7.5000  -37.5000  -15.000011392.7812   15.3837
    0.0000  -37.5000  -15.000011960.8770   15.4156
    7.5000  -37.5000  -15.000011424.9023   15.4166
   -7.5000  -30.0000  -15.000012517.4736   15.1785
    0.0000  -30.0000  -15.000013116.5459   15.2058
    7.5000  -30.0000  -15.000012485.6143   15.2043
   -7.5000  -22.5000  -15.000013567.0947   15.0448
    0.0000  -22.5000  -15.000014186.7949   15.0717
    7.5000  -22.5000  -15.000013504.6143   15.0685
   -7.5000  -15.0000  -15.000014481.1836   14.9835
    0.0000  -15.0000  -15.000015146.0166   15.0131
    7.5000  -15.0000  -15.000014425.3906   15.0097
   -7.5000   -7.5000  -15.000015284.0977   14.9171
    0.0000   -7.5000  -15.000016040.9561   14.9513
    7.5000   -7.5000  -15.000015280.7119   14.9508
   -7.5000    0.0000  -15.000016046.6260   14.8927
    0.0000    0.0000  -15.000016861.9336   14.9283
    7.5000    0.0000  -15.000016045.1143   14.9310
   -7.5000    7.5000  -15.000015484.2363   14.9017
    0.0000    7.5000  -15.000016291.2246   14.9324
    7.5000    7.5000  -15.000015531.5576   14.9339
   -7.5000   15.0000  -15.000014774.4980   14.9913
    0.0000   15.0000  -15.000015559.2090   15.0179
    7.5000   15.0000  -15.000014793.3760   15.0167
   -7.5000   22.5000  -15.000013973.3291   15.1533
    0.0000   22.5000  -15.000014693.7822   15.1804
    7.5000   22.5000  -15.000013903.5996   15.1770
   -7.5000   30.0000  -15.000013047.8467   15.1577
    0.0000   30.0000  -15.000013698.7295   15.1879
    7.5000   30.0000  -15.000012952.8135   15.1837
   -7.5000   37.5000  -15.000012564.9658   15.3854
    0.0000   37.5000  -15.000013169.6445   15.4218
    7.5000   37.5000  -15.000012482.2266   15.4212
   -7.5000   45.0000  -15.000011651.8467   15.2820
    0.0000   45.0000  -15.000012190.4443   15.3204
    7.5000   45.0000  -15.000011607.0186   15.3261
   -7.5000  -45.0000   -7.500011583.2998   15.7874
    0.0000  -45.0000   -7.500012095.7773   15.8140
    7.5000  -45.0000   -7.500011629.0547   15.8098
   -7.5000  -37.5000   -7.500012302.9375   15.5110
    0.0000  -37.5000   -7.500012854.4316   15.5342
    7.5000  -37.5000   -7.500012309.8096   15.5300
   -7.5000  -30.0000   -7.500013489.5898   15.3022
    0.0000  -30.0000   -7.500014067.4814   15.3244
    7.5000  -30.0000   -7.500013420.3896   15.3199
   -7.5000  -22.5000   -7.500014565.3496   15.1656
    0.0000  -22.5000   -7.500015185.3691   15.1884
    7.5000  -22.5000   -7.500014464.7920   15.1821
   -7.5000  -15.0000   -7.500015505.2832   15.1040
    0.0000  -15.0000   -7.500016174.5049   15.1271
    7.5000  -15.0000   -7.500015398.6445   15.1187
   -7.5000   -7.5000   -7.500016376.7744   15.0370
    0.0000   -7.5000   -7.500017105.1074   15.0618
    7.5000   -7.5000   -7.500016289.8711   15.0551
   -7.5000    0.0000   -7.500017199.6523   15.0123
    0.0000    0.0000   -7.500018024.1660   15.0374
    7.5000    0.0000   -7.500017172.4473   15.0338
   -7.5000    7.5000   -7.500016672.6855   15.0208
    0.0000    7.5000   -7.500017537.2070   15.0432
    7.5000    7.5000   -7.500016726.7285   15.0401
   -7.5000   15.0000   -7.500015932.0195   15.1105
    0.0000   15.0000   -7.500016752.6719   15.1322
    7.5000   15.0000   -7.500015918.4766   15.1282
   -7.5000   22.5000   -7.500015065.1006   15.2719
    0.0000   22.5000   -7.500015718.9561   15.2947
    7.5000   22.5000   -7.500014848.1797   15.2880
   -7.5000   30.0000   -7.500014039.5420   15.2790
    0.0000   30.0000   -7.500014628.6074   15.3028
    7.5000   30.0000   -7.500013800.4541   15.2930
   -7.5000   37.5000   -7.500013445.3594   15.5103
    0.0000   37.5000   -7.500014066.1680   15.5376
    7.5000   37.5000   -7.500013306.2236   15.5295
   -7.5000   45.0000   -7.500012441.2227   15.4102
    0.0000   45.0000   -7.500013065.4854   15.4391
    7.5000   45.0000   -7.500012393.1240   15.4379
   -7.5000  -45.0000    0.000012308.4355   15.8132
    0.0000  -45.0000    0.000012858.4180   15.8384
    7.5000  -45.0000    0.000012327.0449   15.8304
   -7.5000  -37.5000    0.000013100.2061   15.5366
    0.0000  -37.5000    0.000013678.9180   15.5605
    7.5000  -37.5000    0.000013068.7705   15.5536
   -7.5000  -30.0000    0.000014367.6006   15.3258
    0.0000  -30.0000    0.000014968.7852   15.3504
    7.5000  -30.0000    0.000014266.9971   15.3446
   -7.5000  -22.5000    0.000015505.0859   15.1861
    0.0000  -22.5000    0.000016130.7725   15.2113
    7.5000  -22.5000    0.000015354.5762   15.2034
   -7.5000  -15.0000    0.000016466.9766   15.1242
    0.0000  -15.0000    0.000017130.5938   15.1478
    7.5000  -15.0000    0.000016309.3955   15.1371
   -7.5000   -7.5000    0.000017342.4512   15.0596
    0.0000   -7.5000    0.000017982.6738   15.0829
    7.5000   -7.5000    0.000017137.1309   15.0729
   -7.5000    0.0000    0.000018207.8301   15.0374
    0.0000    0.0000    0.000018956.6016   15.0610
    7.5000    0.0000    0.000018098.1504   15.0538
   -7.5000    7.5000    0.000017767.1660   15.0464
    0.0000    7.5000    0.000018760.0781   15.0692
    7.5000    7.5000    0.000017844.5645   15.0636
   -7.5000   15.0000    0.000017125.5430   15.1337
    0.0000   15.0000    0.000018189.6406   15.1579
    7.5000   15.0000    0.000017207.5801   15.1525
   -7.5000   22.5000    0.000016184.5059   15.2928
    0.0000   22.5000    0.000016999.1738   15.3176
    7.5000   22.5000    0.000016028.3779   15.3092
   -7.5000   30.0000    0.000014993.4062   15.2992
    0.0000   30.0000    0.000015683.5684   15.3228
    7.5000   30.0000    0.000014756.5586   15.3104
   -7.5000   37.5000    0.000014309.2236   15.5324
    0.0000   37.5000    0.000015012.8301   15.5575
    7.5000   37.5000    0.000014114.5918   15.5459
   -7.5000   45.0000    0.000013203.5449   15.4359
    0.0000   45.0000    0.000013896.2109   15.4628
    7.5000   45.0000    0.000013105.0010   15.4574
   -7.5000  -45.0000    7.500011971.0098   15.8086
    0.0000  -45.0000    7.500012563.1523   15.8447
    7.5000  -45.0000    7.500012062.9414   15.8407
   -7.5000  -37.5000    7.500012770.7295   15.5345
    0.0000  -37.5000    7.500013355.0801   15.5689
    7.5000  -37.5000    7.500012788.1133   15.5647
   -7.5000  -30.0000    7.500013969.7715   15.3242
    0.0000  -30.0000    7.500014557.5518   15.3576
    7.5000  -30.0000    7.500013923.5293   15.3526
   -7.5000  -22.5000    7.500015069.3398   15.1833
    0.0000  -22.5000    7.500015694.4756   15.2158
    7.5000  -22.5000    7.500014973.1045   15.2092
   -7.5000  -15.0000    7.500016020.8203   15.1198
    0.0000  -15.0000    7.500016663.8281   15.1511
    7.5000  -15.0000    7.500015874.1973   15.1428
   -7.5000   -7.5000    7.500016898.4062   15.0558
    0.0000   -7.5000    7.500017460.6133   15.0878
    7.5000   -7.5000    7.500016642.0234   15.0809
   -7.5000    0.0000    7.500017807.3965   15.0352
    0.0000    0.0000    7.500018438.6953   15.0686
    7.5000    0.0000    7.500017561.0547   15.0648
   -7.5000    7.5000    7.500017500.4844   15.0452
    0.0000    7.5000    7.500018455.6602   15.0779
    7.5000    7.5000    7.500017472.7695   15.0745
   -7.5000   15.0000    7.500016962.7051   15.1329
    0.0000   15.0000    7.500018129.6035   15.1654
    7.5000   15.0000    7.500017057.5566   15.1608
   -7.5000   22.5000    7.500016034.6650   15.2916
    0.0000   22.5000    7.500016973.1641   15.3234
    7.5000   22.5000    7.500015946.0410   15.3164
   -7.5000   30.0000    7.500014839.2646   15.2961
    0.0000   30.0000    7.500015545.9502   15.3270
    7.5000   30.0000    7.500014584.5850   15.3173
   -7.5000   37.5000    7.500014076.4141   15.5285
    0.0000   37.5000    7.500014712.4160   15.5617
    7.5000   37.5000    7.500013844.3682   15.5543
   -7.5000   45.0000    7.500012904.5234   15.4339
    0.0000   45.0000    7.500013490.6035   15.4690
    7.5000   45.0000    7.500012777.5996   15.4672
   -7.5000  -45.0000   15.000011453.2012   15.8308
    0.0000  -45.0000   15.000012048.1709   15.8793
    7.5000  -45.0000   15.000011618.3574   15.8827
   -7.5000  -37.5000   15.000012196.5215   15.5588
    0.0000  -37.5000   15.000012794.5498   15.6034
    7.5000  -37.5000   15.000012320.6680   15.6044
   -7.5000  -30.0000   15.000013323.6514   15.3505
    0.0000  -30.0000   15.000013949.9580   15.3902
    7.5000  -30.0000   15.000013407.7324   15.3875
   -7.5000  -22.5000   15.000014390.9365   15.2113
    0.0000  -22.5000   15.000015032.8428   15.2487
    7.5000  -22.5000   15.000014404.9521   15.2443
   -7.5000  -15.0000   15.000015317.8076   15.1470
    0.0000  -15.0000   15.000015945.9844   15.1849
    7.5000  -15.0000   15.000015261.2197   15.1808
   -7.5000   -7.5000   15.000016209.0547   15.0817
    0.0000   -7.5000   15.000016813.6875   15.1233
    7.5000   -7.5000   15.000016078.6826   15.1227
   -7.5000    0.0000   15.000017146.4648   15.0602
    0.0000    0.0000   15.000017829.6250   15.1050
    7.5000    0.0000   15.000017010.2773   15.1076
   -7.5000    7.5000   15.000016843.8984   15.0708
    0.0000    7.5000   15.000017701.5293   15.1132
    7.5000    7.5000   15.000016808.3809   15.1145
   -7.5000   15.0000   15.000016233.5830   15.1611
    0.0000   15.0000   15.000017099.4570   15.1996
    7.5000   15.0000   15.000016211.5557   15.1974
   -7.5000   22.5000   15.000015372.1016   15.3217
    0.0000   22.5000   15.000016050.9326   15.3584
    7.5000   22.5000   15.000015206.0859   15.3539
   -7.5000   30.0000   15.000014298.6924   15.3252
    0.0000   30.0000   15.000014808.4316   15.3629
    7.5000   30.0000   15.000014020.4912   15.3579
   -7.5000   37.5000   15.000013569.6104   15.5555
    0.0000   37.5000   15.000014064.0859   15.5980
    7.5000   37.5000   15.000013351.9238   15.5981
   -7.5000   45.0000   15.000012410.5312   15.4596
    0.0000   45.0000   15.000012874.4307   15.5047
    7.5000   45.0000   15.000012271.4248   15.5102
   -7.5000  -45.0000   22.500010876.8818   15.9190
    0.0000  -45.0000   22.500011446.1641   15.9686
    7.5000  -45.0000   22.500011050.9326   15.9749
   -7.5000  -37.5000   22.500011580.4180   15.6453
    0.0000  -37.5000   22.500012171.2627   15.6886
    7.5000  -37.5000   22.500011741.6592   15.6918
   -7.5000  -30.0000   22.500012644.0273   15.4370
    0.0000  -30.0000   22.500013247.9990   15.4739
    7.5000  -30.0000   22.500012792.7539   15.4728
   -7.5000  -22.5000   22.500013630.6494   15.2999
    0.0000  -22.5000   22.500014269.4014   15.3347
    7.5000  -22.5000   22.500013740.3086   15.3319
   -7.5000  -15.0000   22.500014493.2012   15.2372
    0.0000  -15.0000   22.500015142.8105   15.2744
    7.5000  -15.0000   22.500014601.3184   15.2724
   -7.5000   -7.5000   22.500015351.4570   15.1715
    0.0000   -7.5000   22.500015988.7246   15.2143
    7.5000   -7.5000   22.500015401.3828   15.2162
   -7.5000    0.0000   22.500016202.3350   15.1482
    0.0000    0.0000   22.500016903.8770   15.1943
    7.5000    0.0000   22.500016261.9609   15.1998
   -7.5000    7.5000   22.500015870.1748   15.1579
    0.0000    7.5000   22.500016610.8105   15.1994
    7.5000    7.5000   22.500015911.9658   15.2029
   -7.5000   15.0000   22.500015205.2100   15.2489
    0.0000   15.0000   22.500015877.0273   15.2848
    7.5000   15.0000   22.500015183.6797   15.2841
   -7.5000   22.5000   22.500014361.7051   15.4111
    0.0000   22.5000   22.500014881.5576   15.4456
    7.5000   22.5000   22.500014224.7246   15.4429
   -7.5000   30.0000   22.500013385.1250   15.4155
    0.0000   30.0000   22.500013819.8564   15.4529
    7.5000   30.0000   22.500013175.6523   15.4503
   -7.5000   37.5000   22.500012796.6865   15.6465
    0.0000   37.5000   22.500013211.3174   15.6907
    7.5000   37.5000   22.500012606.3721   15.6934
   -7.5000   45.0000   22.500011749.6387   15.5475
    0.0000   45.0000   22.500012139.5762   15.5945
    7.5000   45.0000   22.500011606.7939   15.6032
   -7.5000  -45.0000   30.000010264.8633   16.0902
    0.0000  -45.0000   30.000010784.7949   16.1298
    7.5000  -45.0000   30.000010413.3496   16.1318
   -7.5000  -37.5000   30.000010906.5713   15.8108
    0.0000  -37.5000   30.000011449.6094   15.8441
    7.5000  -37.5000   30.000011065.3848   15.8443
   -7.5000  -30.0000   30.000011876.7012   15.5995
    0.0000  -30.0000   30.000012462.6045   15.6280
    7.5000  -30.0000   30.000012054.0049   15.6259
   -7.5000  -22.5000   30.000012781.6885   15.4629
    0.0000  -22.5000   30.000013423.8428   15.4908
    7.5000  -22.5000   30.000012982.1436   15.4867
   -7.5000  -15.0000   30.000013603.5420   15.4023
    0.0000  -15.0000   30.000014257.8975   15.4327
    7.5000  -15.0000   30.000013788.9570   15.4283
   -7.5000   -7.5000   30.000014399.1729   15.3358
    0.0000   -7.5000   30.000015055.1826   15.3712
    7.5000   -7.5000   30.000014542.1211   15.3698
   -7.5000    0.0000   30.000015149.0625   15.3106
    0.0000    0.0000   30.000015850.5166   15.3477
    7.5000    0.0000   30.000015314.7656   15.3498
   -7.5000    7.5000   30.000014752.7539   15.3194
    0.0000    7.5000   30.000015409.6455   15.3514
    7.5000    7.5000   30.000014856.2920   15.3526
   -7.5000   15.0000   30.000014092.4795   15.4106
    0.0000   15.0000   30.000014654.0459   15.4384
    7.5000   15.0000   30.000014112.2783   15.4368
   -7.5000   22.5000   30.000013253.3955   15.5750
    0.0000   22.5000   30.000013716.9795   15.6030
    7.5000   22.5000   30.000013200.2607   15.5989
   -7.5000   30.0000   30.000012332.3965   15.5815
    0.0000   30.0000   30.000012744.6191   15.6126
    7.5000   30.0000   30.000012245.4346   15.6073
   -7.5000   37.5000   30.000011817.9131   15.8162
    0.0000   37.5000   30.000012211.9004   15.8539
    7.5000   37.5000   30.000011744.8594   15.8522
   -7.5000   45.0000   30.000010912.0576   15.7150
    0.0000   45.0000   30.000011275.5205   15.7548
    7.5000   45.0000   30.000010835.8740   15.7599
   -7.5000  -45.0000   37.500010041.9658   16.3331
    0.0000  -45.0000   37.500010524.9717   16.3636
    7.5000  -45.0000   37.500010160.4629   16.3579
   -7.5000  -37.5000   37.500010624.7783   16.0454
    0.0000  -37.5000   37.500011153.9473   16.0717
    7.5000  -37.5000   37.500010781.6729   16.0661
   -7.5000  -30.0000   37.500011536.7178   15.8293
    0.0000  -30.0000   37.500012132.1172   15.8537
    7.5000  -30.0000   37.500011743.7051   15.8477
   -7.5000  -22.5000   37.500012411.1836   15.6900
    0.0000  -22.5000   37.500013037.5742   15.7150
    7.5000  -22.5000   37.500012613.2061   15.7069
   -7.5000  -15.0000   37.500013227.7412   15.6311
    0.0000  -15.0000   37.500013856.6348   15.6570
    7.5000  -15.0000   37.500013372.2090   15.6468
   -7.5000   -7.5000   37.500013951.5146   15.5645
    0.0000   -7.5000   37.500014610.5059   15.5928
    7.5000   -7.5000   37.500014082.0664   15.5847
   -7.5000    0.0000   37.500014598.4141   15.5381
    0.0000    0.0000   37.500015328.6582   15.5669
    7.5000    0.0000   37.500014786.4365   15.5624
   -7.5000    7.5000   37.500014142.0938   15.5464
    0.0000    7.5000   37.500014792.0830   15.5718
    7.5000    7.5000   37.500014247.1357   15.5680
   -7.5000   15.0000   37.500013469.9658   15.6382
    0.0000   15.0000   37.500014030.3457   15.6621
    7.5000   15.0000   37.500013539.8379   15.6569
   -7.5000   22.5000   37.500012638.5879   15.8046
    0.0000   22.5000   37.500013127.1221   15.8296
    7.5000   22.5000   37.500012672.9756   15.8212
   -7.5000   30.0000   37.500011747.8848   15.8132
    0.0000   30.0000   37.500012187.5000   15.8395
    7.5000   30.0000   37.500011749.2227   15.8280
   -7.5000   37.5000   37.500011293.5537   16.0537
    0.0000   37.5000   37.500011707.5664   16.0844
    7.5000   37.5000   37.500011291.2715   16.0748
   -7.5000   45.0000   37.500010446.2227   15.9523
    0.0000   45.0000   37.500010841.1484   15.9851
    7.5000   45.0000   37.500010432.2197   15.9830
   -7.5000  -45.0000   45.0000 9401.5566   16.5699
    0.0000  -45.0000   45.0000 9856.6768   16.6037
    7.5000  -45.0000   45.0000 9499.1113   16.5947
   -7.5000  -37.5000   45.0000 9868.4736   16.2726
    0.0000  -37.5000   45.000010385.9473   16.3041
    7.5000  -37.5000   45.000010031.4893   16.2962
   -7.5000  -30.0000   45.000010676.9209   16.0484
    0.0000  -30.0000   45.000011247.1533   16.0799
    7.5000  -30.0000   45.000010872.5342   16.0733
   -7.5000  -22.5000   45.000011493.4248   15.9043
    0.0000  -22.5000   45.000012072.6143   15.9364
    7.5000  -22.5000   45.000011655.8701   15.9279
   -7.5000  -15.0000   45.000012250.7637   15.8466
    0.0000  -15.0000   45.000012856.1553   15.8776
    7.5000  -15.0000   45.000012379.4395   15.8665
   -7.5000   -7.5000   45.000012885.0713   15.7824
    0.0000   -7.5000   45.000013545.1602   15.8137
    7.5000   -7.5000   45.000013025.3604   15.8033
   -7.5000    0.0000   45.000013423.9375   15.7569
    0.0000    0.0000   45.000014139.5986   15.7884
    7.5000    0.0000   45.000013618.5166   15.7809
   -7.5000    7.5000   45.000012929.6152   15.7641
    0.0000    7.5000   45.000013566.4902   15.7942
    7.5000    7.5000   45.000013057.0703   15.7882
   -7.5000   15.0000   45.000012304.5244   15.8547
    0.0000   15.0000   45.000012858.5771   15.8856
    7.5000   15.0000   45.000012386.3281   15.8799
   -7.5000   22.5000   45.000011534.3242   16.0236
    0.0000   22.5000   45.000012020.7949   16.0552
    7.5000   22.5000   45.000011603.9131   16.0463
   -7.5000   30.0000   45.000010724.7275   16.0337
    0.0000   30.0000   45.000011155.6191   16.0647
    7.5000   30.0000   45.000010772.7197   16.0518
   -7.5000   37.5000   45.000010329.8037   16.2831
    0.0000   37.5000   45.000010753.8994   16.3165
    7.5000   37.5000   45.000010371.4639   16.3044
   -7.5000   45.0000   45.0000 9572.6631   16.1951
    0.0000   45.0000   45.0000 9964.0215   16.2305
    7.5000   45.0000   45.0000 9583.0488   16.2249

---------------------------------------------------------------------
imgreg_4dfp /Applications/freesurfer/7.4.1/average/711-2C_as_mni_average_305 /Applications/freesurfer/7.4.1/average/711-2B_as_mni_average_305_mask talsrcimg_g11 none talsrcimg_to_711-2C_as_mni_average_305_t4 4355
---------------------------------------------------------------------

freesurfer imgreg_4dfp.c
/Applications/freesurfer/7.4.1/average/711-2C_as_mni_average_305.4dfp.img
       256       256       256         1
  1.000000  1.000000  1.000000
orientation T byte_order littleendian
Reading image: /Applications/freesurfer/7.4.1/average/711-2C_as_mni_average_305.4dfp.img
dimensions:      256       256       256
mmppix:       1.0000   -1.0000   -1.0000
center:     128.0000 -129.0000 -129.0000
/Applications/freesurfer/7.4.1/average/711-2B_as_mni_average_305_mask.4dfp.img
       256       256       256         1
  1.000000  1.000000  1.000000
orientation T byte_order littleendian
Reading mask: /Applications/freesurfer/7.4.1/average/711-2B_as_mni_average_305_mask.4dfp.img (2306576 pixels)
talsrcimg_g11.4dfp.img
       256       256       256         1
  1.000000  1.000000  1.000000
orientation T byte_order littleendian
Reading image: talsrcimg_g11.4dfp.img
dimensions:      256       256       256
mmppix:       1.0000   -1.0000   -1.0000
center:     128.0000 -129.0000 -129.0000
rotation matrix determinant  1.000000
image alignment mode   4355 decimal     1103 hex
   -7.5000  -45.0000  -45.0000 2175.5269   23.1676
    0.0000  -45.0000  -45.0000 2177.4700   23.1764
    7.5000  -45.0000  -45.0000 2175.2371   23.3562
   -7.5000  -37.5000  -45.0000 2221.2957   21.8106
    0.0000  -37.5000  -45.0000 2230.4495   21.7719
    7.5000  -37.5000  -45.0000 2219.3860   21.9162
   -7.5000  -30.0000  -45.0000 2262.3887   20.7175
    0.0000  -30.0000  -45.0000 2269.6267   20.6214
    7.5000  -30.0000  -45.0000 2266.0671   20.7160
   -7.5000  -22.5000  -45.0000 2305.9897   19.7647
    0.0000  -22.5000  -45.0000 2315.2681   19.6800
    7.5000  -22.5000  -45.0000 2318.0310   19.8179
   -7.5000  -15.0000  -45.0000 2342.0208   18.9839
    0.0000  -15.0000  -45.0000 2350.8362   18.8174
    7.5000  -15.0000  -45.0000 2351.9067   18.9791
   -7.5000   -7.5000  -45.0000 2365.4312   18.3913
    0.0000   -7.5000  -45.0000 2381.3743   18.1874
    7.5000   -7.5000  -45.0000 2383.7544   18.3713
   -7.5000    0.0000  -45.0000 2376.0745   17.9725
    0.0000    0.0000  -45.0000 2400.6021   17.7577
    7.5000    0.0000  -45.0000 2393.2446   17.9283
   -7.5000    7.5000  -45.0000 2375.3745   17.8202
    0.0000    7.5000  -45.0000 2397.7710   17.5734
    7.5000    7.5000  -45.0000 2391.6541   17.7266
   -7.5000   15.0000  -45.0000 2364.4023   17.8473
    0.0000   15.0000  -45.0000 2386.7129   17.5532
    7.5000   15.0000  -45.0000 2383.1921   17.6208
   -7.5000   22.5000  -45.0000 2364.9294   18.0534
    0.0000   22.5000  -45.0000 2385.7075   17.6717
    7.5000   22.5000  -45.0000 2382.6985   17.7109
   -7.5000   30.0000  -45.0000 2337.0049   18.5620
    0.0000   30.0000  -45.0000 2360.9448   18.1625
    7.5000   30.0000  -45.0000 2356.9844   18.2368
   -7.5000   37.5000  -45.0000 2292.3379   19.4038
    0.0000   37.5000  -45.0000 2316.5056   19.0086
    7.5000   37.5000  -45.0000 2316.4688   19.1246
   -7.5000   45.0000  -45.0000 2232.7583   20.5443
    0.0000   45.0000  -45.0000 2255.2527   20.1732
    7.5000   45.0000  -45.0000 2258.4600   20.3037
   -7.5000  -45.0000  -37.5000 2246.3774   21.5487
    0.0000  -45.0000  -37.5000 2253.7261   21.5406
    7.5000  -45.0000  -37.5000 2241.7356   21.6786
   -7.5000  -37.5000  -37.5000 2294.0200   20.2420
    0.0000  -37.5000  -37.5000 2306.5776   20.2080
    7.5000  -37.5000  -37.5000 2293.1104   20.3672
   -7.5000  -30.0000  -37.5000 2344.4146   19.1734
    0.0000  -30.0000  -37.5000 2354.8069   19.1360
    7.5000  -30.0000  -37.5000 2347.6504   19.2301
   -7.5000  -22.5000  -37.5000 2394.8081   18.3490
    0.0000  -22.5000  -37.5000 2409.5256   18.2843
    7.5000  -22.5000  -37.5000 2407.5002   18.3698
   -7.5000  -15.0000  -37.5000 2429.7854   17.6578
    0.0000  -15.0000  -37.5000 2445.9866   17.5583
    7.5000  -15.0000  -37.5000 2443.8123   17.6226
   -7.5000   -7.5000  -37.5000 2454.9033   17.0564
    0.0000   -7.5000  -37.5000 2477.0137   16.9395
    7.5000   -7.5000  -37.5000 2473.9719   17.0350
   -7.5000    0.0000  -37.5000 2469.6633   16.6999
    0.0000    0.0000  -37.5000 2492.7898   16.5264
    7.5000    0.0000  -37.5000 2487.7654   16.6416
   -7.5000    7.5000  -37.5000 2472.9050   16.5459
    0.0000    7.5000  -37.5000 2491.1169   16.3474
    7.5000    7.5000  -37.5000 2487.4150   16.4314
   -7.5000   15.0000  -37.5000 2466.6648   16.5647
    0.0000   15.0000  -37.5000 2482.7512   16.3151
    7.5000   15.0000  -37.5000 2480.1631   16.3713
   -7.5000   22.5000  -37.5000 2456.0969   16.7137
    0.0000   22.5000  -37.5000 2479.2520   16.4333
    7.5000   22.5000  -37.5000 2475.8579   16.4946
   -7.5000   30.0000  -37.5000 2421.6509   17.1460
    0.0000   30.0000  -37.5000 2448.9172   16.8730
    7.5000   30.0000  -37.5000 2446.5403   16.9649
   -7.5000   37.5000  -37.5000 2382.8933   17.9148
    0.0000   37.5000  -37.5000 2408.8616   17.6438
    7.5000   37.5000  -37.5000 2409.4109   17.7133
   -7.5000   45.0000  -37.5000 2323.6072   18.9522
    0.0000   45.0000  -37.5000 2350.1677   18.6233
    7.5000   45.0000  -37.5000 2346.1250   18.7488
   -7.5000  -45.0000  -30.0000 2357.5864   20.7733
    0.0000  -45.0000  -30.0000 2367.2576   20.8244
    7.5000  -45.0000  -30.0000 2354.0352   20.9362
   -7.5000  -37.5000  -30.0000 2412.4548   19.5506
    0.0000  -37.5000  -30.0000 2422.1758   19.5015
    7.5000  -37.5000  -30.0000 2411.0430   19.6021
   -7.5000  -30.0000  -30.0000 2471.1621   18.5566
    0.0000  -30.0000  -30.0000 2482.9136   18.4909
    7.5000  -30.0000  -30.0000 2473.0559   18.5439
   -7.5000  -22.5000  -30.0000 2525.3386   17.7053
    0.0000  -22.5000  -30.0000 2540.2595   17.6257
    7.5000  -22.5000  -30.0000 2529.4009   17.6974
   -7.5000  -15.0000  -30.0000 2559.5391   16.9981
    0.0000  -15.0000  -30.0000 2576.9070   16.9068
    7.5000  -15.0000  -30.0000 2571.5281   17.0048
   -7.5000   -7.5000  -30.0000 2581.5430   16.3871
    0.0000   -7.5000  -30.0000 2604.9778   16.3092
    7.5000   -7.5000  -30.0000 2600.3206   16.3714
   -7.5000    0.0000  -30.0000 2598.2336   16.0296
    0.0000    0.0000  -30.0000 2623.4924   15.9394
    7.5000    0.0000  -30.0000 2622.3650   15.9816
   -7.5000    7.5000  -30.0000 2609.2463   15.9103
    0.0000    7.5000  -30.0000 2629.2234   15.7272
    7.5000    7.5000  -30.0000 2630.8269   15.7870
   -7.5000   15.0000  -30.0000 2604.9761   15.9147
    0.0000   15.0000  -30.0000 2625.4080   15.7299
    7.5000   15.0000  -30.0000 2623.6917   15.8106
   -7.5000   22.5000  -30.0000 2589.2012   16.0623
    0.0000   22.5000  -30.0000 2613.1753   15.8866
    7.5000   22.5000  -30.0000 2609.1201   15.9519
   -7.5000   30.0000  -30.0000 2557.8650   16.5020
    0.0000   30.0000  -30.0000 2587.4150   16.2780
    7.5000   30.0000  -30.0000 2582.8672   16.3429
   -7.5000   37.5000  -30.0000 2515.1558   17.2277
    0.0000   37.5000  -30.0000 2548.7468   16.9738
    7.5000   37.5000  -30.0000 2543.3330   17.0090
   -7.5000   45.0000  -30.0000 2452.9634   18.2215
    0.0000   45.0000  -30.0000 2481.4333   17.9422
    7.5000   45.0000  -30.0000 2475.5293   18.0285
   -7.5000  -45.0000  -22.5000 2456.3718   19.9574
    0.0000  -45.0000  -22.5000 2463.3657   19.9082
    7.5000  -45.0000  -22.5000 2455.5784   20.0421
   -7.5000  -37.5000  -22.5000 2508.4163   18.7366
    0.0000  -37.5000  -22.5000 2522.1221   18.6394
    7.5000  -37.5000  -22.5000 2513.2942   18.7451
   -7.5000  -30.0000  -22.5000 2568.8118   17.7751
    0.0000  -30.0000  -22.5000 2587.7969   17.6731
    7.5000  -30.0000  -22.5000 2574.9246   17.7250
   -7.5000  -22.5000  -22.5000 2618.5872   16.9448
    0.0000  -22.5000  -22.5000 2639.0962   16.8512
    7.5000  -22.5000  -22.5000 2625.3481   16.9078
   -7.5000  -15.0000  -22.5000 2650.5664   16.2406
    0.0000  -15.0000  -22.5000 2668.5105   16.1327
    7.5000  -15.0000  -22.5000 2661.2417   16.2205
   -7.5000   -7.5000  -22.5000 2677.7400   15.6337
    0.0000   -7.5000  -22.5000 2700.5415   15.5260
    7.5000   -7.5000  -22.5000 2699.5051   15.6100
   -7.5000    0.0000  -22.5000 2696.5371   15.2924
    0.0000    0.0000  -22.5000 2725.8042   15.1824
    7.5000    0.0000  -22.5000 2731.1196   15.2108
   -7.5000    7.5000  -22.5000 2707.1252   15.1730
    0.0000    7.5000  -22.5000 2737.8293   15.0381
    7.5000    7.5000  -22.5000 2743.6631   14.9969
   -7.5000   15.0000  -22.5000 2710.5999   15.1936
    0.0000   15.0000  -22.5000 2736.9460   15.0075
    7.5000   15.0000  -22.5000 2736.5437   15.0236
   -7.5000   22.5000  -22.5000 2703.8569   15.3621
    0.0000   22.5000  -22.5000 2735.0125   15.1555
    7.5000   22.5000  -22.5000 2721.7891   15.2050
   -7.5000   30.0000  -22.5000 2670.5586   15.8187
    0.0000   30.0000  -22.5000 2705.2729   15.5426
    7.5000   30.0000  -22.5000 2695.8484   15.5907
   -7.5000   37.5000  -22.5000 2624.3467   16.4787
    0.0000   37.5000  -22.5000 2661.4844   16.2054
    7.5000   37.5000  -22.5000 2648.6926   16.2110
   -7.5000   45.0000  -22.5000 2554.0835   17.3944
    0.0000   45.0000  -22.5000 2584.6062   17.1638
    7.5000   45.0000  -22.5000 2574.0669   17.1753
   -7.5000  -45.0000  -15.0000 2522.3962   19.1425
    0.0000  -45.0000  -15.0000 2532.1638   19.0686
    7.5000  -45.0000  -15.0000 2524.8064   19.2158
   -7.5000  -37.5000  -15.0000 2566.6846   17.9187
    0.0000  -37.5000  -15.0000 2582.3748   17.8041
    7.5000  -37.5000  -15.0000 2574.0178   17.9201
   -7.5000  -30.0000  -15.0000 2620.8030   17.0003
    0.0000  -30.0000  -15.0000 2645.8323   16.8578
    7.5000  -30.0000  -15.0000 2630.6152   16.8938
   -7.5000  -22.5000  -15.0000 2672.9639   16.2061
    0.0000  -22.5000  -15.0000 2692.3833   16.0604
    7.5000  -22.5000  -15.0000 2683.0046   16.0898
   -7.5000  -15.0000  -15.0000 2707.3408   15.5304
    0.0000  -15.0000  -15.0000 2727.7834   15.3755
    7.5000  -15.0000  -15.0000 2724.2095   15.4090
   -7.5000   -7.5000  -15.0000 2737.2314   14.9750
    0.0000   -7.5000  -15.0000 2763.4131   14.8196
    7.5000   -7.5000  -15.0000 2760.2090   14.8463
   -7.5000    0.0000  -15.0000 2762.6804   14.6334
    0.0000    0.0000  -15.0000 2791.2666   14.4783
    7.5000    0.0000  -15.0000 2796.8896   14.4859
   -7.5000    7.5000  -15.0000 2777.0679   14.4878
    0.0000    7.5000  -15.0000 2810.3792   14.3205
    7.5000    7.5000  -15.0000 2819.5510   14.2896
   -7.5000   15.0000  -15.0000 2786.7937   14.4558
    0.0000   15.0000  -15.0000 2822.1790   14.2770
    7.5000   15.0000  -15.0000 2822.6448   14.2512
   -7.5000   22.5000  -15.0000 2790.1047   14.6847
    0.0000   22.5000  -15.0000 2820.2395   14.4135
    7.5000   22.5000  -15.0000 2805.3684   14.4194
   -7.5000   30.0000  -15.0000 2754.5454   15.1667
    0.0000   30.0000  -15.0000 2788.0684   14.8370
    7.5000   30.0000  -15.0000 2774.6526   14.8048
   -7.5000   37.5000  -15.0000 2700.2114   15.8058
    0.0000   37.5000  -15.0000 2733.2341   15.5174
    7.5000   37.5000  -15.0000 2721.9583   15.4803
   -7.5000   45.0000  -15.0000 2616.8821   16.7073
    0.0000   45.0000  -15.0000 2648.7766   16.4124
    7.5000   45.0000  -15.0000 2644.7278   16.4229
   -7.5000  -45.0000   -7.5000 2571.8274   18.4516
    0.0000  -45.0000   -7.5000 2580.0762   18.2894
    7.5000  -45.0000   -7.5000 2580.4163   18.4689
   -7.5000  -37.5000   -7.5000 2615.2830   17.2526
    0.0000  -37.5000   -7.5000 2623.7102   17.0835
    7.5000  -37.5000   -7.5000 2620.6790   17.2120
   -7.5000  -30.0000   -7.5000 2666.9336   16.3188
    0.0000  -30.0000   -7.5000 2677.7419   16.1259
    7.5000  -30.0000   -7.5000 2671.8784   16.1812
   -7.5000  -22.5000   -7.5000 2709.2131   15.4665
    0.0000  -22.5000   -7.5000 2722.0132   15.3052
    7.5000  -22.5000   -7.5000 2719.8542   15.3518
   -7.5000  -15.0000   -7.5000 2736.1682   14.8126
    0.0000  -15.0000   -7.5000 2758.3459   14.6402
    7.5000  -15.0000   -7.5000 2761.5947   14.6882
   -7.5000   -7.5000   -7.5000 2776.3430   14.3039
    0.0000   -7.5000   -7.5000 2799.3640   14.1351
    7.5000   -7.5000   -7.5000 2803.8279   14.1736
   -7.5000    0.0000   -7.5000 2814.8066   13.9976
    0.0000    0.0000   -7.5000 2842.6218   13.8671
    7.5000    0.0000   -7.5000 2847.2861   13.8668
   -7.5000    7.5000   -7.5000 2838.0576   13.8682
    0.0000    7.5000   -7.5000 2874.9619   13.7661
    7.5000    7.5000   -7.5000 2878.8057   13.7255
   -7.5000   15.0000   -7.5000 2848.5774   13.8617
    0.0000   15.0000   -7.5000 2893.9409   13.6910
    7.5000   15.0000   -7.5000 2891.5918   13.6900
   -7.5000   22.5000   -7.5000 2850.7805   14.0951
    0.0000   22.5000   -7.5000 2884.9143   13.7836
    7.5000   22.5000   -7.5000 2871.6292   13.7977
   -7.5000   30.0000   -7.5000 2813.3965   14.5709
    0.0000   30.0000   -7.5000 2838.5168   14.2942
    7.5000   30.0000   -7.5000 2825.9431   14.2503
   -7.5000   37.5000   -7.5000 2748.2656   15.1640
    0.0000   37.5000   -7.5000 2786.0435   14.9309
    7.5000   37.5000   -7.5000 2775.2688   14.9199
   -7.5000   45.0000   -7.5000 2659.8640   16.0389
    0.0000   45.0000   -7.5000 2697.2236   15.7953
    7.5000   45.0000   -7.5000 2690.9849   15.8296
   -7.5000  -45.0000    0.0000 2613.1057   17.8400
    0.0000  -45.0000    0.0000 2624.3269   17.5553
    7.5000  -45.0000    0.0000 2624.9265   17.8315
   -7.5000  -37.5000    0.0000 2654.4551   16.6918
    0.0000  -37.5000    0.0000 2662.4639   16.4597
    7.5000  -37.5000    0.0000 2659.9182   16.6607
   -7.5000  -30.0000    0.0000 2694.9307   15.7800
    0.0000  -30.0000    0.0000 2707.4873   15.5601
    7.5000  -30.0000    0.0000 2704.0330   15.7241
   -7.5000  -22.5000    0.0000 2728.7473   14.9683
    0.0000  -22.5000    0.0000 2742.3733   14.7634
    7.5000  -22.5000    0.0000 2742.9365   14.8972
   -7.5000  -15.0000    0.0000 2758.0864   14.3035
    0.0000  -15.0000    0.0000 2782.3782   14.0913
    7.5000  -15.0000    0.0000 2782.0549   14.2157
   -7.5000   -7.5000    0.0000 2803.8235   13.7714
    0.0000   -7.5000    0.0000 2824.2026   13.5585
    7.5000   -7.5000    0.0000 2822.9097   13.7017
   -7.5000    0.0000    0.0000 2851.0649   13.4977
    0.0000    0.0000    0.0000 2871.8872   13.3450
    7.5000    0.0000    0.0000 2874.4717   13.4287
   -7.5000    7.5000    0.0000 2882.9814   13.4961
    0.0000    7.5000    0.0000 2920.0437   13.4115
    7.5000    7.5000    0.0000 2919.9543   13.4312
   -7.5000   15.0000    0.0000 2897.6565   13.6517
    0.0000   15.0000    0.0000 2946.9119   13.6005
    7.5000   15.0000    0.0000 2939.2668   13.5592
   -7.5000   22.5000    0.0000 2892.4219   13.8589
    0.0000   22.5000    0.0000 2946.0098   13.6693
    7.5000   22.5000    0.0000 2924.8418   13.6986
   -7.5000   30.0000    0.0000 2853.6985   14.1679
    0.0000   30.0000    0.0000 2889.6841   13.9511
    7.5000   30.0000    0.0000 2865.3679   13.9525
   -7.5000   37.5000    0.0000 2784.8132   14.7124
    0.0000   37.5000    0.0000 2821.5188   14.4979
    7.5000   37.5000    0.0000 2801.8022   14.5186
   -7.5000   45.0000    0.0000 2692.8115   15.5854
    0.0000   45.0000    0.0000 2725.5288   15.3431
    7.5000   45.0000    0.0000 2717.5984   15.4118
   -7.5000  -45.0000    7.5000 2643.9507   17.1867
    0.0000  -45.0000    7.5000 2663.7957   16.9663
    7.5000  -45.0000    7.5000 2658.3467   17.3912
   -7.5000  -37.5000    7.5000 2687.9475   16.1686
    0.0000  -37.5000    7.5000 2703.2825   15.9316
    7.5000  -37.5000    7.5000 2691.7285   16.2776
   -7.5000  -30.0000    7.5000 2720.7307   15.2712
    0.0000  -30.0000    7.5000 2733.2212   15.0356
    7.5000  -30.0000    7.5000 2725.2886   15.3260
   -7.5000  -22.5000    7.5000 2746.0127   14.5593
    0.0000  -22.5000    7.5000 2758.3826   14.2898
    7.5000  -22.5000    7.5000 2759.3982   14.5295
   -7.5000  -15.0000    7.5000 2774.8445   13.9430
    0.0000  -15.0000    7.5000 2792.1306   13.6995
    7.5000  -15.0000    7.5000 2790.7842   13.9094
   -7.5000   -7.5000    7.5000 2822.0117   13.4623
    0.0000   -7.5000    7.5000 2835.6936   13.2352
    7.5000   -7.5000    7.5000 2832.2161   13.4298
   -7.5000    0.0000    7.5000 2867.0708   13.2594
    0.0000    0.0000    7.5000 2889.8147   13.0733
    7.5000    0.0000    7.5000 2882.7219   13.2497
   -7.5000    7.5000    7.5000 2908.0981   13.3912
    0.0000    7.5000    7.5000 2947.0310   13.3125
    7.5000    7.5000    7.5000 2933.4634   13.4254
   -7.5000   15.0000    7.5000 2933.8149   13.6191
    0.0000   15.0000    7.5000 2991.0066   13.6662
    7.5000   15.0000    7.5000 2964.3328   13.6917
   -7.5000   22.5000    7.5000 2921.1128   13.8581
    0.0000   22.5000    7.5000 2984.5857   13.8054
    7.5000   22.5000    7.5000 2948.4912   13.8345
   -7.5000   30.0000    7.5000 2878.7473   14.1052
    0.0000   30.0000    7.5000 2917.2410   13.9332
    7.5000   30.0000    7.5000 2888.8765   13.9918
   -7.5000   37.5000    7.5000 2802.9363   14.5924
    0.0000   37.5000    7.5000 2836.2297   14.3664
    7.5000   37.5000    7.5000 2818.4751   14.4605
   -7.5000   45.0000    7.5000 2703.6265   15.4693
    0.0000   45.0000    7.5000 2729.6960   15.2304
    7.5000   45.0000    7.5000 2723.7429   15.3121
   -7.5000  -45.0000   15.0000 2671.0881   16.7096
    0.0000  -45.0000   15.0000 2695.8682   16.6096
    7.5000  -45.0000   15.0000 2681.6206   17.1116
   -7.5000  -37.5000   15.0000 2716.3689   15.7790
    0.0000  -37.5000   15.0000 2733.5962   15.6170
    7.5000  -37.5000   15.0000 2714.7415   16.0269
   -7.5000  -30.0000   15.0000 2737.0815   14.9356
    0.0000  -30.0000   15.0000 2747.4392   14.7504
    7.5000  -30.0000   15.0000 2735.9180   15.1056
   -7.5000  -22.5000   15.0000 2759.3579   14.3047
    0.0000  -22.5000   15.0000 2767.9272   14.0826
    7.5000  -22.5000   15.0000 2758.9714   14.3883
   -7.5000  -15.0000   15.0000 2784.9910   13.7741
    0.0000  -15.0000   15.0000 2798.0330   13.5551
    7.5000  -15.0000   15.0000 2783.8853   13.8507
   -7.5000   -7.5000   15.0000 2825.2205   13.4126
    0.0000   -7.5000   15.0000 2842.2727   13.1999
    7.5000   -7.5000   15.0000 2826.4688   13.4854
   -7.5000    0.0000   15.0000 2868.0662   13.3076
    0.0000    0.0000   15.0000 2889.7065   13.1427
    7.5000    0.0000   15.0000 2874.6772   13.4051
   -7.5000    7.5000   15.0000 2915.4319   13.4405
    0.0000    7.5000   15.0000 2950.6960   13.3480
    7.5000    7.5000   15.0000 2923.8738   13.5207
   -7.5000   15.0000   15.0000 2934.0442   13.6075
    0.0000   15.0000   15.0000 2990.3193   13.5783
    7.5000   15.0000   15.0000 2950.2830   13.6922
   -7.5000   22.5000   15.0000 2924.5754   13.8421
    0.0000   22.5000   15.0000 2976.1060   13.6414
    7.5000   22.5000   15.0000 2935.9556   13.8419
   -7.5000   30.0000   15.0000 2875.0413   14.2294
    0.0000   30.0000   15.0000 2907.9438   13.9737
    7.5000   30.0000   15.0000 2883.0645   14.1073
   -7.5000   37.5000   15.0000 2791.5383   14.8321
    0.0000   37.5000   15.0000 2824.5962   14.6118
    7.5000   37.5000   15.0000 2812.5969   14.6839
   -7.5000   45.0000   15.0000 2690.3694   15.7278
    0.0000   45.0000   15.0000 2713.4856   15.5195
    7.5000   45.0000   15.0000 2707.9734   15.5789
   -7.5000  -45.0000   22.5000 2695.9968   16.5289
    0.0000  -45.0000   22.5000 2717.7947   16.4771
    7.5000  -45.0000   22.5000 2695.0203   16.9860
   -7.5000  -37.5000   22.5000 2735.1304   15.6876
    0.0000  -37.5000   22.5000 2752.0078   15.5506
    7.5000  -37.5000   22.5000 2727.5813   15.9694
   -7.5000  -30.0000   22.5000 2751.9573   14.8949
    0.0000  -30.0000   22.5000 2761.5471   14.7509
    7.5000  -30.0000   22.5000 2745.2795   15.1350
   -7.5000  -22.5000   22.5000 2766.4834   14.3227
    0.0000  -22.5000   22.5000 2780.1326   14.1553
    7.5000  -22.5000   22.5000 2763.3467   14.5291
   -7.5000  -15.0000   22.5000 2786.0623   13.9000
    0.0000  -15.0000   22.5000 2802.1667   13.7458
    7.5000  -15.0000   22.5000 2785.2214   14.1047
   -7.5000   -7.5000   22.5000 2815.8782   13.6073
    0.0000   -7.5000   22.5000 2835.0696   13.4465
    7.5000   -7.5000   22.5000 2820.6885   13.8137
   -7.5000    0.0000   22.5000 2848.5286   13.5568
    0.0000    0.0000   22.5000 2877.7092   13.3992
    7.5000    0.0000   22.5000 2861.7363   13.7202
   -7.5000    7.5000   22.5000 2893.8499   13.6676
    0.0000    7.5000   22.5000 2925.0483   13.5483
    7.5000    7.5000   22.5000 2899.0940   13.7887
   -7.5000   15.0000   22.5000 2898.6787   13.8239
    0.0000   15.0000   22.5000 2943.1570   13.6626
    7.5000   15.0000   22.5000 2912.2856   13.9107
   -7.5000   22.5000   22.5000 2883.0410   14.1084
    0.0000   22.5000   22.5000 2920.4636   13.7972
    7.5000   22.5000   22.5000 2897.7913   14.0551
   -7.5000   30.0000   22.5000 2841.0159   14.5620
    0.0000   30.0000   22.5000 2870.0269   14.3275
    7.5000   30.0000   22.5000 2849.1453   14.4542
   -7.5000   37.5000   22.5000 2766.4351   15.2721
    0.0000   37.5000   22.5000 2792.6855   15.0573
    7.5000   37.5000   22.5000 2779.8411   15.1364
   -7.5000   45.0000   22.5000 2661.7207   16.2200
    0.0000   45.0000   22.5000 2681.0015   15.9933
    7.5000   45.0000   22.5000 2674.7810   16.0731
   -7.5000  -45.0000   30.0000 2702.6882   16.5847
    0.0000  -45.0000   30.0000 2713.7971   16.5698
    7.5000  -45.0000   30.0000 2685.0803   17.1252
   -7.5000  -37.5000   30.0000 2734.7195   15.7669
    0.0000  -37.5000   30.0000 2743.4607   15.6998
    7.5000  -37.5000   30.0000 2718.2415   16.1864
   -7.5000  -30.0000   30.0000 2747.0759   15.0738
    0.0000  -30.0000   30.0000 2758.5330   14.9896
    7.5000  -30.0000   30.0000 2739.2937   15.4192
   -7.5000  -22.5000   30.0000 2758.0112   14.5985
    0.0000  -22.5000   30.0000 2775.2266   14.4751
    7.5000  -22.5000   30.0000 2756.8184   14.8760
   -7.5000  -15.0000   30.0000 2773.7974   14.2159
    0.0000  -15.0000   30.0000 2796.5796   14.0865
    7.5000  -15.0000   30.0000 2777.7073   14.5019
   -7.5000   -7.5000   30.0000 2797.9495   14.0238
    0.0000   -7.5000   30.0000 2820.9233   13.8465
    7.5000   -7.5000   30.0000 2803.6394   14.2366
   -7.5000    0.0000   30.0000 2825.2908   13.9939
    0.0000    0.0000   30.0000 2852.6206   13.8194
    7.5000    0.0000   30.0000 2836.1006   14.1408
   -7.5000    7.5000   30.0000 2853.8381   14.1037
    0.0000    7.5000   30.0000 2882.5986   13.9105
    7.5000    7.5000   30.0000 2862.5552   14.1881
   -7.5000   15.0000   30.0000 2848.2126   14.2578
    0.0000   15.0000   30.0000 2882.9631   14.0133
    7.5000   15.0000   30.0000 2865.2727   14.2926
   -7.5000   22.5000   30.0000 2826.8379   14.5811
    0.0000   22.5000   30.0000 2854.6096   14.3046
    7.5000   22.5000   30.0000 2840.3152   14.5127
   -7.5000   30.0000   30.0000 2781.3618   15.1325
    0.0000   30.0000   30.0000 2809.8313   14.8862
    7.5000   30.0000   30.0000 2796.8167   15.0154
   -7.5000   37.5000   30.0000 2714.3630   15.8955
    0.0000   37.5000   30.0000 2734.2686   15.6571
    7.5000   37.5000   30.0000 2725.2429   15.7558
   -7.5000   45.0000   30.0000 2612.6499   16.8862
    0.0000   45.0000   30.0000 2633.5083   16.6171
    7.5000   45.0000   30.0000 2627.1848   16.7097
   -7.5000  -45.0000   37.5000 2687.5032   16.9472
    0.0000  -45.0000   37.5000 2690.8479   16.9291
    7.5000  -45.0000   37.5000 2659.3188   17.4942
   -7.5000  -37.5000   37.5000 2715.1104   16.1057
    0.0000  -37.5000   37.5000 2723.4524   16.1013
    7.5000  -37.5000   37.5000 2692.6501   16.6162
   -7.5000  -30.0000   37.5000 2725.4026   15.4677
    0.0000  -30.0000   37.5000 2741.5742   15.4179
    7.5000  -30.0000   37.5000 2718.5303   15.8793
   -7.5000  -22.5000   37.5000 2737.9260   14.9713
    0.0000  -22.5000   37.5000 2758.3501   14.9042
    7.5000  -22.5000   37.5000 2734.6377   15.3166
   -7.5000  -15.0000   37.5000 2759.4082   14.6437
    0.0000  -15.0000   37.5000 2781.4304   14.5622
    7.5000  -15.0000   37.5000 2755.4951   14.9686
   -7.5000   -7.5000   37.5000 2777.7197   14.5154
    0.0000   -7.5000   37.5000 2804.0916   14.3770
    7.5000   -7.5000   37.5000 2774.2864   14.7400
   -7.5000    0.0000   37.5000 2790.1023   14.5366
    0.0000    0.0000   37.5000 2822.7827   14.3911
    7.5000    0.0000   37.5000 2794.9773   14.7043
   -7.5000    7.5000   37.5000 2800.1934   14.6709
    0.0000    7.5000   37.5000 2832.9497   14.4572
    7.5000    7.5000   37.5000 2805.6855   14.7305
   -7.5000   15.0000   37.5000 2791.8547   14.8532
    0.0000   15.0000   37.5000 2822.2583   14.6007
    7.5000   15.0000   37.5000 2802.0171   14.8659
   -7.5000   22.5000   37.5000 2766.9268   15.1923
    0.0000   22.5000   37.5000 2787.3215   14.9548
    7.5000   22.5000   37.5000 2776.9019   15.1902
   -7.5000   30.0000   37.5000 2716.0183   15.8503
    0.0000   30.0000   37.5000 2737.3677   15.6273
    7.5000   30.0000   37.5000 2728.7290   15.7693
   -7.5000   37.5000   37.5000 2649.8184   16.6556
    0.0000   37.5000   37.5000 2667.7805   16.4223
    7.5000   37.5000   37.5000 2661.9348   16.5414
   -7.5000   45.0000   37.5000 2557.9409   17.6311
    0.0000   45.0000   37.5000 2580.0413   17.3639
    7.5000   45.0000   37.5000 2572.2004   17.4707
   -7.5000  -45.0000   45.0000 2642.4099   17.5667
    0.0000  -45.0000   45.0000 2649.0527   17.5973
    7.5000  -45.0000   45.0000 2619.0671   18.1251
   -7.5000  -37.5000   45.0000 2667.6465   16.7158
    0.0000  -37.5000   45.0000 2678.4753   16.7270
    7.5000  -37.5000   45.0000 2651.1870   17.1858
   -7.5000  -30.0000   45.0000 2680.6982   16.0350
    0.0000  -30.0000   45.0000 2697.4219   16.0258
    7.5000  -30.0000   45.0000 2673.3184   16.4534
   -7.5000  -22.5000   45.0000 2703.9856   15.5349
    0.0000  -22.5000   45.0000 2717.5483   15.5077
    7.5000  -22.5000   45.0000 2694.1689   15.8996
   -7.5000  -15.0000   45.0000 2728.9993   15.2341
    0.0000  -15.0000   45.0000 2746.7778   15.1721
    7.5000  -15.0000   45.0000 2716.9011   15.5487
   -7.5000   -7.5000   45.0000 2739.2607   15.1281
    0.0000   -7.5000   45.0000 2765.6458   15.0230
    7.5000   -7.5000   45.0000 2731.4343   15.3827
   -7.5000    0.0000   45.0000 2736.2048   15.1744
    0.0000    0.0000   45.0000 2770.6323   15.0648
    7.5000    0.0000   45.0000 2737.3152   15.3813
   -7.5000    7.5000   45.0000 2732.0840   15.3554
    0.0000    7.5000   45.0000 2763.1926   15.1875
    7.5000    7.5000   45.0000 2736.2273   15.4449
   -7.5000   15.0000   45.0000 2722.4216   15.6358
    0.0000   15.0000   45.0000 2747.2537   15.4417
    7.5000   15.0000   45.0000 2724.1499   15.6375
   -7.5000   22.5000   45.0000 2695.3088   16.0480
    0.0000   22.5000   45.0000 2709.3713   15.8623
    7.5000   22.5000   45.0000 2693.6609   16.0536
   -7.5000   30.0000   45.0000 2642.0117   16.7016
    0.0000   30.0000   45.0000 2663.8691   16.5137
    7.5000   30.0000   45.0000 2648.5964   16.6657
   -7.5000   37.5000   45.0000 2574.6521   17.5153
    0.0000   37.5000   45.0000 2596.0056   17.3145
    7.5000   37.5000   45.0000 2584.5212   17.4738
   -7.5000   45.0000   45.0000 2490.8701   18.4974
    0.0000   45.0000   45.0000 2512.1355   18.2741
    7.5000   45.0000   45.0000 2500.9214   18.3947

---------------------------------------------------------------------
imgreg_4dfp /Applications/freesurfer/7.4.1/average/711-2C_as_mni_average_305 /Applications/freesurfer/7.4.1/average/711-2B_as_mni_average_305_mask talsrcimg_g11 none talsrcimg_to_711-2C_as_mni_average_305_t4 1283
---------------------------------------------------------------------

freesurfer imgreg_4dfp.c
/Applications/freesurfer/7.4.1/average/711-2C_as_mni_average_305.4dfp.img
       256       256       256         1
  1.000000  1.000000  1.000000
orientation T byte_order littleendian
Reading image: /Applications/freesurfer/7.4.1/average/711-2C_as_mni_average_305.4dfp.img
dimensions:      256       256       256
mmppix:       1.0000   -1.0000   -1.0000
center:     128.0000 -129.0000 -129.0000
/Applications/freesurfer/7.4.1/average/711-2B_as_mni_average_305_mask.4dfp.img
       256       256       256         1
  1.000000  1.000000  1.000000
orientation T byte_order littleendian
Reading mask: /Applications/freesurfer/7.4.1/average/711-2B_as_mni_average_305_mask.4dfp.img (2306576 pixels)
talsrcimg_g11.4dfp.img
       256       256       256         1
  1.000000  1.000000  1.000000
orientation T byte_order littleendian
Reading image: talsrcimg_g11.4dfp.img
dimensions:      256       256       256
mmppix:       1.0000   -1.0000   -1.0000
center:     128.0000 -129.0000 -129.0000
rotation matrix determinant  1.000000
fimgreg.f
image alignment mode   1283 decimal      503 hex
parameters
    0.0000   15.0000    7.5000    0.0000    0.0000    0.0000
eta,q 0.93845 13.64929
niter,ni,del,rscale     5    3   12.0000    1.2000
parameter  5 -0.588968 -> -0.500000 qaram    1.1500
parameters
    1.8537   17.7057    8.8413   -2.4433    3.4500   -2.0493
eta,q 0.94771 13.51331
  0.0804  0.0696  0.0665  0.0572  0.0707  0.0546
  0.0748  0.0652  0.0619  0.0559  0.0638  0.0529
  0.0676  0.0626  0.0584  0.0551  0.0584  0.0523
  0.0611  0.0598  0.0566  0.0561  0.0551  0.0526
  0.0602  0.0573  0.0560  0.0583  0.0531  0.0547
  0.0630  0.0572  0.0576  0.0621  0.0527  0.0579
  0.0676  0.0608  0.0605  0.0662  0.0537  0.0599
niter,ni,del,rscale     5    3   12.0000    1.2000
parameter  4  0.546947 ->  0.500000 qaram    1.1500
parameters
    0.5698   18.7462    8.5062   -5.8933    5.6650   -3.2359
eta,q 0.95232 13.59623
  0.0626  0.0617  0.0575  0.0496  0.0652  0.0514
  0.0534  0.0579  0.0539  0.0495  0.0585  0.0488
  0.0500  0.0538  0.0510  0.0487  0.0526  0.0476
  0.0523  0.0506  0.0501  0.0500  0.0492  0.0481
  0.0562  0.0501  0.0515  0.0523  0.0481  0.0498
  0.0654  0.0520  0.0552  0.0545  0.0490  0.0519
  0.0764  0.0574  0.0595  0.0581  0.0532  0.0543
niter,ni,del,rscale     5    3   12.0000    1.2000
parameters
   -0.4946   20.2445    7.8251   -9.0943    5.7401   -2.8577
eta,q 0.95567 13.66719
  0.0620  0.0630  0.0525  0.0453  0.0580  0.0513
  0.0512  0.0570  0.0490  0.0439  0.0500  0.0470
  0.0463  0.0508  0.0462  0.0443  0.0447  0.0444
  0.0477  0.0467  0.0449  0.0451  0.0442  0.0442
  0.0525  0.0447  0.0466  0.0470  0.0468  0.0450
  0.0635  0.0469  0.0515  0.0508  0.0503  0.0464
  0.0753  0.0535  0.0579  0.0561  0.0562  0.0490
niter,ni,del,rscale     4    3   12.0000    1.2000
parameters
   -0.5401   20.5940    7.2669   -9.2182    5.7148   -2.8570
eta,q 0.95618 13.68310
  0.0658  0.0588  0.0512  0.0498  0.0574  0.0499
  0.0547  0.0533  0.0469  0.0459  0.0495  0.0456
  0.0455  0.0475  0.0443  0.0434  0.0444  0.0435
  0.0443  0.0443  0.0441  0.0439  0.0438  0.0438
  0.0467  0.0442  0.0460  0.0447  0.0468  0.0447
  0.0539  0.0487  0.0492  0.0464  0.0503  0.0463
  0.0669  0.0578  0.0540  0.0497  0.0564  0.0491
niter,ni,del,rscale     3    3   12.0000    1.2000
parameters
   -0.4913   20.5505    7.2230   -9.2417    5.6797   -2.8760
eta,q 0.95618 13.67855
  0.0660  0.0574  0.0527  0.0499  0.0574  0.0500
  0.0551  0.0517  0.0479  0.0461  0.0495  0.0456
  0.0454  0.0462  0.0447  0.0434  0.0444  0.0435
  0.0438  0.0439  0.0439  0.0439  0.0438  0.0438
  0.0460  0.0446  0.0454  0.0447  0.0468  0.0447
  0.0529  0.0502  0.0483  0.0463  0.0504  0.0464
  0.0661  0.0596  0.0525  0.0495  0.0565  0.0491
registration optimization eta report
parameter search radius
    6.0000    6.0000    6.0000    6.9000    6.9000    6.0000
100000*second partial in parameter space
       63.       41.       24.       13.       27.       16.
  0.0660  0.0574  0.0527  0.0499  0.0574  0.0500
  0.0551  0.0517  0.0479  0.0461  0.0495  0.0456
  0.0454  0.0462  0.0447  0.0434  0.0444  0.0435
  0.0438  0.0439  0.0439  0.0439  0.0438  0.0438
  0.0460  0.0446  0.0454  0.0447  0.0468  0.0447
  0.0529  0.0502  0.0483  0.0463  0.0504  0.0464
  0.0661  0.0596  0.0525  0.0495  0.0565  0.0491
   -0.4913   20.5505    7.2230   -9.2417    5.6797   -2.8760
eta,q 0.95618 13.67855

---------------------------------------------------------------------
imgreg_4dfp /Applications/freesurfer/7.4.1/average/711-2C_as_mni_average_305 /Applications/freesurfer/7.4.1/average/711-2B_as_mni_average_305_mask talsrcimg_g11 none talsrcimg_to_711-2C_as_mni_average_305_t4 3335
---------------------------------------------------------------------

freesurfer imgreg_4dfp.c
/Applications/freesurfer/7.4.1/average/711-2C_as_mni_average_305.4dfp.img
       256       256       256         1
  1.000000  1.000000  1.000000
orientation T byte_order littleendian
Reading image: /Applications/freesurfer/7.4.1/average/711-2C_as_mni_average_305.4dfp.img
dimensions:      256       256       256
mmppix:       1.0000   -1.0000   -1.0000
center:     128.0000 -129.0000 -129.0000
/Applications/freesurfer/7.4.1/average/711-2B_as_mni_average_305_mask.4dfp.img
       256       256       256         1
  1.000000  1.000000  1.000000
orientation T byte_order littleendian
Reading mask: /Applications/freesurfer/7.4.1/average/711-2B_as_mni_average_305_mask.4dfp.img (2306576 pixels)
talsrcimg_g11.4dfp.img
       256       256       256         1
  1.000000  1.000000  1.000000
orientation T byte_order littleendian
Reading image: talsrcimg_g11.4dfp.img
dimensions:      256       256       256
mmppix:       1.0000   -1.0000   -1.0000
center:     128.0000 -129.0000 -129.0000
fimgreg.f
image alignment mode   3335 decimal      D07 hex
parameters
   -0.4913   20.5505    7.2230   -0.6163   -1.5021   -1.7826
    6.5397   -8.9501   -4.9928   16.5299    9.8967  -15.9812
eta,q 0.95767 13.77717
niter,ni,del,rscale     5    3    5.0000    1.2000
parameter  4  1.273685 ->  0.500000 qaram    1.1500
parameter  5  2.834129 ->  0.500000 qaram    1.1500
parameters
   -0.6177   21.4425    7.5668   -4.7563   -5.6421   -2.1528
    6.1876   -8.6794   -2.7300   13.7833    9.1065  -19.5021
eta,q 0.96689 13.55779
  0.0456  0.0461  0.0441  0.0376  0.0320  0.0372  0.0368  0.0403  0.0373  0.0350  0.0344  0.0335
  0.0439  0.0445  0.0431  0.0378  0.0338  0.0357  0.0353  0.0373  0.0359  0.0338  0.0338  0.0332
  0.0428  0.0432  0.0424  0.0392  0.0359  0.0347  0.0345  0.0353  0.0349  0.0335  0.0335  0.0331
  0.0423  0.0424  0.0420  0.0420  0.0381  0.0343  0.0343  0.0343  0.0343  0.0341  0.0335  0.0334
  0.0427  0.0420  0.0420  0.0455  0.0406  0.0346  0.0347  0.0347  0.0341  0.0355  0.0337  0.0341
  0.0442  0.0422  0.0424  0.0490  0.0435  0.0357  0.0357  0.0366  0.0343  0.0373  0.0342  0.0350
  0.0467  0.0430  0.0432  0.0526  0.0467  0.0383  0.0373  0.0396  0.0350  0.0394  0.0350  0.0360
niter,ni,del,rscale     6    3    5.0000    1.2000
parameter  5  1.151338 ->  0.500000 qaram    1.3225
parameters
   -0.6916   21.5800    7.5385   -7.6200  -10.4031   -0.9404
    5.9581   -8.6847   -3.0874   15.1818    9.6024  -20.6811
eta,q 0.97045 13.28419
  0.0375  0.0362  0.0350  0.0349  0.0294  0.0337  0.0327  0.0350  0.0320  0.0351  0.0311  0.0307
  0.0349  0.0346  0.0339  0.0334  0.0296  0.0319  0.0310  0.0323  0.0307  0.0326  0.0304  0.0300
  0.0335  0.0335  0.0333  0.0327  0.0308  0.0306  0.0300  0.0304  0.0299  0.0307  0.0299  0.0296
  0.0331  0.0331  0.0331  0.0331  0.0327  0.0298  0.0297  0.0297  0.0297  0.0297  0.0296  0.0296
  0.0338  0.0333  0.0333  0.0351  0.0352  0.0298  0.0301  0.0303  0.0301  0.0298  0.0297  0.0301
  0.0355  0.0341  0.0340  0.0384  0.0381  0.0305  0.0313  0.0322  0.0311  0.0306  0.0301  0.0307
  0.0379  0.0356  0.0351  0.0421  0.0413  0.0318  0.0331  0.0351  0.0325  0.0321  0.0308  0.0317
niter,ni,del,rscale     6    3    5.0000    1.2000
parameters
   -0.7735   21.6030    7.7147   -7.6729  -14.0512   -0.4789
    6.0737   -8.7277   -3.3662   15.6899    9.4709  -21.6385
eta,q 0.97122 13.10186
  0.0337  0.0328  0.0320  0.0342  0.0308  0.0323  0.0321  0.0339  0.0311  0.0327  0.0301  0.0300
  0.0313  0.0311  0.0307  0.0322  0.0294  0.0306  0.0304  0.0312  0.0298  0.0307  0.0294  0.0292
  0.0299  0.0300  0.0299  0.0305  0.0289  0.0295  0.0292  0.0295  0.0290  0.0293  0.0290  0.0288
  0.0296  0.0295  0.0295  0.0295  0.0295  0.0289  0.0288  0.0288  0.0288  0.0288  0.0288  0.0288
  0.0302  0.0299  0.0297  0.0297  0.0314  0.0290  0.0291  0.0294  0.0292  0.0291  0.0290  0.0292
  0.0318  0.0310  0.0303  0.0317  0.0342  0.0299  0.0302  0.0313  0.0301  0.0301  0.0294  0.0299
  0.0343  0.0327  0.0314  0.0350  0.0375  0.0317  0.0320  0.0340  0.0314  0.0317  0.0302  0.0307
niter,ni,del,rscale     5    3    5.0000    1.2000
parameters
   -0.7815   21.8557    7.8210   -7.4991  -14.6858   -0.4092
    6.1500   -8.7104   -3.4095   16.0638    9.3542  -21.9721
eta,q 0.97128 13.08800
  0.0331  0.0326  0.0310  0.0335  0.0325  0.0319  0.0320  0.0338  0.0310  0.0323  0.0300  0.0302
  0.0307  0.0307  0.0299  0.0315  0.0306  0.0303  0.0303  0.0312  0.0298  0.0304  0.0293  0.0293
  0.0292  0.0294  0.0291  0.0298  0.0293  0.0292  0.0291  0.0294  0.0290  0.0292  0.0289  0.0288
  0.0288  0.0288  0.0287  0.0287  0.0287  0.0287  0.0287  0.0287  0.0287  0.0287  0.0287  0.0287
  0.0293  0.0289  0.0289  0.0288  0.0294  0.0291  0.0291  0.0293  0.0291  0.0290  0.0289  0.0290
  0.0308  0.0298  0.0296  0.0306  0.0313  0.0301  0.0301  0.0311  0.0298  0.0300  0.0293  0.0296
  0.0331  0.0313  0.0307  0.0337  0.0339  0.0319  0.0319  0.0338  0.0310  0.0316  0.0301  0.0304
niter,ni,del,rscale     4    3    5.0000    1.2000
parameters
   -0.7724   21.9662    7.7914   -7.4776  -14.8940   -0.4059
    6.1776   -8.6780   -3.4230   16.2647    9.3194  -22.1760
eta,q 0.97129 13.08444
  0.0331  0.0321  0.0308  0.0333  0.0328  0.0319  0.0319  0.0338  0.0310  0.0321  0.0300  0.0303
  0.0307  0.0303  0.0296  0.0313  0.0308  0.0303  0.0302  0.0312  0.0298  0.0302  0.0293  0.0293
  0.0292  0.0292  0.0289  0.0297  0.0294  0.0292  0.0291  0.0294  0.0290  0.0292  0.0289  0.0288
  0.0287  0.0287  0.0287  0.0287  0.0287  0.0287  0.0287  0.0287  0.0287  0.0287  0.0287  0.0287
  0.0292  0.0290  0.0290  0.0288  0.0292  0.0291  0.0291  0.0293  0.0290  0.0290  0.0289  0.0289
  0.0307  0.0300  0.0297  0.0308  0.0309  0.0301  0.0302  0.0311  0.0298  0.0300  0.0293  0.0295
  0.0330  0.0316  0.0309  0.0339  0.0334  0.0320  0.0319  0.0337  0.0310  0.0317  0.0300  0.0304
niter,ni,del,rscale     3    3    5.0000    1.2000
parameters
   -0.7602   22.0178    7.7632   -7.4732  -14.9942   -0.4052
    6.1906   -8.6536   -3.4386   16.3745    9.2876  -22.2843
eta,q 0.97128 13.08294
  0.0331  0.0320  0.0308  0.0333  0.0329  0.0318  0.0319  0.0337  0.0310  0.0320  0.0300  0.0303
  0.0307  0.0302  0.0296  0.0313  0.0308  0.0302  0.0302  0.0312  0.0298  0.0302  0.0293  0.0294
  0.0292  0.0291  0.0290  0.0297  0.0294  0.0292  0.0291  0.0294  0.0290  0.0291  0.0289  0.0288
  0.0287  0.0287  0.0287  0.0287  0.0287  0.0287  0.0287  0.0287  0.0287  0.0287  0.0287  0.0287
  0.0292  0.0290  0.0290  0.0289  0.0291  0.0291  0.0291  0.0293  0.0290  0.0290  0.0289  0.0289
  0.0306  0.0301  0.0297  0.0308  0.0308  0.0301  0.0302  0.0311  0.0298  0.0301  0.0293  0.0295
  0.0330  0.0317  0.0309  0.0339  0.0333  0.0319  0.0319  0.0337  0.0310  0.0318  0.0300  0.0303
niter,ni,del,rscale     2    3    5.0000    1.2000
parameters
   -0.7515   22.0457    7.7494   -7.4746  -15.0503   -0.4037
    6.1951   -8.6387   -3.4477   16.4330    9.2729  -22.3451
eta,q 0.97129 13.08174
  0.0331  0.0319  0.0308  0.0333  0.0330  0.0318  0.0319  0.0337  0.0310  0.0319  0.0300  0.0303
  0.0306  0.0302  0.0297  0.0313  0.0308  0.0302  0.0302  0.0311  0.0298  0.0302  0.0293  0.0294
  0.0292  0.0291  0.0290  0.0297  0.0294  0.0292  0.0291  0.0294  0.0290  0.0291  0.0289  0.0289
  0.0287  0.0287  0.0287  0.0287  0.0287  0.0287  0.0287  0.0287  0.0287  0.0287  0.0287  0.0287
  0.0292  0.0291  0.0289  0.0289  0.0291  0.0291  0.0291  0.0293  0.0290  0.0290  0.0289  0.0289
  0.0307  0.0301  0.0297  0.0308  0.0308  0.0301  0.0302  0.0311  0.0298  0.0301  0.0293  0.0295
  0.0330  0.0317  0.0309  0.0339  0.0333  0.0319  0.0319  0.0337  0.0310  0.0318  0.0300  0.0303
niter,ni,del,rscale     1    3    5.0000    1.2000
parameters
   -0.7465   22.0614    7.7407   -7.4717  -15.0825   -0.4062
    6.2007   -8.6322   -3.4476   16.4674    9.2653  -22.3813
eta,q 0.97128 13.08123
  0.0331  0.0319  0.0308  0.0333  0.0330  0.0318  0.0319  0.0337  0.0310  0.0319  0.0300  0.0303
  0.0306  0.0302  0.0297  0.0313  0.0309  0.0302  0.0302  0.0311  0.0298  0.0301  0.0293  0.0294
  0.0292  0.0291  0.0290  0.0297  0.0294  0.0292  0.0291  0.0294  0.0290  0.0291  0.0289  0.0289
  0.0287  0.0287  0.0287  0.0287  0.0287  0.0287  0.0287  0.0287  0.0287  0.0287  0.0287  0.0287
  0.0292  0.0291  0.0289  0.0289  0.0291  0.0291  0.0291  0.0293  0.0290  0.0290  0.0289  0.0289
  0.0307  0.0301  0.0297  0.0308  0.0308  0.0301  0.0302  0.0311  0.0298  0.0301  0.0293  0.0295
  0.0330  0.0318  0.0308  0.0339  0.0332  0.0320  0.0319  0.0337  0.0310  0.0318  0.0300  0.0303
registration optimization eta report
parameter search radius
    2.4000    2.4000    2.4000    8.2800    9.5220    7.2000
    7.2000    7.2000    7.2000    7.2000    7.2000    7.2000
100000*second partial in parameter space
       76.       54.       36.        7.        5.        6.
        6.       10.        4.        6.        2.        3.
  0.0331  0.0319  0.0308  0.0333  0.0330  0.0318  0.0319  0.0337  0.0310  0.0319  0.0300  0.0303
  0.0306  0.0302  0.0297  0.0313  0.0309  0.0302  0.0302  0.0311  0.0298  0.0301  0.0293  0.0294
  0.0292  0.0291  0.0290  0.0297  0.0294  0.0292  0.0291  0.0294  0.0290  0.0291  0.0289  0.0289
  0.0287  0.0287  0.0287  0.0287  0.0287  0.0287  0.0287  0.0287  0.0287  0.0287  0.0287  0.0287
  0.0292  0.0291  0.0289  0.0289  0.0291  0.0291  0.0291  0.0293  0.0290  0.0290  0.0289  0.0289
  0.0307  0.0301  0.0297  0.0308  0.0308  0.0301  0.0302  0.0311  0.0298  0.0301  0.0293  0.0295
  0.0330  0.0318  0.0308  0.0339  0.0332  0.0320  0.0319  0.0337  0.0310  0.0318  0.0300  0.0303
   -0.7465   22.0614    7.7407   -7.4717  -15.0825   -0.4062
    6.2007   -8.6322   -3.4476   16.4674    9.2653  -22.3813
eta,q 0.97128 13.08123

---------------------------------------------------------------------
imgreg_4dfp /Applications/freesurfer/7.4.1/average/711-2C_as_mni_average_305 /Applications/freesurfer/7.4.1/average/711-2B_as_mni_average_305_mask talsrcimg_g11 none talsrcimg_to_711-2C_as_mni_average_305_t4 2311
---------------------------------------------------------------------

freesurfer imgreg_4dfp.c
/Applications/freesurfer/7.4.1/average/711-2C_as_mni_average_305.4dfp.img
       256       256       256         1
  1.000000  1.000000  1.000000
orientation T byte_order littleendian
Reading image: /Applications/freesurfer/7.4.1/average/711-2C_as_mni_average_305.4dfp.img
dimensions:      256       256       256
mmppix:       1.0000   -1.0000   -1.0000
center:     128.0000 -129.0000 -129.0000
/Applications/freesurfer/7.4.1/average/711-2B_as_mni_average_305_mask.4dfp.img
       256       256       256         1
  1.000000  1.000000  1.000000
orientation T byte_order littleendian
Reading mask: /Applications/freesurfer/7.4.1/average/711-2B_as_mni_average_305_mask.4dfp.img (2306576 pixels)
talsrcimg_g11.4dfp.img
       256       256       256         1
  1.000000  1.000000  1.000000
orientation T byte_order littleendian
Reading image: talsrcimg_g11.4dfp.img
dimensions:      256       256       256
mmppix:       1.0000   -1.0000   -1.0000
center:     128.0000 -129.0000 -129.0000
fimgreg.f
image alignment mode   2311 decimal      907 hex
parameters
   -0.7465   22.0614    7.7407   -7.4717  -15.0825   -0.4062
    6.2007   -8.6322   -3.4476   16.4674    9.2653  -22.3813
eta,q 0.97128 13.08124
niter,ni,del,rscale     5    3    5.0000    0.8000
parameters
   -0.7602   22.0618    7.7546   -6.8227  -14.7702   -0.3109
    6.2334   -8.5960   -3.4223   16.4594    9.1925  -22.3566
eta,q 0.97140 13.14269
  0.0306  0.0301  0.0297  0.0309  0.0300  0.0301  0.0301  0.0311  0.0297  0.0300  0.0292  0.0293
  0.0295  0.0293  0.0292  0.0299  0.0293  0.0294  0.0293  0.0298  0.0291  0.0293  0.0289  0.0289
  0.0289  0.0289  0.0288  0.0292  0.0289  0.0288  0.0288  0.0289  0.0287  0.0288  0.0287  0.0287
  0.0287  0.0287  0.0287  0.0287  0.0286  0.0286  0.0286  0.0286  0.0286  0.0286  0.0286  0.0286
  0.0290  0.0289  0.0288  0.0286  0.0286  0.0288  0.0287  0.0288  0.0287  0.0287  0.0287  0.0287
  0.0296  0.0294  0.0291  0.0290  0.0290  0.0293  0.0292  0.0297  0.0291  0.0292  0.0289  0.0289
  0.0307  0.0301  0.0297  0.0301  0.0298  0.0300  0.0301  0.0310  0.0297  0.0301  0.0292  0.0293
niter,ni,del,rscale     4    3    5.0000    0.7000
parameters
   -0.7608   22.0030    7.6938   -6.7288  -14.6406   -0.2905
    6.2355   -8.5724   -3.4227   16.4288    9.1867  -22.3039
eta,q 0.97142 13.15641
  0.0302  0.0296  0.0293  0.0301  0.0296  0.0298  0.0297  0.0305  0.0295  0.0297  0.0290  0.0291
  0.0293  0.0290  0.0289  0.0294  0.0291  0.0291  0.0291  0.0295  0.0290  0.0291  0.0288  0.0288
  0.0288  0.0287  0.0287  0.0289  0.0288  0.0287  0.0287  0.0288  0.0287  0.0287  0.0286  0.0287
  0.0286  0.0286  0.0286  0.0286  0.0286  0.0286  0.0286  0.0286  0.0286  0.0286  0.0286  0.0286
  0.0288  0.0288  0.0287  0.0286  0.0286  0.0288  0.0287  0.0288  0.0287  0.0287  0.0286  0.0286
  0.0293  0.0292  0.0290  0.0291  0.0290  0.0292  0.0291  0.0294  0.0290  0.0291  0.0288  0.0288
  0.0301  0.0298  0.0294  0.0302  0.0296  0.0297  0.0297  0.0305  0.0294  0.0297  0.0290  0.0291
niter,ni,del,rscale     3    3    5.0000    0.6000
parameters
   -0.7611   21.9772    7.6917   -6.6259  -14.5520   -0.3066
    6.2396   -8.5580   -3.4135   16.4013    9.1674  -22.2448
eta,q 0.97143 13.16481
  0.0297  0.0294  0.0291  0.0297  0.0294  0.0295  0.0294  0.0300  0.0292  0.0294  0.0289  0.0290
  0.0291  0.0289  0.0288  0.0292  0.0290  0.0290  0.0289  0.0292  0.0289  0.0290  0.0287  0.0288
  0.0287  0.0287  0.0286  0.0288  0.0287  0.0287  0.0287  0.0288  0.0286  0.0287  0.0286  0.0286
  0.0286  0.0286  0.0286  0.0286  0.0286  0.0286  0.0286  0.0286  0.0286  0.0286  0.0286  0.0286
  0.0287  0.0287  0.0286  0.0286  0.0286  0.0287  0.0287  0.0287  0.0286  0.0287  0.0286  0.0286
  0.0291  0.0290  0.0288  0.0290  0.0289  0.0290  0.0289  0.0292  0.0289  0.0289  0.0287  0.0287
  0.0297  0.0294  0.0291  0.0297  0.0293  0.0294  0.0294  0.0300  0.0292  0.0294  0.0289  0.0290
niter,ni,del,rscale     2    3    5.0000    0.5000
parameters
   -0.7641   21.9599    7.6868   -6.5267  -14.4808   -0.3408
    6.2376   -8.5351   -3.4104   16.3933    9.1607  -22.2005
eta,q 0.97144 13.17143
  0.0294  0.0291  0.0289  0.0294  0.0291  0.0292  0.0291  0.0296  0.0290  0.0291  0.0288  0.0289
  0.0289  0.0288  0.0287  0.0290  0.0288  0.0289  0.0288  0.0290  0.0288  0.0288  0.0287  0.0287
  0.0287  0.0286  0.0286  0.0287  0.0286  0.0286  0.0286  0.0287  0.0286  0.0286  0.0286  0.0286
  0.0286  0.0286  0.0286  0.0286  0.0286  0.0286  0.0286  0.0286  0.0286  0.0286  0.0286  0.0286
  0.0287  0.0286  0.0286  0.0286  0.0286  0.0287  0.0286  0.0287  0.0286  0.0286  0.0286  0.0286
  0.0289  0.0288  0.0287  0.0289  0.0288  0.0289  0.0288  0.0290  0.0288  0.0288  0.0287  0.0287
  0.0294  0.0292  0.0290  0.0294  0.0291  0.0292  0.0291  0.0296  0.0290  0.0292  0.0288  0.0288
niter,ni,del,rscale     1    3    5.0000    0.4000
parameters
   -0.7659   21.9513    7.6745   -6.4285  -14.4159   -0.3657
    6.2339   -8.5232   -3.3910   16.4160    9.1347  -22.1725
eta,q 0.97144 13.17920
  0.0291  0.0289  0.0288  0.0291  0.0289  0.0290  0.0289  0.0292  0.0289  0.0289  0.0287  0.0287
  0.0288  0.0287  0.0287  0.0288  0.0287  0.0287  0.0287  0.0289  0.0287  0.0287  0.0286  0.0286
  0.0286  0.0286  0.0286  0.0287  0.0286  0.0286  0.0286  0.0286  0.0286  0.0286  0.0286  0.0286
  0.0286  0.0286  0.0286  0.0286  0.0286  0.0286  0.0286  0.0286  0.0286  0.0286  0.0286  0.0286
  0.0286  0.0286  0.0286  0.0286  0.0286  0.0286  0.0286  0.0286  0.0286  0.0286  0.0286  0.0286
  0.0288  0.0287  0.0287  0.0287  0.0287  0.0288  0.0287  0.0288  0.0287  0.0287  0.0286  0.0286
  0.0291  0.0289  0.0288  0.0291  0.0289  0.0290  0.0289  0.0292  0.0288  0.0289  0.0287  0.0287
registration optimization eta report
parameter search radius
    0.8000    0.8000    0.8000    2.4000    2.4000    2.4000
    2.4000    2.4000    2.4000    2.4000    2.4000    2.4000
100000*second partial in parameter space
       80.       59.       38.        9.        6.        7.
        6.       11.        5.        7.        3.        3.
  0.0291  0.0289  0.0288  0.0291  0.0289  0.0290  0.0289  0.0292  0.0289  0.0289  0.0287  0.0287
  0.0288  0.0287  0.0287  0.0288  0.0287  0.0287  0.0287  0.0289  0.0287  0.0287  0.0286  0.0286
  0.0286  0.0286  0.0286  0.0287  0.0286  0.0286  0.0286  0.0286  0.0286  0.0286  0.0286  0.0286
  0.0286  0.0286  0.0286  0.0286  0.0286  0.0286  0.0286  0.0286  0.0286  0.0286  0.0286  0.0286
  0.0286  0.0286  0.0286  0.0286  0.0286  0.0286  0.0286  0.0286  0.0286  0.0286  0.0286  0.0286
  0.0288  0.0287  0.0287  0.0287  0.0287  0.0288  0.0287  0.0288  0.0287  0.0287  0.0286  0.0286
  0.0291  0.0289  0.0288  0.0291  0.0289  0.0290  0.0289  0.0292  0.0288  0.0289  0.0287  0.0287
   -0.7659   21.9513    7.6745   -6.4285  -14.4159   -0.3657
    6.2339   -8.5232   -3.3910   16.4160    9.1347  -22.1725
eta,q 0.97144 13.17920

---------------------------------------------------------------------
imgreg_4dfp /Applications/freesurfer/7.4.1/average/711-2C_as_mni_average_305 /Applications/freesurfer/7.4.1/average/711-2B_as_mni_average_305_mask talsrcimg_g11 none talsrcimg_to_711-2C_as_mni_average_305_t4 2311
---------------------------------------------------------------------

freesurfer imgreg_4dfp.c
/Applications/freesurfer/7.4.1/average/711-2C_as_mni_average_305.4dfp.img
       256       256       256         1
  1.000000  1.000000  1.000000
orientation T byte_order littleendian
Reading image: /Applications/freesurfer/7.4.1/average/711-2C_as_mni_average_305.4dfp.img
dimensions:      256       256       256
mmppix:       1.0000   -1.0000   -1.0000
center:     128.0000 -129.0000 -129.0000
/Applications/freesurfer/7.4.1/average/711-2B_as_mni_average_305_mask.4dfp.img
       256       256       256         1
  1.000000  1.000000  1.000000
orientation T byte_order littleendian
Reading mask: /Applications/freesurfer/7.4.1/average/711-2B_as_mni_average_305_mask.4dfp.img (2306576 pixels)
talsrcimg_g11.4dfp.img
       256       256       256         1
  1.000000  1.000000  1.000000
orientation T byte_order littleendian
Reading image: talsrcimg_g11.4dfp.img
dimensions:      256       256       256
mmppix:       1.0000   -1.0000   -1.0000
center:     128.0000 -129.0000 -129.0000
fimgreg.f
image alignment mode   2311 decimal      907 hex
parameters
   -0.7659   21.9513    7.6745   -6.4285  -14.4159   -0.3657
    6.2339   -8.5232   -3.3910   16.4160    9.1347  -22.1725
eta,q 0.97144 13.17919
niter,ni,del,rscale     5    3    5.0000    0.8000
parameters
   -0.7498   21.9528    7.6518   -6.8018  -14.5961   -0.2858
    6.2183   -8.5746   -3.4049   16.3543    9.2400  -22.2757
eta,q 0.97141 13.15429
  0.0307  0.0300  0.0295  0.0302  0.0298  0.0301  0.0301  0.0310  0.0297  0.0300  0.0292  0.0293
  0.0295  0.0292  0.0290  0.0294  0.0292  0.0293  0.0292  0.0297  0.0291  0.0292  0.0289  0.0289
  0.0288  0.0287  0.0287  0.0288  0.0288  0.0288  0.0287  0.0289  0.0287  0.0288  0.0287  0.0287
  0.0286  0.0286  0.0286  0.0286  0.0286  0.0286  0.0286  0.0286  0.0286  0.0286  0.0286  0.0286
  0.0288  0.0287  0.0287  0.0288  0.0287  0.0288  0.0287  0.0289  0.0287  0.0287  0.0286  0.0287
  0.0295  0.0292  0.0290  0.0296  0.0292  0.0293  0.0292  0.0297  0.0291  0.0293  0.0288  0.0289
  0.0306  0.0300  0.0296  0.0311  0.0301  0.0300  0.0301  0.0311  0.0297  0.0301  0.0292  0.0294
niter,ni,del,rscale     4    3    5.0000    0.7000
parameters
   -0.7599   21.9635    7.6981   -6.7326  -14.5831   -0.2903
    6.2310   -8.5806   -3.4237   16.3587    9.2101  -22.2461
eta,q 0.97142 13.15719
  0.0301  0.0297  0.0294  0.0301  0.0296  0.0297  0.0297  0.0305  0.0294  0.0297  0.0290  0.0291
  0.0293  0.0291  0.0290  0.0294  0.0291  0.0291  0.0291  0.0295  0.0290  0.0291  0.0288  0.0288
  0.0287  0.0287  0.0287  0.0289  0.0287  0.0287  0.0287  0.0288  0.0287  0.0287  0.0286  0.0286
  0.0286  0.0286  0.0286  0.0286  0.0286  0.0286  0.0286  0.0286  0.0286  0.0286  0.0286  0.0286
  0.0288  0.0287  0.0287  0.0286  0.0287  0.0288  0.0287  0.0288  0.0287  0.0287  0.0286  0.0286
  0.0293  0.0291  0.0289  0.0292  0.0290  0.0292  0.0291  0.0294  0.0290  0.0291  0.0288  0.0288
  0.0302  0.0297  0.0293  0.0302  0.0296  0.0297  0.0297  0.0305  0.0294  0.0297  0.0290  0.0291
niter,ni,del,rscale     3    3    5.0000    0.6000
parameters
   -0.7655   21.9611    7.7000   -6.6262  -14.5243   -0.3155
    6.2358   -8.5638   -3.4077   16.3578    9.1847  -22.2053
eta,q 0.97143 13.16435
  0.0297  0.0294  0.0291  0.0297  0.0293  0.0295  0.0294  0.0300  0.0292  0.0294  0.0289  0.0290
  0.0291  0.0289  0.0288  0.0292  0.0290  0.0290  0.0289  0.0292  0.0289  0.0290  0.0287  0.0288
  0.0287  0.0287  0.0286  0.0288  0.0287  0.0287  0.0287  0.0288  0.0286  0.0287  0.0286  0.0286
  0.0286  0.0286  0.0286  0.0286  0.0286  0.0286  0.0286  0.0286  0.0286  0.0286  0.0286  0.0286
  0.0287  0.0287  0.0286  0.0286  0.0286  0.0287  0.0287  0.0287  0.0286  0.0286  0.0286  0.0286
  0.0291  0.0290  0.0288  0.0290  0.0289  0.0290  0.0289  0.0292  0.0289  0.0289  0.0287  0.0287
  0.0297  0.0294  0.0291  0.0297  0.0293  0.0294  0.0294  0.0300  0.0292  0.0294  0.0289  0.0290
niter,ni,del,rscale     2    3    5.0000    0.5000
parameters
   -0.7669   21.9498    7.6911   -6.5220  -14.4567   -0.3419
    6.2312   -8.5418   -3.4016   16.3696    9.1720  -22.1640
eta,q 0.97143 13.17215
  0.0294  0.0291  0.0289  0.0294  0.0291  0.0292  0.0291  0.0296  0.0290  0.0291  0.0288  0.0289
  0.0289  0.0288  0.0287  0.0290  0.0288  0.0289  0.0288  0.0290  0.0288  0.0288  0.0287  0.0287
  0.0287  0.0286  0.0286  0.0287  0.0286  0.0286  0.0286  0.0287  0.0286  0.0287  0.0286  0.0286
  0.0286  0.0286  0.0286  0.0286  0.0286  0.0286  0.0286  0.0286  0.0286  0.0286  0.0286  0.0286
  0.0287  0.0286  0.0286  0.0286  0.0286  0.0287  0.0286  0.0287  0.0286  0.0286  0.0286  0.0286
  0.0289  0.0288  0.0287  0.0289  0.0288  0.0289  0.0288  0.0290  0.0288  0.0288  0.0287  0.0287
  0.0294  0.0292  0.0290  0.0294  0.0291  0.0292  0.0291  0.0296  0.0290  0.0292  0.0288  0.0288
niter,ni,del,rscale     1    3    5.0000    0.4000
parameters
   -0.7671   21.9443    7.6806   -6.4370  -14.4059   -0.3725
    6.2272   -8.5268   -3.3942   16.3906    9.1552  -22.1295
eta,q 0.97144 13.17799
  0.0291  0.0289  0.0288  0.0291  0.0289  0.0290  0.0289  0.0292  0.0289  0.0289  0.0287  0.0287
  0.0288  0.0287  0.0287  0.0288  0.0287  0.0287  0.0287  0.0289  0.0287  0.0287  0.0286  0.0286
  0.0286  0.0286  0.0286  0.0287  0.0286  0.0286  0.0286  0.0286  0.0286  0.0286  0.0286  0.0286
  0.0286  0.0286  0.0286  0.0286  0.0286  0.0286  0.0286  0.0286  0.0286  0.0286  0.0286  0.0286
  0.0286  0.0286  0.0286  0.0286  0.0286  0.0286  0.0286  0.0286  0.0286  0.0286  0.0286  0.0286
  0.0288  0.0287  0.0287  0.0288  0.0287  0.0288  0.0287  0.0288  0.0287  0.0287  0.0286  0.0286
  0.0291  0.0289  0.0288  0.0291  0.0289  0.0290  0.0289  0.0292  0.0289  0.0289  0.0287  0.0287
registration optimization eta report
parameter search radius
    0.8000    0.8000    0.8000    2.4000    2.4000    2.4000
    2.4000    2.4000    2.4000    2.4000    2.4000    2.4000
100000*second partial in parameter space
       80.       59.       38.        9.        6.        7.
        6.       11.        5.        7.        3.        3.
  0.0291  0.0289  0.0288  0.0291  0.0289  0.0290  0.0289  0.0292  0.0289  0.0289  0.0287  0.0287
  0.0288  0.0287  0.0287  0.0288  0.0287  0.0287  0.0287  0.0289  0.0287  0.0287  0.0286  0.0286
  0.0286  0.0286  0.0286  0.0287  0.0286  0.0286  0.0286  0.0286  0.0286  0.0286  0.0286  0.0286
  0.0286  0.0286  0.0286  0.0286  0.0286  0.0286  0.0286  0.0286  0.0286  0.0286  0.0286  0.0286
  0.0286  0.0286  0.0286  0.0286  0.0286  0.0286  0.0286  0.0286  0.0286  0.0286  0.0286  0.0286
  0.0288  0.0287  0.0287  0.0288  0.0287  0.0288  0.0287  0.0288  0.0287  0.0287  0.0286  0.0286
  0.0291  0.0289  0.0288  0.0291  0.0289  0.0290  0.0289  0.0292  0.0289  0.0289  0.0287  0.0287
   -0.7671   21.9443    7.6806   -6.4370  -14.4059   -0.3725
    6.2272   -8.5268   -3.3942   16.3906    9.1552  -22.1295
eta,q 0.97144 13.17799

---------------------------------------------------------------------
compute_vox2vox talsrcimg talsrcimg_to_711-2C_as_mni_average_305_t4 /Applications/freesurfer/7.4.1/average/711-2C_as_mni_average_305
---------------------------------------------------------------------

freesurfer compute_vox2vox.c
Reading: talsrcimg.4dfp.ifh
Reading: talsrcimg_to_711-2C_as_mni_average_305_t4
Reading: /Applications/freesurfer/7.4.1/average/711-2C_as_mni_average_305.4dfp.ifh
Writing: talsrcimg_to_711-2C_as_mni_average_305_t4_vox2vox.txt

start time Wed Nov 8 15:52:09 -03 2023
end		time Wed Nov 8 15:52:27 -03 2023

mpr2mni305 success

avi2talxfm orig_nu.mgz /Applications/freesurfer/7.4.1/average/mni305.cor.mgz talsrcimg_to_711-2C_as_mni_average_305_t4_vox2vox.txt transforms/talairach.auto.xfm
avi2talxfm done
mv -f /Applications/freesurfer/7.4.1/subjects/032_S_0147/mri/talsrcimg_to_711-2C_as_mni_average_305_t4_vox2vox.txt /Applications/freesurfer/7.4.1/subjects/032_S_0147/mri/transforms/talsrcimg_to_711-2C_as_mni_average_305_t4_vox2vox.txt
lta_convert --src orig_nu.mgz --trg /Applications/freesurfer/7.4.1/average/mni305.cor.mgz --inxfm transforms/talairach.auto.xfm --outlta transforms/talairach.auto.xfm.lta --subject fsaverage
7.4.1

--src: orig_nu.mgz src image (geometry).
--trg: /Applications/freesurfer/7.4.1/average/mni305.cor.mgz trg image (geometry).
--inmni: transforms/talairach.auto.xfm input MNI/XFM transform.
--outlta: transforms/talairach.auto.xfm.lta output LTA.
--s: fsaverage subject name
 LTA read, type : 1
 1.05726   0.09893  -0.05134  -6.71245;
-0.08426   0.95490   0.25301  -24.18372;
 0.05806  -0.17893   1.11782  -42.74040;
 0.00000   0.00000   0.00000   1.00000;
setting subject to fsaverage
Writing  LTA to file transforms/talairach.auto.xfm.lta...
lta_convert successful.
 
 
Started at Wed Nov 8 15:52:08 -03 2023
Ended   at Wed Nov  8 15:52:28 -03 2023
talairach_avi done
