/Applications/freesurfer/7.4.1/subjects/109_S_1192/mri
/Applications/freesurfer/7.4.1/bin/talairach_avi
--i orig_nu.mgz --xfm transforms/talairach.auto.xfm
FreeSurferEnv.csh 7.4.1
Darwin Facundos-MacBook-Air.local 23.0.0 Darwin Kernel Version 23.0.0: Fri Sep 15 14:41:34 PDT 2023; root:xnu-10002.1.13~1/RELEASE_ARM64_T8103 arm64
Wed Nov  8 16:20:50 -03 2023
mri_convert orig_nu.mgz talsrcimg.img 
reading from orig_nu.mgz...
TR=3000.00, TE=3.71, TI=1000.00, flip angle=8.00
i_ras = (-1, 1.03398e-25, 3.72529e-09)
j_ras = (-1.86265e-09, 0, -1)
k_ras = (1.03398e-25, 1, -9.11676e-24)
writing to talsrcimg.img...
Analyze Output Matrix
-1.00000  -0.00000   0.00000   125.01031;
 0.00000   0.00000   1.00000  -115.44067;
 0.00000  -1.00000  -0.00000   128.98743;
 0.00000   0.00000   0.00000   1.00000;
--------------------
INFO: set hdr.hist.orient to -1
mpr2mni305 talsrcimg
Wed Nov  8 16:20:50 -03 2023
/Applications/freesurfer/7.4.1/bin/mpr2mni305 talsrcimg
mpr2mni305 7.4.1
target=711-2C_as_mni_average_305

---------------------------------------------------------------------
analyzeto4dfp talsrcimg -O0 -y
---------------------------------------------------------------------

freesurfer ifh2hdr.c
Wed Nov  8 16:20:51 2023
Writing: talsrcimg.4dfp.hdr
freesurfer analyzeto4dfp.c
Reading: talsrcimg.hdr
header size 348 bytes
hdr.dime.datatype	offset=70	value=2
hdr.dime.bitpix		offset=72	value=8
hdr.hist.orient		offset=252	value=-1
dimensionality     4
dimensions       256       256       256         1
Reading: talsrcimg.img
Writing: talsrcimg.4dfp.img
Writing: talsrcimg.4dfp.ifh
ifh2hdr talsrcimg -r0to161
ori=2

---------------------------------------------------------------------
gauss_4dfp talsrcimg 1.1
---------------------------------------------------------------------

freesurfer gauss_4dfp.c
Reading: talsrcimg.4dfp.img
Writing: talsrcimg_g11.4dfp.img
image dimensions 256 256 256 padded to 288 288 288
processing volume 1freesurfer ifh2hdr.c
Wed Nov  8 16:20:53 2023
Writing: talsrcimg_g11.4dfp.hdr

Writing: talsrcimg_g11.4dfp.ifh
including: talsrcimg.4dfp.img.rec in talsrcimg_g11.4dfp.img.rec

---------------------------------------------------------------------
imgreg_4dfp /Applications/freesurfer/7.4.1/average/711-2C_as_mni_average_305 none talsrcimg_g11 none talsrcimg_to_711-2C_as_mni_average_305_t4 4355
---------------------------------------------------------------------

freesurfer imgreg_4dfp.c
/Applications/freesurfer/7.4.1/average/711-2C_as_mni_average_305.4dfp.img
       256       256       256         1
  1.000000  1.000000  1.000000
orientation T byte_order littleendian
Reading image: /Applications/freesurfer/7.4.1/average/711-2C_as_mni_average_305.4dfp.img
dimensions:      256       256       256
mmppix:       1.0000   -1.0000   -1.0000
center:     128.0000 -129.0000 -129.0000
talsrcimg_g11.4dfp.img
       256       256       256         1
  1.000000  1.000000  1.000000
orientation T byte_order littleendian
Reading image: talsrcimg_g11.4dfp.img
dimensions:      256       256       256
mmppix:       1.0000   -1.0000   -1.0000
center:     128.0000 -129.0000 -129.0000
t4_read: open error in t4_sub.f l:  41 t4_file(1:l)talsrcimg_to_711-2C_as_mni_average_305_t4 
t4_read: transform initialized to I4
rotation matrix determinant  1.000000
image alignment mode   4355 decimal     1103 hex
   -7.5000  -45.0000  -45.0000 9730.7744   17.0667
    0.0000  -45.0000  -45.000010186.8877   17.0591
    7.5000  -45.0000  -45.0000 9719.1904   17.0572
   -7.5000  -37.5000  -45.000010220.0840   17.0302
    0.0000  -37.5000  -45.000010718.9258   17.0226
    7.5000  -37.5000  -45.000010204.2715   17.0120
   -7.5000  -30.0000  -45.000010973.2559   16.9932
    0.0000  -30.0000  -45.000011534.3545   16.9879
    7.5000  -30.0000  -45.000010953.2227   16.9741
   -7.5000  -22.5000  -45.000011558.2803   16.9170
    0.0000  -22.5000  -45.000012151.5371   16.9152
    7.5000  -22.5000  -45.000011519.3330   16.9078
   -7.5000  -15.0000  -45.000011984.4609   16.8143
    0.0000  -15.0000  -45.000012581.3398   16.8150
    7.5000  -15.0000  -45.000011938.5928   16.8163
   -7.5000   -7.5000  -45.000012287.3965   16.7458
    0.0000   -7.5000  -45.000012932.9346   16.7453
    7.5000   -7.5000  -45.000012238.3906   16.7494
   -7.5000    0.0000  -45.000012546.3398   16.7425
    0.0000    0.0000  -45.000013167.9717   16.7389
    7.5000    0.0000  -45.000012477.1055   16.7384
   -7.5000    7.5000  -45.000011855.0908   16.7814
    0.0000    7.5000  -45.000012415.0742   16.7771
    7.5000    7.5000  -45.000011785.6416   16.7682
   -7.5000   15.0000  -45.000011075.5615   16.9312
    0.0000   15.0000  -45.000011595.0381   16.9291
    7.5000   15.0000  -45.000010964.5684   16.9164
   -7.5000   22.5000  -45.000010290.1279   17.2317
    0.0000   22.5000  -45.000010808.2471   17.2318
    7.5000   22.5000  -45.000010195.8643   17.2250
   -7.5000   30.0000  -45.0000 9509.7412   17.3908
    0.0000   30.0000  -45.000010001.4385   17.3941
    7.5000   30.0000  -45.0000 9393.7617   17.3956
   -7.5000   37.5000  -45.0000 9079.6758   17.8871
    0.0000   37.5000  -45.0000 9538.4492   17.8884
    7.5000   37.5000  -45.0000 8936.7197   17.8896
   -7.5000   45.0000  -45.0000 8360.9844   18.0184
    0.0000   45.0000  -45.0000 8799.0303   18.0184
    7.5000   45.0000  -45.0000 8225.3574   18.0134
   -7.5000  -45.0000  -37.500010325.3857   16.9624
    0.0000  -45.0000  -37.500010842.5254   16.9515
    7.5000  -45.0000  -37.500010326.5020   16.9469
   -7.5000  -37.5000  -37.500010842.3066   16.9226
    0.0000  -37.5000  -37.500011391.8613   16.9118
    7.5000  -37.5000  -37.500010833.3906   16.8984
   -7.5000  -30.0000  -37.500011659.8018   16.8877
    0.0000  -30.0000  -37.500012251.6289   16.8818
    7.5000  -30.0000  -37.500011620.8184   16.8677
   -7.5000  -22.5000  -37.500012277.8467   16.8155
    0.0000  -22.5000  -37.500012921.7197   16.8152
    7.5000  -22.5000  -37.500012209.4678   16.8109
   -7.5000  -15.0000  -37.500012692.6416   16.7142
    0.0000  -15.0000  -37.500013362.3359   16.7158
    7.5000  -15.0000  -37.500012626.5215   16.7207
   -7.5000   -7.5000  -37.500012989.3525   16.6418
    0.0000   -7.5000  -37.500013678.9551   16.6398
    7.5000   -7.5000  -37.500012938.5293   16.6447
   -7.5000    0.0000  -37.500013226.1748   16.6329
    0.0000    0.0000  -37.500013898.2041   16.6261
    7.5000    0.0000  -37.500013166.5342   16.6231
   -7.5000    7.5000  -37.500012449.8955   16.6697
    0.0000    7.5000  -37.500013079.8643   16.6625
    7.5000    7.5000  -37.500012378.4463   16.6508
   -7.5000   15.0000  -37.500011597.7979   16.8223
    0.0000   15.0000  -37.500012179.9980   16.8196
    7.5000   15.0000  -37.500011500.9668   16.8066
   -7.5000   22.5000  -37.500010738.7725   17.1293
    0.0000   22.5000  -37.500011306.7588   17.1313
    7.5000   22.5000  -37.500010657.7910   17.1269
   -7.5000   30.0000  -37.5000 9909.0898   17.2895
    0.0000   30.0000  -37.500010424.3135   17.2949
    7.5000   30.0000  -37.5000 9801.8174   17.3002
   -7.5000   37.5000  -37.5000 9446.3252   17.7771
    0.0000   37.5000  -37.5000 9944.4209   17.7767
    7.5000   37.5000  -37.5000 9317.5352   17.7789
   -7.5000   45.0000  -37.5000 8661.3340   17.9036
    0.0000   45.0000  -37.5000 9124.6729   17.9002
    7.5000   45.0000  -37.5000 8548.4346   17.8915
   -7.5000  -45.0000  -30.000011115.2227   17.5792
    0.0000  -45.0000  -30.000011687.0762   17.5666
    7.5000  -45.0000  -30.000011117.2588   17.5634
   -7.5000  -37.5000  -30.000011647.4004   17.5293
    0.0000  -37.5000  -30.000012252.6523   17.5175
    7.5000  -37.5000  -30.000011635.7363   17.5055
   -7.5000  -30.0000  -30.000012523.1660   17.4946
    0.0000  -30.0000  -30.000013192.4160   17.4906
    7.5000  -30.0000  -30.000012477.8311   17.4802
   -7.5000  -22.5000  -30.000013186.7812   17.4283
    0.0000  -22.5000  -30.000013917.0410   17.4324
    7.5000  -22.5000  -30.000013127.1455   17.4340
   -7.5000  -15.0000  -30.000013627.2910   17.3285
    0.0000  -15.0000  -30.000014358.6943   17.3337
    7.5000  -15.0000  -30.000013563.6875   17.3451
   -7.5000   -7.5000  -30.000013911.9775   17.2487
    0.0000   -7.5000  -30.000014650.3018   17.2476
    7.5000   -7.5000  -30.000013846.3398   17.2565
   -7.5000    0.0000  -30.000014089.8809   17.2296
    0.0000    0.0000  -30.000014845.0371   17.2213
    7.5000    0.0000  -30.000014047.8535   17.2197
   -7.5000    7.5000  -30.000013233.1533   17.2613
    0.0000    7.5000  -30.000013942.4287   17.2530
    7.5000    7.5000  -30.000013181.7197   17.2428
   -7.5000   15.0000  -30.000012293.6016   17.4219
    0.0000   15.0000  -30.000012961.0146   17.4214
    7.5000   15.0000  -30.000012233.0186   17.4122
   -7.5000   22.5000  -30.000011392.2744   17.7497
    0.0000   22.5000  -30.000012013.4639   17.7566
    7.5000   22.5000  -30.000011324.2324   17.7582
   -7.5000   30.0000  -30.000010488.7656   17.9280
    0.0000   30.0000  -30.000011038.2334   17.9379
    7.5000   30.0000  -30.000010393.1250   17.9496
   -7.5000   37.5000  -30.0000 9952.8018   18.4259
    0.0000   37.5000  -30.000010496.2588   18.4285
    7.5000   37.5000  -30.0000 9849.9355   18.4357
   -7.5000   45.0000  -30.0000 9106.4336   18.5571
    0.0000   45.0000  -30.0000 9611.6191   18.5545
    7.5000   45.0000  -30.0000 9012.9473   18.5471
   -7.5000  -45.0000  -22.500011907.6396   18.0877
    0.0000  -45.0000  -22.500012500.1387   18.0751
    7.5000  -45.0000  -22.500011895.4795   18.0724
   -7.5000  -37.5000  -22.500012423.3779   18.0297
    0.0000  -37.5000  -22.500013072.1387   18.0183
    7.5000  -37.5000  -22.500012414.0215   18.0078
   -7.5000  -30.0000  -22.500013335.3359   17.9907
    0.0000  -30.0000  -22.500014095.6289   17.9877
    7.5000  -30.0000  -22.500013332.6523   17.9784
   -7.5000  -22.5000  -22.500014091.0518   17.9245
    0.0000  -22.5000  -22.500014897.8838   17.9292
    7.5000  -22.5000  -22.500014074.1143   17.9301
   -7.5000  -15.0000  -22.500014577.1328   17.8236
    0.0000  -15.0000  -22.500015379.1758   17.8297
    7.5000  -15.0000  -22.500014536.6709   17.8396
   -7.5000   -7.5000  -22.500014826.2480   17.7403
    0.0000   -7.5000  -22.500015601.2422   17.7397
    7.5000   -7.5000  -22.500014810.4189   17.7480
   -7.5000    0.0000  -22.500014962.5879   17.7170
    0.0000    0.0000  -22.500015742.7217   17.7091
    7.5000    0.0000  -22.500014962.7627   17.7081
   -7.5000    7.5000  -22.500014039.0273   17.7458
    0.0000    7.5000  -22.500014781.3164   17.7381
    7.5000    7.5000  -22.500014005.8135   17.7295
   -7.5000   15.0000  -22.500013016.8164   17.9103
    0.0000   15.0000  -22.500013725.7871   17.9112
    7.5000   15.0000  -22.500012967.6260   17.9033
   -7.5000   22.5000  -22.500012071.6709   18.2496
    0.0000   22.5000  -22.500012702.5488   18.2573
    7.5000   22.5000  -22.500012004.0762   18.2588
   -7.5000   30.0000  -22.500011113.5078   18.4445
    0.0000   30.0000  -22.500011680.7314   18.4549
    7.5000   30.0000  -22.500011011.2715   18.4644
   -7.5000   37.5000  -22.500010533.3008   18.9560
    0.0000   37.5000  -22.500011098.5420   18.9615
    7.5000   37.5000  -22.500010420.5137   18.9681
   -7.5000   45.0000  -22.5000 9617.8438   19.0946
    0.0000   45.0000  -22.500010152.9072   19.0952
    7.5000   45.0000  -22.5000 9535.1641   19.0894
   -7.5000  -45.0000  -15.000012619.6055   18.4286
    0.0000  -45.0000  -15.000013237.9951   18.4180
    7.5000  -45.0000  -15.000012642.8711   18.4144
   -7.5000  -37.5000  -15.000013126.8477   18.3697
    0.0000  -37.5000  -15.000013772.5566   18.3597
    7.5000  -37.5000  -15.000013152.5898   18.3489
   -7.5000  -30.0000  -15.000014073.0518   18.3248
    0.0000  -30.0000  -15.000014834.1299   18.3203
    7.5000  -30.0000  -15.000014123.1426   18.3079
   -7.5000  -22.5000  -15.000014930.5332   18.2491
    0.0000  -22.5000  -15.000015774.0859   18.2501
    7.5000  -22.5000  -15.000014954.4414   18.2445
   -7.5000  -15.0000  -15.000015562.4170   18.1406
    0.0000  -15.0000  -15.000016423.9141   18.1440
    7.5000  -15.0000  -15.000015547.1904   18.1471
   -7.5000   -7.5000  -15.000015832.7939   18.0569
    0.0000   -7.5000  -15.000016645.5801   18.0566
    7.5000   -7.5000  -15.000015864.9062   18.0610
   -7.5000    0.0000  -15.000015915.0654   18.0388
    0.0000    0.0000  -15.000016691.1562   18.0330
    7.5000    0.0000  -15.000015985.5947   18.0313
   -7.5000    7.5000  -15.000014867.7266   18.0712
    0.0000    7.5000  -15.000015608.7314   18.0650
    7.5000    7.5000  -15.000014915.5664   18.0563
   -7.5000   15.0000  -15.000013765.0928   18.2375
    0.0000   15.0000  -15.000014452.2012   18.2371
    7.5000   15.0000  -15.000013774.6641   18.2263
   -7.5000   22.5000  -15.000012748.2441   18.5763
    0.0000   22.5000  -15.000013365.3389   18.5801
    7.5000   22.5000  -15.000012725.5059   18.5757
   -7.5000   30.0000  -15.000011725.8066   18.7771
    0.0000   30.0000  -15.000012315.7354   18.7836
    7.5000   30.0000  -15.000011666.1279   18.7860
   -7.5000   37.5000  -15.000011146.6982   19.3038
    0.0000   37.5000  -15.000011732.8867   19.3100
    7.5000   37.5000  -15.000011049.8184   19.3121
   -7.5000   45.0000  -15.000010189.6045   19.4586
    0.0000   45.0000  -15.000010757.7979   19.4617
    7.5000   45.0000  -15.000010101.4609   19.4563
   -7.5000  -45.0000   -7.500013319.3037   18.5670
    0.0000  -45.0000   -7.500013940.6602   18.5568
    7.5000  -45.0000   -7.500013371.3613   18.5518
   -7.5000  -37.5000   -7.500013806.3223   18.5126
    0.0000  -37.5000   -7.500014442.4238   18.5025
    7.5000  -37.5000   -7.500013825.7324   18.4896
   -7.5000  -30.0000   -7.500014756.8740   18.4632
    0.0000  -30.0000   -7.500015479.8154   18.4557
    7.5000  -30.0000   -7.500014796.5225   18.4392
   -7.5000  -22.5000   -7.500015720.3340   18.3755
    0.0000  -22.5000   -7.500016567.5684   18.3716
    7.5000  -22.5000   -7.500015755.4814   18.3602
   -7.5000  -15.0000   -7.500016567.6855   18.2570
    0.0000  -15.0000   -7.500017537.1387   18.2560
    7.5000  -15.0000   -7.500016558.4160   18.2537
   -7.5000   -7.5000   -7.500016953.7188   18.1739
    0.0000   -7.5000   -7.500017875.9180   18.1720
    7.5000   -7.5000   -7.500017029.1582   18.1731
   -7.5000    0.0000   -7.500016954.4102   18.1644
    0.0000    0.0000   -7.500017713.4492   18.1590
    7.5000    0.0000   -7.500017098.2070   18.1560
   -7.5000    7.5000   -7.500015744.0156   18.2040
    0.0000    7.5000   -7.500016437.2617   18.1979
    7.5000    7.5000   -7.500015870.2412   18.1871
   -7.5000   15.0000   -7.500014571.8281   18.3721
    0.0000   15.0000   -7.500015216.4170   18.3687
    7.5000   15.0000   -7.500014634.7598   18.3537
   -7.5000   22.5000   -7.500013490.4814   18.7039
    0.0000   22.5000   -7.500014124.5410   18.7023
    7.5000   22.5000   -7.500013476.3525   18.6923
   -7.5000   30.0000   -7.500012441.5381   18.9005
    0.0000   30.0000   -7.500013073.4932   18.9021
    7.5000   30.0000   -7.500012359.8701   18.8993
   -7.5000   37.5000   -7.500011835.8857   19.4379
    0.0000   37.5000   -7.500012457.0303   19.4404
    7.5000   37.5000   -7.500011704.1934   19.4385
   -7.5000   45.0000   -7.500010802.5410   19.6103
    0.0000   45.0000   -7.500011380.8047   19.6117
    7.5000   45.0000   -7.500010706.8398   19.6048
   -7.5000  -45.0000    0.000013858.0303   18.6090
    0.0000  -45.0000    0.000014448.0977   18.5977
    7.5000  -45.0000    0.000013905.9971   18.5920
   -7.5000  -37.5000    0.000014324.8955   18.5590
    0.0000  -37.5000    0.000014908.8975   18.5480
    7.5000  -37.5000    0.000014335.1602   18.5330
   -7.5000  -30.0000    0.000015271.8760   18.5099
    0.0000  -30.0000    0.000015857.5537   18.5011
    7.5000  -30.0000    0.000015286.6631   18.4830
   -7.5000  -22.5000    0.000016269.0859   18.4175
    0.0000  -22.5000    0.000016987.0645   18.4126
    7.5000  -22.5000    0.000016270.8408   18.4012
   -7.5000  -15.0000    0.000017188.4922   18.2946
    0.0000  -15.0000    0.000018153.0547   18.2927
    7.5000  -15.0000    0.000017165.1816   18.2907
   -7.5000   -7.5000    0.000017739.2539   18.2118
    0.0000   -7.5000    0.000018624.2285   18.2087
    7.5000   -7.5000    0.000017753.9844   18.2099
   -7.5000    0.0000    0.000017861.2578   18.2060
    0.0000    0.0000    0.000018646.8848   18.1998
    7.5000    0.0000    0.000017901.3359   18.1961
   -7.5000    7.5000    0.000016625.2383   18.2499
    0.0000    7.5000    0.000017393.1250   18.2429
    7.5000    7.5000    0.000016635.4590   18.2302
   -7.5000   15.0000    0.000015362.5498   18.4198
    0.0000   15.0000    0.000016086.1602   18.4150
    7.5000   15.0000    0.000015316.7344   18.3982
   -7.5000   22.5000    0.000014160.2656   18.7499
    0.0000   22.5000    0.000014848.9482   18.7472
    7.5000   22.5000    0.000014079.0068   18.7365
   -7.5000   30.0000    0.000013010.9326   18.9415
    0.0000   30.0000    0.000013682.6914   18.9424
    7.5000   30.0000    0.000012917.6641   18.9404
   -7.5000   37.5000    0.000012310.3701   19.4820
    0.0000   37.5000    0.000012946.2627   19.4810
    7.5000   37.5000    0.000012218.6016   19.4788
   -7.5000   45.0000    0.000011202.0176   19.6641
    0.0000   45.0000    0.000011793.3096   19.6619
    7.5000   45.0000    0.000011133.3525   19.6533
   -7.5000  -45.0000    7.500013397.2432   18.6286
    0.0000  -45.0000    7.500013850.1514   18.6161
    7.5000  -45.0000    7.500013390.1377   18.6102
   -7.5000  -37.5000    7.500013802.5723   18.5763
    0.0000  -37.5000    7.500014280.6455   18.5641
    7.5000  -37.5000    7.500013772.4980   18.5487
   -7.5000  -30.0000    7.500014653.9326   18.5308
    0.0000  -30.0000    7.500015157.8711   18.5240
    7.5000  -30.0000    7.500014608.7070   18.5078
   -7.5000  -22.5000    7.500015519.4639   18.4451
    0.0000  -22.5000    7.500016119.1816   18.4445
    7.5000  -22.5000    7.500015456.3330   18.4387
   -7.5000  -15.0000    7.500016370.4326   18.3265
    0.0000  -15.0000    7.500017090.0332   18.3279
    7.5000  -15.0000    7.500016253.7715   18.3321
   -7.5000   -7.5000    7.500016948.7051   18.2410
    0.0000   -7.5000    7.500017681.8613   18.2385
    7.5000   -7.5000    7.500016826.2148   18.2429
   -7.5000    0.0000    7.500017255.3203   18.2291
    0.0000    0.0000    7.500018090.5762   18.2216
    7.5000    0.0000    7.500017137.9023   18.2176
   -7.5000    7.5000    7.500016139.5693   18.2697
    0.0000    7.5000    7.500017085.5371   18.2618
    7.5000    7.5000    7.500016059.2646   18.2485
   -7.5000   15.0000    7.500014849.9248   18.4418
    0.0000   15.0000    7.500015745.1025   18.4390
    7.5000   15.0000    7.500014783.3496   18.4242
   -7.5000   22.5000    7.500013603.7217   18.7801
    0.0000   22.5000    7.500014431.7842   18.7822
    7.5000   22.5000    7.500013603.4551   18.7765
   -7.5000   30.0000    7.500012441.0557   18.9745
    0.0000   30.0000    7.500013180.2910   18.9803
    7.5000   30.0000    7.500012470.8691   18.9848
   -7.5000   37.5000    7.500011753.8613   19.5104
    0.0000   37.5000    7.500012404.0439   19.5098
    7.5000   37.5000    7.500011739.4814   19.5114
   -7.5000   45.0000    7.500010711.9961   19.6882
    0.0000   45.0000    7.500011240.0127   19.6847
    7.5000   45.0000    7.500010643.7402   19.6748
   -7.5000  -45.0000   15.000012721.6230   18.6628
    0.0000  -45.0000   15.000013159.4443   18.6493
    7.5000  -45.0000   15.000012689.8574   18.6445
   -7.5000  -37.5000   15.000013141.9971   18.6041
    0.0000  -37.5000   15.000013577.4443   18.5917
    7.5000  -37.5000   15.000013072.7529   18.5779
   -7.5000  -30.0000   15.000013963.0430   18.5621
    0.0000  -30.0000   15.000014388.8340   18.5581
    7.5000  -30.0000   15.000013847.5020   18.5460
   -7.5000  -22.5000   15.000014788.7451   18.4874
    0.0000  -22.5000   15.000015241.9658   18.4920
    7.5000  -22.5000   15.000014635.2803   18.4924
   -7.5000  -15.0000   15.000015492.5498   18.3771
    0.0000  -15.0000   15.000015985.0869   18.3827
    7.5000  -15.0000   15.000015317.3174   18.3932
   -7.5000   -7.5000   15.000015933.3242   18.2890
    0.0000   -7.5000   15.000016424.2109   18.2878
    7.5000   -7.5000   15.000015788.6533   18.2960
   -7.5000    0.0000   15.000016161.3721   18.2678
    0.0000    0.0000   15.000016768.9980   18.2592
    7.5000    0.0000   15.000016061.6973   18.2564
   -7.5000    7.5000   15.000015142.4336   18.3013
    0.0000    7.5000   15.000015807.1689   18.2930
    7.5000    7.5000   15.000015078.7119   18.2812
   -7.5000   15.0000   15.000013973.0820   18.4741
    0.0000   15.0000   15.000014591.2773   18.4742
    7.5000   15.0000   15.000013903.9619   18.4636
   -7.5000   22.5000   15.000012846.9785   18.8224
    0.0000   22.5000   15.000013431.6826   18.8302
    7.5000   22.5000   15.000012778.0811   18.8308
   -7.5000   30.0000   15.000011771.1504   19.0249
    0.0000   30.0000   15.000012315.4697   19.0358
    7.5000   30.0000   15.000011709.1885   19.0466
   -7.5000   37.5000   15.000011107.9082   19.5545
    0.0000   37.5000   15.000011625.1553   19.5576
    7.5000   37.5000   15.000011039.1875   19.5639
   -7.5000   45.0000   15.000010078.1455   19.7206
    0.0000   45.0000   15.000010535.2451   19.7184
    7.5000   45.0000   15.0000 9994.2334   19.7096
   -7.5000  -45.0000   22.500011968.0596   18.7557
    0.0000  -45.0000   22.500012443.2012   18.7430
    7.5000  -45.0000   22.500011955.2109   18.7402
   -7.5000  -37.5000   22.500012366.8145   18.6948
    0.0000  -37.5000   22.500012820.6162   18.6834
    7.5000  -37.5000   22.500012327.7979   18.6725
   -7.5000  -30.0000   22.500013145.5049   18.6539
    0.0000  -30.0000   22.500013570.7266   18.6513
    7.5000  -30.0000   22.500013044.8691   18.6416
   -7.5000  -22.5000   22.500013870.4932   18.5847
    0.0000  -22.5000   22.500014312.7900   18.5900
    7.5000  -22.5000   22.500013726.6445   18.5909
   -7.5000  -15.0000   22.500014435.0391   18.4796
    0.0000  -15.0000   22.500014870.2744   18.4861
    7.5000  -15.0000   22.500014273.1953   18.4963
   -7.5000   -7.5000   22.500014777.2139   18.3928
    0.0000   -7.5000   22.500015242.4814   18.3924
    7.5000   -7.5000   22.500014631.2324   18.4010
   -7.5000    0.0000   22.500014936.8916   18.3686
    0.0000    0.0000   22.500015453.0518   18.3605
    7.5000    0.0000   22.500014810.5371   18.3596
   -7.5000    7.5000   22.500013967.4658   18.3984
    0.0000    7.5000   22.500014487.5986   18.3909
    7.5000    7.5000   22.500013857.1357   18.3820
   -7.5000   15.0000   22.500012856.9307   18.5692
    0.0000   15.0000   22.500013339.8896   18.5707
    7.5000   15.0000   22.500012762.3584   18.5625
   -7.5000   22.5000   22.500011834.6240   18.9186
    0.0000   22.5000   22.500012260.8105   18.9272
    7.5000   22.5000   22.500011707.5537   18.9287
   -7.5000   30.0000   22.500010863.7422   19.1267
    0.0000   30.0000   22.500011269.8242   19.1379
    7.5000   30.0000   22.500010745.2158   19.1478
   -7.5000   37.5000   22.500010285.5879   19.6575
    0.0000   37.5000   22.500010684.9697   19.6637
    7.5000   37.5000   22.500010177.4980   19.6707
   -7.5000   45.0000   22.5000 9331.7236   19.8162
    0.0000   45.0000   22.5000 9701.3125   19.8173
    7.5000   45.0000   22.5000 9237.1914   19.8113
   -7.5000  -45.0000   30.000011190.5303   19.0055
    0.0000  -45.0000   30.000011669.3115   18.9950
    7.5000  -45.0000   30.000011215.8311   18.9923
   -7.5000  -37.5000   30.000011537.4150   18.9481
    0.0000  -37.5000   30.000011964.1621   18.9385
    7.5000  -37.5000   30.000011492.5674   18.9282
   -7.5000  -30.0000   30.000012224.4883   18.9056
    0.0000  -30.0000   30.000012637.6465   18.9015
    7.5000  -30.0000   30.000012110.3652   18.8896
   -7.5000  -22.5000   30.000012852.8213   18.8310
    0.0000  -22.5000   30.000013291.8779   18.8322
    7.5000  -22.5000   30.000012721.2217   18.8273
   -7.5000  -15.0000   30.000013301.4180   18.7220
    0.0000  -15.0000   30.000013750.2930   18.7254
    7.5000  -15.0000   30.000013174.4453   18.7295
   -7.5000   -7.5000   30.000013587.3965   18.6374
    0.0000   -7.5000   30.000014049.2646   18.6371
    7.5000   -7.5000   30.000013442.2383   18.6426
   -7.5000    0.0000   30.000013724.8027   18.6189
    0.0000    0.0000   30.000014215.3027   18.6132
    7.5000    0.0000   30.000013602.3066   18.6123
   -7.5000    7.5000   30.000012817.4766   18.6521
    0.0000    7.5000   30.000013283.1611   18.6462
    7.5000    7.5000   30.000012696.4531   18.6380
   -7.5000   15.0000   30.000011795.1748   18.8233
    0.0000   15.0000   30.000012235.0146   18.8231
    7.5000   15.0000   30.000011700.9902   18.8127
   -7.5000   22.5000   30.000010856.7197   19.1711
    0.0000   22.5000   30.000011242.3340   19.1750
    7.5000   22.5000   30.000010707.0293   19.1713
   -7.5000   30.0000   30.0000 9955.7559   19.3826
    0.0000   30.0000   30.000010314.4775   19.3891
    7.5000   30.0000   30.0000 9802.7207   19.3925
   -7.5000   37.5000   30.0000 9436.3223   19.9300
    0.0000   37.5000   30.0000 9781.3750   19.9363
    7.5000   37.5000   30.0000 9313.6670   19.9394
   -7.5000   45.0000   30.0000 8574.1338   20.1002
    0.0000   45.0000   30.0000 8881.4951   20.1035
    7.5000   45.0000   30.0000 8455.2324   20.0986
   -7.5000  -45.0000   37.500010856.9473   19.3886
    0.0000  -45.0000   37.500011331.9434   19.3789
    7.5000  -45.0000   37.500010887.8506   19.3740
   -7.5000  -37.5000   37.500011141.5215   19.3396
    0.0000  -37.5000   37.500011571.6270   19.3303
    7.5000  -37.5000   37.500011110.1064   19.3171
   -7.5000  -30.0000   37.500011767.4482   19.2947
    0.0000  -30.0000   37.500012197.9482   19.2887
    7.5000  -30.0000   37.500011694.9658   19.2719
   -7.5000  -22.5000   37.500012325.2461   19.2085
    0.0000  -22.5000   37.500012783.3154   19.2061
    7.5000  -22.5000   37.500012217.4453   19.1952
   -7.5000  -15.0000   37.500012748.9404   19.0895
    0.0000  -15.0000   37.500013186.4053   19.0901
    7.5000  -15.0000   37.500012614.6396   19.0889
   -7.5000   -7.5000   37.500013016.3105   19.0067
    0.0000   -7.5000   37.500013486.8975   19.0057
    7.5000   -7.5000   37.500012870.0039   19.0078
   -7.5000    0.0000   37.500013129.4141   18.9985
    0.0000    0.0000   37.500013618.9277   18.9937
    7.5000    0.0000   37.500013000.9062   18.9908
   -7.5000    7.5000   37.500012229.4131   19.0405
    0.0000    7.5000   37.500012674.9512   19.0351
    7.5000    7.5000   37.500012113.2119   19.0240
   -7.5000   15.0000   37.500011257.1943   19.2154
    0.0000   15.0000   37.500011668.3135   19.2133
    7.5000   15.0000   37.500011144.2676   19.1979
   -7.5000   22.5000   37.500010337.1426   19.5632
    0.0000   22.5000   37.500010730.1914   19.5630
    7.5000   22.5000   37.500010213.8027   19.5535
   -7.5000   30.0000   37.5000 9471.5088   19.7755
    0.0000   30.0000   37.5000 9839.1133   19.7784
    7.5000   30.0000   37.5000 9365.6230   19.7768
   -7.5000   37.5000   37.5000 8967.9512   20.3500
    0.0000   37.5000   37.5000 9325.9111   20.3533
    7.5000   37.5000   37.5000 8892.2676   20.3518
   -7.5000   45.0000   37.5000 8171.1602   20.5481
    0.0000   45.0000   37.5000 8476.6855   20.5496
    7.5000   45.0000   37.5000 8080.5293   20.5419
   -7.5000  -45.0000   45.000010049.4922   19.8041
    0.0000  -45.0000   45.000010503.1240   19.7929
    7.5000  -45.0000   45.000010096.6943   19.7892
   -7.5000  -37.5000   45.000010287.8066   19.7566
    0.0000  -37.5000   45.000010721.4453   19.7462
    7.5000  -37.5000   45.000010288.3350   19.7327
   -7.5000  -30.0000   45.000010856.5156   19.7135
    0.0000  -30.0000   45.000011315.4775   19.7059
    7.5000  -30.0000   45.000010831.6650   19.6890
   -7.5000  -22.5000   45.000011344.1406   19.6262
    0.0000  -22.5000   45.000011804.9971   19.6222
    7.5000  -22.5000   45.000011296.2012   19.6128
   -7.5000  -15.0000   45.000011703.3574   19.5046
    0.0000  -15.0000   45.000012153.9570   19.5032
    7.5000  -15.0000   45.000011647.7383   19.5040
   -7.5000   -7.5000   45.000011930.2119   19.4189
    0.0000   -7.5000   45.000012391.1514   19.4159
    7.5000   -7.5000   45.000011842.3369   19.4198
   -7.5000    0.0000   45.000012033.9160   19.4095
    0.0000    0.0000   45.000012487.2930   19.4032
    7.5000    0.0000   45.000011937.8545   19.4014
   -7.5000    7.5000   45.000011205.5000   19.4538
    0.0000    7.5000   45.000011616.6182   19.4475
    7.5000    7.5000   45.000011104.9961   19.4361
   -7.5000   15.0000   45.000010300.1396   19.6374
    0.0000   15.0000   45.000010677.5859   19.6338
    7.5000   15.0000   45.000010198.5576   19.6182
   -7.5000   22.5000   45.0000 9424.2109   20.0020
    0.0000   22.5000   45.0000 9786.6426   20.0001
    7.5000   22.5000   45.0000 9360.0967   19.9914
   -7.5000   30.0000   45.0000 8621.9922   20.2253
    0.0000   30.0000   45.0000 8961.0615   20.2268
    7.5000   30.0000   45.0000 8576.0469   20.2277
   -7.5000   37.5000   45.0000 8182.1787   20.8274
    0.0000   37.5000   45.0000 8507.9326   20.8259
    7.5000   37.5000   45.0000 8142.0249   20.8260
   -7.5000   45.0000   45.0000 7470.0815   21.0615
    0.0000   45.0000   45.0000 7760.0083   21.0590
    7.5000   45.0000   45.0000 7426.8560   21.0514

---------------------------------------------------------------------
imgreg_4dfp /Applications/freesurfer/7.4.1/average/711-2C_as_mni_average_305 /Applications/freesurfer/7.4.1/average/711-2B_as_mni_average_305_mask talsrcimg_g11 none talsrcimg_to_711-2C_as_mni_average_305_t4 4355
---------------------------------------------------------------------

freesurfer imgreg_4dfp.c
/Applications/freesurfer/7.4.1/average/711-2C_as_mni_average_305.4dfp.img
       256       256       256         1
  1.000000  1.000000  1.000000
orientation T byte_order littleendian
Reading image: /Applications/freesurfer/7.4.1/average/711-2C_as_mni_average_305.4dfp.img
dimensions:      256       256       256
mmppix:       1.0000   -1.0000   -1.0000
center:     128.0000 -129.0000 -129.0000
/Applications/freesurfer/7.4.1/average/711-2B_as_mni_average_305_mask.4dfp.img
       256       256       256         1
  1.000000  1.000000  1.000000
orientation T byte_order littleendian
Reading mask: /Applications/freesurfer/7.4.1/average/711-2B_as_mni_average_305_mask.4dfp.img (2306576 pixels)
talsrcimg_g11.4dfp.img
       256       256       256         1
  1.000000  1.000000  1.000000
orientation T byte_order littleendian
Reading image: talsrcimg_g11.4dfp.img
dimensions:      256       256       256
mmppix:       1.0000   -1.0000   -1.0000
center:     128.0000 -129.0000 -129.0000
rotation matrix determinant  1.000000
image alignment mode   4355 decimal     1103 hex
   -7.5000  -45.0000  -45.0000 2328.0449   22.0404
    0.0000  -45.0000  -45.0000 2354.3750   21.8796
    7.5000  -45.0000  -45.0000 2346.0005   21.7925
   -7.5000  -37.5000  -45.0000 2368.6821   21.3480
    0.0000  -37.5000  -45.0000 2395.8477   21.2512
    7.5000  -37.5000  -45.0000 2387.6650   21.1752
   -7.5000  -30.0000  -45.0000 2391.8491   20.7495
    0.0000  -30.0000  -45.0000 2419.8418   20.6790
    7.5000  -30.0000  -45.0000 2406.2002   20.6481
   -7.5000  -22.5000  -45.0000 2415.4639   20.2616
    0.0000  -22.5000  -45.0000 2438.3940   20.2119
    7.5000  -22.5000  -45.0000 2419.5022   20.2370
   -7.5000  -15.0000  -45.0000 2419.7632   19.9431
    0.0000  -15.0000  -45.0000 2443.8328   19.8723
    7.5000  -15.0000  -45.0000 2422.0913   19.9894
   -7.5000   -7.5000  -45.0000 2421.6550   19.8548
    0.0000   -7.5000  -45.0000 2448.0430   19.7948
    7.5000   -7.5000  -45.0000 2423.5273   19.9798
   -7.5000    0.0000  -45.0000 2418.2349   20.1063
    0.0000    0.0000  -45.0000 2438.3005   20.0744
    7.5000    0.0000  -45.0000 2413.2688   20.2663
   -7.5000    7.5000  -45.0000 2402.2288   20.6009
    0.0000    7.5000  -45.0000 2421.9956   20.5982
    7.5000    7.5000  -45.0000 2394.0781   20.7728
   -7.5000   15.0000  -45.0000 2368.9744   21.4006
    0.0000   15.0000  -45.0000 2390.8403   21.3544
    7.5000   15.0000  -45.0000 2358.7322   21.5382
   -7.5000   22.5000  -45.0000 2321.1655   22.4151
    0.0000   22.5000  -45.0000 2343.2947   22.4474
    7.5000   22.5000  -45.0000 2314.6843   22.6129
   -7.5000   30.0000  -45.0000 2253.7334   23.8675
    0.0000   30.0000  -45.0000 2268.0139   23.9781
    7.5000   30.0000  -45.0000 2239.9419   24.1720
   -7.5000   37.5000  -45.0000 2161.5286   26.0393
    0.0000   37.5000  -45.0000 2170.7229   26.1026
    7.5000   37.5000  -45.0000 2144.3372   26.3839
   -7.5000   45.0000  -45.0000 2054.0388   28.9737
    0.0000   45.0000  -45.0000 2065.1670   29.0293
    7.5000   45.0000  -45.0000 2035.0250   29.3537
   -7.5000  -45.0000  -37.5000 2414.2759   20.3710
    0.0000  -45.0000  -37.5000 2439.2236   20.3468
    7.5000  -45.0000  -37.5000 2432.2043   20.2119
   -7.5000  -37.5000  -37.5000 2457.1624   19.7599
    0.0000  -37.5000  -37.5000 2485.4548   19.7661
    7.5000  -37.5000  -37.5000 2471.4673   19.6623
   -7.5000  -30.0000  -37.5000 2482.1277   19.2903
    0.0000  -30.0000  -37.5000 2509.6099   19.2507
    7.5000  -30.0000  -37.5000 2491.5457   19.2417
   -7.5000  -22.5000  -37.5000 2499.5105   18.8778
    0.0000  -22.5000  -37.5000 2524.7673   18.8254
    7.5000  -22.5000  -37.5000 2505.2776   18.8216
   -7.5000  -15.0000  -37.5000 2507.7512   18.5741
    0.0000  -15.0000  -37.5000 2528.3928   18.5284
    7.5000  -15.0000  -37.5000 2509.5886   18.6036
   -7.5000   -7.5000  -37.5000 2513.5513   18.4426
    0.0000   -7.5000  -37.5000 2530.1294   18.4083
    7.5000   -7.5000  -37.5000 2512.8640   18.5422
   -7.5000    0.0000  -37.5000 2511.7000   18.7494
    0.0000    0.0000  -37.5000 2521.3242   18.6794
    7.5000    0.0000  -37.5000 2504.2632   18.8530
   -7.5000    7.5000  -37.5000 2492.8025   19.2909
    0.0000    7.5000  -37.5000 2507.5625   19.2282
    7.5000    7.5000  -37.5000 2485.4241   19.4146
   -7.5000   15.0000  -37.5000 2454.5835   20.0439
    0.0000   15.0000  -37.5000 2478.6880   19.9880
    7.5000   15.0000  -37.5000 2446.3538   20.1601
   -7.5000   22.5000  -37.5000 2401.4961   20.9864
    0.0000   22.5000  -37.5000 2426.4353   20.9851
    7.5000   22.5000  -37.5000 2393.1396   21.1572
   -7.5000   30.0000  -37.5000 2331.3950   22.3207
    0.0000   30.0000  -37.5000 2347.2808   22.3638
    7.5000   30.0000  -37.5000 2317.6331   22.5995
   -7.5000   37.5000  -37.5000 2236.5337   24.3187
    0.0000   37.5000  -37.5000 2252.5242   24.3314
    7.5000   37.5000  -37.5000 2220.6350   24.5885
   -7.5000   45.0000  -37.5000 2119.0146   27.0733
    0.0000   45.0000  -37.5000 2134.9216   27.0756
    7.5000   45.0000  -37.5000 2101.9294   27.3439
   -7.5000  -45.0000  -30.0000 2544.1926   19.5272
    0.0000  -45.0000  -30.0000 2575.4617   19.5192
    7.5000  -45.0000  -30.0000 2563.0769   19.4118
   -7.5000  -37.5000  -30.0000 2584.1567   18.9324
    0.0000  -37.5000  -30.0000 2614.7817   18.9127
    7.5000  -37.5000  -30.0000 2602.3940   18.8811
   -7.5000  -30.0000  -30.0000 2608.6348   18.5221
    0.0000  -30.0000  -30.0000 2637.7805   18.4802
    7.5000  -30.0000  -30.0000 2619.9282   18.4888
   -7.5000  -22.5000  -30.0000 2621.1992   18.1965
    0.0000  -22.5000  -30.0000 2652.3357   18.1572
    7.5000  -22.5000  -30.0000 2632.6504   18.2018
   -7.5000  -15.0000  -30.0000 2631.3555   17.9147
    0.0000  -15.0000  -30.0000 2657.2659   17.8636
    7.5000  -15.0000  -30.0000 2639.4338   17.9798
   -7.5000   -7.5000  -30.0000 2640.8306   17.7871
    0.0000   -7.5000  -30.0000 2659.2588   17.7029
    7.5000   -7.5000  -30.0000 2637.3303   17.8844
   -7.5000    0.0000  -30.0000 2637.5200   18.0692
    0.0000    0.0000  -30.0000 2648.9780   17.9849
    7.5000    0.0000  -30.0000 2634.7390   18.1797
   -7.5000    7.5000  -30.0000 2623.5483   18.6294
    0.0000    7.5000  -30.0000 2638.5857   18.5567
    7.5000    7.5000  -30.0000 2617.8215   18.7356
   -7.5000   15.0000  -30.0000 2583.8799   19.4128
    0.0000   15.0000  -30.0000 2612.1677   19.3315
    7.5000   15.0000  -30.0000 2581.0176   19.5389
   -7.5000   22.5000  -30.0000 2531.4062   20.4064
    0.0000   22.5000  -30.0000 2551.8428   20.3189
    7.5000   22.5000  -30.0000 2521.1838   20.6014
   -7.5000   30.0000  -30.0000 2455.4778   21.7459
    0.0000   30.0000  -30.0000 2466.0771   21.7054
    7.5000   30.0000  -30.0000 2440.4175   21.9667
   -7.5000   37.5000  -30.0000 2352.8831   23.6447
    0.0000   37.5000  -30.0000 2365.6355   23.5908
    7.5000   37.5000  -30.0000 2336.7793   23.8500
   -7.5000   45.0000  -30.0000 2227.6580   26.2581
    0.0000   45.0000  -30.0000 2241.3616   26.2679
    7.5000   45.0000  -30.0000 2212.1594   26.4248
   -7.5000  -45.0000  -22.5000 2642.3911   18.6676
    0.0000  -45.0000  -22.5000 2676.7068   18.6550
    7.5000  -45.0000  -22.5000 2663.3398   18.5694
   -7.5000  -37.5000  -22.5000 2676.7644   18.0799
    0.0000  -37.5000  -22.5000 2712.7480   18.0495
    7.5000  -37.5000  -22.5000 2699.5491   18.0030
   -7.5000  -30.0000  -22.5000 2698.1909   17.6821
    0.0000  -30.0000  -22.5000 2738.9341   17.6270
    7.5000  -30.0000  -22.5000 2724.0989   17.6454
   -7.5000  -22.5000  -22.5000 2718.9277   17.4779
    0.0000  -22.5000  -22.5000 2756.2903   17.3876
    7.5000  -22.5000  -22.5000 2741.5168   17.4760
   -7.5000  -15.0000  -22.5000 2733.2773   17.2748
    0.0000  -15.0000  -22.5000 2769.0847   17.1392
    7.5000  -15.0000  -22.5000 2746.4719   17.3333
   -7.5000   -7.5000  -22.5000 2738.5527   17.0452
    0.0000   -7.5000  -22.5000 2762.6865   16.9142
    7.5000   -7.5000  -22.5000 2739.6511   17.2055
   -7.5000    0.0000  -22.5000 2734.0796   17.2284
    0.0000    0.0000  -22.5000 2754.6025   17.1225
    7.5000    0.0000  -22.5000 2732.7441   17.4276
   -7.5000    7.5000  -22.5000 2721.3274   17.8162
    0.0000    7.5000  -22.5000 2743.2520   17.6979
    7.5000    7.5000  -22.5000 2719.8860   17.9733
   -7.5000   15.0000  -22.5000 2685.5842   18.7011
    0.0000   15.0000  -22.5000 2712.5254   18.5291
    7.5000   15.0000  -22.5000 2691.6343   18.8090
   -7.5000   22.5000  -22.5000 2630.6167   19.7408
    0.0000   22.5000  -22.5000 2646.6458   19.5955
    7.5000   22.5000  -22.5000 2627.8923   19.8955
   -7.5000   30.0000  -22.5000 2547.3513   21.1020
    0.0000   30.0000  -22.5000 2557.1248   20.9346
    7.5000   30.0000  -22.5000 2536.1401   21.2666
   -7.5000   37.5000  -22.5000 2442.4668   22.9306
    0.0000   37.5000  -22.5000 2457.3530   22.7981
    7.5000   37.5000  -22.5000 2423.2251   23.1233
   -7.5000   45.0000  -22.5000 2305.9482   25.4625
    0.0000   45.0000  -22.5000 2322.7781   25.3688
    7.5000   45.0000  -22.5000 2292.4976   25.6193
   -7.5000  -45.0000  -15.0000 2692.6462   17.8953
    0.0000  -45.0000  -15.0000 2728.8381   17.7615
    7.5000  -45.0000  -15.0000 2720.5259   17.7707
   -7.5000  -37.5000  -15.0000 2725.8142   17.3119
    0.0000  -37.5000  -15.0000 2762.3457   17.2020
    7.5000  -37.5000  -15.0000 2758.5632   17.2347
   -7.5000  -30.0000  -15.0000 2752.1960   16.9497
    0.0000  -30.0000  -15.0000 2796.3677   16.8123
    7.5000  -30.0000  -15.0000 2786.2727   16.8857
   -7.5000  -22.5000  -15.0000 2780.8459   16.8374
    0.0000  -22.5000  -15.0000 2815.2698   16.6588
    7.5000  -22.5000  -15.0000 2807.5959   16.8103
   -7.5000  -15.0000  -15.0000 2803.1252   16.7350
    0.0000  -15.0000  -15.0000 2841.9709   16.5481
    7.5000  -15.0000  -15.0000 2819.3540   16.7511
   -7.5000   -7.5000  -15.0000 2810.6160   16.5264
    0.0000   -7.5000  -15.0000 2845.4031   16.3060
    7.5000   -7.5000  -15.0000 2819.1406   16.6821
   -7.5000    0.0000  -15.0000 2802.7446   16.6223
    0.0000    0.0000  -15.0000 2830.6738   16.3682
    7.5000    0.0000  -15.0000 2807.7561   16.8658
   -7.5000    7.5000  -15.0000 2786.5703   17.1843
    0.0000    7.5000  -15.0000 2806.6318   16.9174
    7.5000    7.5000  -15.0000 2791.4255   17.3945
   -7.5000   15.0000  -15.0000 2746.5562   18.0598
    0.0000   15.0000  -15.0000 2772.1934   17.7985
    7.5000   15.0000  -15.0000 2753.5527   18.2225
   -7.5000   22.5000  -15.0000 2683.4292   19.1655
    0.0000   22.5000  -15.0000 2704.6555   18.9179
    7.5000   22.5000  -15.0000 2689.0015   19.3138
   -7.5000   30.0000  -15.0000 2592.6545   20.5389
    0.0000   30.0000  -15.0000 2607.9858   20.2976
    7.5000   30.0000  -15.0000 2586.6118   20.7208
   -7.5000   37.5000  -15.0000 2482.6963   22.3583
    0.0000   37.5000  -15.0000 2502.9824   22.1467
    7.5000   37.5000  -15.0000 2468.8694   22.5790
   -7.5000   45.0000  -15.0000 2347.1843   24.7854
    0.0000   45.0000  -15.0000 2369.4761   24.6663
    7.5000   45.0000  -15.0000 2333.6963   25.0407
   -7.5000  -45.0000   -7.5000 2733.9531   17.2148
    0.0000  -45.0000   -7.5000 2755.6604   16.9263
    7.5000  -45.0000   -7.5000 2753.8721   17.0126
   -7.5000  -37.5000   -7.5000 2764.8286   16.6807
    0.0000  -37.5000   -7.5000 2787.7507   16.4241
    7.5000  -37.5000   -7.5000 2786.2354   16.5042
   -7.5000  -30.0000   -7.5000 2790.8674   16.3633
    0.0000  -30.0000   -7.5000 2824.2646   16.0944
    7.5000  -30.0000   -7.5000 2814.7554   16.2283
   -7.5000  -22.5000   -7.5000 2819.9214   16.2786
    0.0000  -22.5000   -7.5000 2849.2947   16.0304
    7.5000  -22.5000   -7.5000 2846.5327   16.1759
   -7.5000  -15.0000   -7.5000 2848.5144   16.3408
    0.0000  -15.0000   -7.5000 2883.4529   16.0673
    7.5000  -15.0000   -7.5000 2863.5139   16.2579
   -7.5000   -7.5000   -7.5000 2864.5378   16.2592
    0.0000   -7.5000   -7.5000 2910.8494   15.9812
    7.5000   -7.5000   -7.5000 2875.9341   16.3270
   -7.5000    0.0000   -7.5000 2854.5361   16.2823
    0.0000    0.0000   -7.5000 2882.2317   15.8967
    7.5000    0.0000   -7.5000 2866.0544   16.5107
   -7.5000    7.5000   -7.5000 2821.1812   16.8138
    0.0000    7.5000   -7.5000 2846.8032   16.4204
    7.5000    7.5000   -7.5000 2835.0696   17.0407
   -7.5000   15.0000   -7.5000 2774.9333   17.7053
    0.0000   15.0000   -7.5000 2795.7898   17.3469
    7.5000   15.0000   -7.5000 2782.3196   17.8593
   -7.5000   22.5000   -7.5000 2704.8611   18.8082
    0.0000   22.5000   -7.5000 2728.1731   18.5085
    7.5000   22.5000   -7.5000 2705.2278   18.8975
   -7.5000   30.0000   -7.5000 2610.5371   20.2149
    0.0000   30.0000   -7.5000 2625.8809   19.9344
    7.5000   30.0000   -7.5000 2602.4329   20.2578
   -7.5000   37.5000   -7.5000 2499.4348   22.0380
    0.0000   37.5000   -7.5000 2515.2117   21.8279
    7.5000   37.5000   -7.5000 2484.7825   22.1008
   -7.5000   45.0000   -7.5000 2365.9849   24.5050
    0.0000   45.0000   -7.5000 2382.1841   24.3314
    7.5000   45.0000   -7.5000 2360.7905   24.6364
   -7.5000  -45.0000    0.0000 2749.7874   16.6631
    0.0000  -45.0000    0.0000 2769.8264   16.2834
    7.5000  -45.0000    0.0000 2773.3506   16.4304
   -7.5000  -37.5000    0.0000 2782.2014   16.1775
    0.0000  -37.5000    0.0000 2805.2407   15.8334
    7.5000  -37.5000    0.0000 2801.6855   15.9891
   -7.5000  -30.0000    0.0000 2809.9866   15.9047
    0.0000  -30.0000    0.0000 2838.5002   15.5492
    7.5000  -30.0000    0.0000 2827.2671   15.7625
   -7.5000  -22.5000    0.0000 2837.2878   15.8667
    0.0000  -22.5000    0.0000 2865.1833   15.4984
    7.5000  -22.5000    0.0000 2854.6399   15.7683
   -7.5000  -15.0000    0.0000 2864.0029   16.1143
    0.0000  -15.0000    0.0000 2893.8379   15.7789
    7.5000  -15.0000    0.0000 2882.5278   16.0043
   -7.5000   -7.5000    0.0000 2883.6182   16.2773
    0.0000   -7.5000    0.0000 2931.8728   15.9503
    7.5000   -7.5000    0.0000 2899.2900   16.2395
   -7.5000    0.0000    0.0000 2877.0503   16.4404
    0.0000    0.0000    0.0000 2919.8459   16.0077
    7.5000    0.0000    0.0000 2886.1216   16.5376
   -7.5000    7.5000    0.0000 2834.4661   16.9487
    0.0000    7.5000    0.0000 2880.2522   16.5641
    7.5000    7.5000    0.0000 2846.3943   17.0162
   -7.5000   15.0000    0.0000 2776.3855   17.6738
    0.0000   15.0000    0.0000 2813.0586   17.4205
    7.5000   15.0000    0.0000 2785.4810   17.7227
   -7.5000   22.5000    0.0000 2693.1375   18.6905
    0.0000   22.5000    0.0000 2718.0930   18.4731
    7.5000   22.5000    0.0000 2701.2271   18.7229
   -7.5000   30.0000    0.0000 2589.3987   20.1204
    0.0000   30.0000    0.0000 2606.1265   19.9072
    7.5000   30.0000    0.0000 2587.8196   20.1265
   -7.5000   37.5000    0.0000 2481.6274   21.9801
    0.0000   37.5000    0.0000 2493.9741   21.8331
    7.5000   37.5000    0.0000 2473.1157   22.0653
   -7.5000   45.0000    0.0000 2352.8218   24.4652
    0.0000   45.0000    0.0000 2372.3809   24.3651
    7.5000   45.0000    0.0000 2347.1201   24.5489
   -7.5000  -45.0000    7.5000 2769.7017   16.4249
    0.0000  -45.0000    7.5000 2784.8867   15.9026
    7.5000  -45.0000    7.5000 2788.3911   16.1491
   -7.5000  -37.5000    7.5000 2794.4336   15.9397
    0.0000  -37.5000    7.5000 2818.6707   15.4723
    7.5000  -37.5000    7.5000 2816.9634   15.7056
   -7.5000  -30.0000    7.5000 2818.5007   15.7075
    0.0000  -30.0000    7.5000 2847.8157   15.2712
    7.5000  -30.0000    7.5000 2840.1477   15.5041
   -7.5000  -22.5000    7.5000 2838.8975   15.7193
    0.0000  -22.5000    7.5000 2876.1697   15.3395
    7.5000  -22.5000    7.5000 2862.3755   15.5845
   -7.5000  -15.0000    7.5000 2860.9175   16.0922
    0.0000  -15.0000    7.5000 2896.8132   15.7589
    7.5000  -15.0000    7.5000 2883.2954   15.9409
   -7.5000   -7.5000    7.5000 2876.8682   16.4766
    0.0000   -7.5000    7.5000 2922.0051   16.1059
    7.5000   -7.5000    7.5000 2890.3911   16.3609
   -7.5000    0.0000    7.5000 2876.1428   16.8765
    0.0000    0.0000    7.5000 2919.0664   16.4882
    7.5000    0.0000    7.5000 2881.5142   16.8148
   -7.5000    7.5000    7.5000 2835.5437   17.4765
    0.0000    7.5000    7.5000 2887.0203   17.2615
    7.5000    7.5000    7.5000 2849.3901   17.4429
   -7.5000   15.0000    7.5000 2764.1719   18.1167
    0.0000   15.0000    7.5000 2807.9453   18.0195
    7.5000   15.0000    7.5000 2775.3965   18.1521
   -7.5000   22.5000    7.5000 2665.2810   19.0784
    0.0000   22.5000    7.5000 2702.5723   18.9494
    7.5000   22.5000    7.5000 2683.8010   19.1341
   -7.5000   30.0000    7.5000 2557.1545   20.4074
    0.0000   30.0000    7.5000 2581.4885   20.2667
    7.5000   30.0000    7.5000 2569.0767   20.4706
   -7.5000   37.5000    7.5000 2447.4854   22.2243
    0.0000   37.5000    7.5000 2467.7134   22.1015
    7.5000   37.5000    7.5000 2453.3469   22.3242
   -7.5000   45.0000    7.5000 2327.6050   24.6683
    0.0000   45.0000    7.5000 2342.5762   24.5920
    7.5000   45.0000    7.5000 2322.1716   24.7864
   -7.5000  -45.0000   15.0000 2761.8420   16.5225
    0.0000  -45.0000   15.0000 2788.6086   15.9365
    7.5000  -45.0000   15.0000 2786.3047   16.1227
   -7.5000  -37.5000   15.0000 2788.4851   16.1303
    0.0000  -37.5000   15.0000 2814.7932   15.5894
    7.5000  -37.5000   15.0000 2810.9338   15.7722
   -7.5000  -30.0000   15.0000 2808.3037   15.9460
    0.0000  -30.0000   15.0000 2841.1904   15.4774
    7.5000  -30.0000   15.0000 2826.5435   15.6901
   -7.5000  -22.5000   15.0000 2827.5364   16.0570
    0.0000  -22.5000   15.0000 2865.6318   15.6565
    7.5000  -22.5000   15.0000 2851.3340   15.8841
   -7.5000  -15.0000   15.0000 2840.9927   16.4487
    0.0000  -15.0000   15.0000 2874.6633   16.0385
    7.5000  -15.0000   15.0000 2861.0564   16.2540
   -7.5000   -7.5000   15.0000 2850.6055   16.7633
    0.0000   -7.5000   15.0000 2890.4915   16.3050
    7.5000   -7.5000   15.0000 2865.5740   16.6513
   -7.5000    0.0000   15.0000 2842.4280   17.2713
    0.0000    0.0000   15.0000 2880.6130   16.8715
    7.5000    0.0000   15.0000 2854.0879   17.1741
   -7.5000    7.5000   15.0000 2805.6836   18.0604
    0.0000    7.5000   15.0000 2841.9917   17.7130
    7.5000    7.5000   15.0000 2822.2500   17.9229
   -7.5000   15.0000   15.0000 2725.7905   18.9274
    0.0000   15.0000   15.0000 2754.8508   18.6251
    7.5000   15.0000   15.0000 2736.2617   18.8686
   -7.5000   22.5000   15.0000 2630.0859   20.0131
    0.0000   22.5000   15.0000 2657.1577   19.7699
    7.5000   22.5000   15.0000 2638.8806   19.9722
   -7.5000   30.0000   15.0000 2519.4480   21.3845
    0.0000   30.0000   15.0000 2548.9021   21.1860
    7.5000   30.0000   15.0000 2525.9829   21.3455
   -7.5000   37.5000   15.0000 2406.0603   23.0800
    0.0000   37.5000   15.0000 2431.1948   22.9543
    7.5000   37.5000   15.0000 2413.8787   23.0847
   -7.5000   45.0000   15.0000 2285.3123   25.3890
    0.0000   45.0000   15.0000 2301.0139   25.2907
    7.5000   45.0000   15.0000 2284.9143   25.4155
   -7.5000  -45.0000   22.5000 2738.5884   16.9252
    0.0000  -45.0000   22.5000 2777.0647   16.3514
    7.5000  -45.0000   22.5000 2768.3586   16.4327
   -7.5000  -37.5000   22.5000 2766.2566   16.5864
    0.0000  -37.5000   22.5000 2803.0037   16.0350
    7.5000  -37.5000   22.5000 2791.6125   16.1485
   -7.5000  -30.0000   22.5000 2786.0134   16.4445
    0.0000  -30.0000   22.5000 2821.1792   15.9575
    7.5000  -30.0000   22.5000 2810.6125   16.1186
   -7.5000  -22.5000   22.5000 2804.1787   16.5350
    0.0000  -22.5000   22.5000 2842.2551   16.0907
    7.5000  -22.5000   22.5000 2826.9128   16.2606
   -7.5000  -15.0000   22.5000 2813.3591   16.8524
    0.0000  -15.0000   22.5000 2846.8296   16.3997
    7.5000  -15.0000   22.5000 2833.1299   16.6065
   -7.5000   -7.5000   22.5000 2810.1970   17.2452
    0.0000   -7.5000   22.5000 2849.3264   16.8246
    7.5000   -7.5000   22.5000 2825.1453   17.0795
   -7.5000    0.0000   22.5000 2791.6443   17.8049
    0.0000    0.0000   22.5000 2822.7749   17.4602
    7.5000    0.0000   22.5000 2800.8987   17.6645
   -7.5000    7.5000   22.5000 2746.4124   18.6783
    0.0000    7.5000   22.5000 2776.7563   18.3220
    7.5000    7.5000   22.5000 2755.0862   18.4849
   -7.5000   15.0000   22.5000 2664.8130   19.6686
    0.0000   15.0000   22.5000 2688.8848   19.3591
    7.5000   15.0000   22.5000 2671.8623   19.5192
   -7.5000   22.5000   22.5000 2576.1284   20.9115
    0.0000   22.5000   22.5000 2595.1797   20.5859
    7.5000   22.5000   22.5000 2576.3701   20.7719
   -7.5000   30.0000   22.5000 2468.2393   22.4248
    0.0000   30.0000   22.5000 2498.9304   22.1231
    7.5000   30.0000   22.5000 2476.8601   22.2926
   -7.5000   37.5000   22.5000 2363.3433   24.1909
    0.0000   37.5000   22.5000 2392.1599   23.9790
    7.5000   37.5000   22.5000 2368.7749   24.1391
   -7.5000   45.0000   22.5000 2235.8621   26.4855
    0.0000   45.0000   22.5000 2256.6970   26.3200
    7.5000   45.0000   22.5000 2240.2590   26.4034
   -7.5000  -45.0000   30.0000 2698.0571   17.5591
    0.0000  -45.0000   30.0000 2742.8425   17.0280
    7.5000  -45.0000   30.0000 2738.0510   17.0748
   -7.5000  -37.5000   30.0000 2725.3845   17.2302
    0.0000  -37.5000   30.0000 2762.3062   16.6839
    7.5000  -37.5000   30.0000 2752.9006   16.7368
   -7.5000  -30.0000   30.0000 2746.7710   17.0478
    0.0000  -30.0000   30.0000 2780.5444   16.5265
    7.5000  -30.0000   30.0000 2763.8416   16.6169
   -7.5000  -22.5000   30.0000 2761.2124   17.1393
    0.0000  -22.5000   30.0000 2799.4207   16.6766
    7.5000  -22.5000   30.0000 2781.2869   16.7636
   -7.5000  -15.0000   30.0000 2764.5728   17.4173
    0.0000  -15.0000   30.0000 2803.7400   17.0056
    7.5000  -15.0000   30.0000 2786.2451   17.1692
   -7.5000   -7.5000   30.0000 2753.7107   17.8792
    0.0000   -7.5000   30.0000 2792.0471   17.5147
    7.5000   -7.5000   30.0000 2767.0708   17.6758
   -7.5000    0.0000   30.0000 2720.6838   18.5678
    0.0000    0.0000   30.0000 2752.9785   18.2328
    7.5000    0.0000   30.0000 2731.8582   18.3825
   -7.5000    7.5000   30.0000 2667.9963   19.4604
    0.0000    7.5000   30.0000 2694.4707   19.1366
    7.5000    7.5000   30.0000 2677.8110   19.2226
   -7.5000   15.0000   30.0000 2590.6780   20.5969
    0.0000   15.0000   30.0000 2616.6411   20.2897
    7.5000   15.0000   30.0000 2604.2549   20.3670
   -7.5000   22.5000   30.0000 2513.2549   21.9046
    0.0000   22.5000   30.0000 2533.8274   21.5966
    7.5000   22.5000   30.0000 2512.1924   21.7031
   -7.5000   30.0000   30.0000 2412.4150   23.4443
    0.0000   30.0000   30.0000 2438.0750   23.1647
    7.5000   30.0000   30.0000 2416.0835   23.2445
   -7.5000   37.5000   30.0000 2306.5139   25.3384
    0.0000   37.5000   30.0000 2333.8635   25.1405
    7.5000   37.5000   30.0000 2313.3345   25.2024
   -7.5000   45.0000   30.0000 2187.7754   27.7107
    0.0000   45.0000   30.0000 2206.5156   27.5210
    7.5000   45.0000   30.0000 2183.2444   27.6038
   -7.5000  -45.0000   37.5000 2655.5864   18.3560
    0.0000  -45.0000   37.5000 2700.6001   17.8361
    7.5000  -45.0000   37.5000 2695.5312   17.8224
   -7.5000  -37.5000   37.5000 2675.4980   18.0328
    0.0000  -37.5000   37.5000 2713.4712   17.4731
    7.5000  -37.5000   37.5000 2707.8264   17.4565
   -7.5000  -30.0000   37.5000 2692.0537   17.8376
    0.0000  -30.0000   37.5000 2725.2471   17.3268
    7.5000  -30.0000   37.5000 2714.6379   17.3561
   -7.5000  -22.5000   37.5000 2700.6143   17.9400
    0.0000  -22.5000   37.5000 2737.7781   17.4719
    7.5000  -22.5000   37.5000 2723.0317   17.5068
   -7.5000  -15.0000   37.5000 2699.9368   18.2733
    0.0000  -15.0000   37.5000 2736.2478   17.8387
    7.5000  -15.0000   37.5000 2721.3557   17.9109
   -7.5000   -7.5000   37.5000 2682.6077   18.7768
    0.0000   -7.5000   37.5000 2718.1069   18.4522
    7.5000   -7.5000   37.5000 2696.2881   18.4817
   -7.5000    0.0000   37.5000 2642.7573   19.5659
    0.0000    0.0000   37.5000 2676.4863   19.2494
    7.5000    0.0000   37.5000 2655.0132   19.2971
   -7.5000    7.5000   37.5000 2587.2825   20.5237
    0.0000    7.5000   37.5000 2615.6345   20.2627
    7.5000    7.5000   37.5000 2599.5762   20.2575
   -7.5000   15.0000   37.5000 2517.7197   21.7429
    0.0000   15.0000   37.5000 2544.4346   21.5183
    7.5000   15.0000   37.5000 2530.2415   21.5233
   -7.5000   22.5000   37.5000 2441.8987   23.1411
    0.0000   22.5000   37.5000 2468.4155   22.8780
    7.5000   22.5000   37.5000 2452.6125   22.8877
   -7.5000   30.0000   37.5000 2347.6040   24.7207
    0.0000   30.0000   37.5000 2373.6438   24.4172
    7.5000   30.0000   37.5000 2355.5027   24.4923
   -7.5000   37.5000   37.5000 2246.7236   26.6736
    0.0000   37.5000   37.5000 2268.8018   26.4261
    7.5000   37.5000   37.5000 2252.0920   26.4467
   -7.5000   45.0000   37.5000 2137.0427   29.1224
    0.0000   45.0000   37.5000 2149.0935   28.9073
    7.5000   45.0000   37.5000 2125.8989   28.9185
   -7.5000  -45.0000   45.0000 2601.9355   19.2888
    0.0000  -45.0000   45.0000 2645.1809   18.7640
    7.5000  -45.0000   45.0000 2640.0361   18.6845
   -7.5000  -37.5000   45.0000 2613.5566   18.9830
    0.0000  -37.5000   45.0000 2649.8813   18.4759
    7.5000  -37.5000   45.0000 2643.7976   18.3976
   -7.5000  -30.0000   45.0000 2620.3208   18.8682
    0.0000  -30.0000   45.0000 2660.2974   18.3885
    7.5000  -30.0000   45.0000 2649.7944   18.3428
   -7.5000  -22.5000   45.0000 2626.2383   18.9903
    0.0000  -22.5000   45.0000 2664.5994   18.5554
    7.5000  -22.5000   45.0000 2655.0112   18.5309
   -7.5000  -15.0000   45.0000 2622.7959   19.3625
    0.0000  -15.0000   45.0000 2659.7021   18.9819
    7.5000  -15.0000   45.0000 2651.3650   18.9686
   -7.5000   -7.5000   45.0000 2601.5583   19.8749
    0.0000   -7.5000   45.0000 2634.9824   19.5573
    7.5000   -7.5000   45.0000 2621.3542   19.5107
   -7.5000    0.0000   45.0000 2558.7700   20.7789
    0.0000    0.0000   45.0000 2591.5005   20.4608
    7.5000    0.0000   45.0000 2576.7585   20.4037
   -7.5000    7.5000   45.0000 2508.2778   21.8716
    0.0000    7.5000   45.0000 2531.6484   21.6095
    7.5000    7.5000   45.0000 2517.0715   21.5371
   -7.5000   15.0000   45.0000 2437.8323   23.2111
    0.0000   15.0000   45.0000 2457.3838   22.9956
    7.5000   15.0000   45.0000 2442.2703   22.9850
   -7.5000   22.5000   45.0000 2359.4841   24.6450
    0.0000   22.5000   45.0000 2382.0159   24.4463
    7.5000   22.5000   45.0000 2372.2292   24.4151
   -7.5000   30.0000   45.0000 2273.4094   26.3542
    0.0000   30.0000   45.0000 2296.7185   26.0611
    7.5000   30.0000   45.0000 2285.8333   26.0602
   -7.5000   37.5000   45.0000 2181.8391   28.3654
    0.0000   37.5000   45.0000 2203.7107   28.0509
    7.5000   37.5000   45.0000 2188.2368   28.1239
   -7.5000   45.0000   45.0000 2075.2524   30.9964
    0.0000   45.0000   45.0000 2091.1594   30.6307
    7.5000   45.0000   45.0000 2069.6375   30.7285

---------------------------------------------------------------------
imgreg_4dfp /Applications/freesurfer/7.4.1/average/711-2C_as_mni_average_305 /Applications/freesurfer/7.4.1/average/711-2B_as_mni_average_305_mask talsrcimg_g11 none talsrcimg_to_711-2C_as_mni_average_305_t4 1283
---------------------------------------------------------------------

freesurfer imgreg_4dfp.c
/Applications/freesurfer/7.4.1/average/711-2C_as_mni_average_305.4dfp.img
       256       256       256         1
  1.000000  1.000000  1.000000
orientation T byte_order littleendian
Reading image: /Applications/freesurfer/7.4.1/average/711-2C_as_mni_average_305.4dfp.img
dimensions:      256       256       256
mmppix:       1.0000   -1.0000   -1.0000
center:     128.0000 -129.0000 -129.0000
/Applications/freesurfer/7.4.1/average/711-2B_as_mni_average_305_mask.4dfp.img
       256       256       256         1
  1.000000  1.000000  1.000000
orientation T byte_order littleendian
Reading mask: /Applications/freesurfer/7.4.1/average/711-2B_as_mni_average_305_mask.4dfp.img (2306576 pixels)
talsrcimg_g11.4dfp.img
       256       256       256         1
  1.000000  1.000000  1.000000
orientation T byte_order littleendian
Reading image: talsrcimg_g11.4dfp.img
dimensions:      256       256       256
mmppix:       1.0000   -1.0000   -1.0000
center:     128.0000 -129.0000 -129.0000
rotation matrix determinant  1.000000
fimgreg.f
image alignment mode   1283 decimal      503 hex
parameters
    0.0000   -7.5000    0.0000    0.0000    0.0000    0.0000
eta,q 0.92029 16.06246
niter,ni,del,rscale     5    3   12.0000    1.2000
parameter  2 -0.855224 -> -0.500000 qaram    1.1500
parameter  3 -1.503827 -> -0.500000 qaram    1.1500
parameter  4  0.848815 ->  0.500000 qaram    1.1500
parameter  6 -0.685535 -> -0.500000 qaram    1.1500
parameters
    0.0378   -4.0500    3.4500   -3.4500   -1.3357    3.4500
eta,q 0.92344 16.05730
  0.0953  0.0900  0.0890  0.0781  0.0817  0.0847
  0.0878  0.0871  0.0873  0.0791  0.0767  0.0812
  0.0840  0.0848  0.0848  0.0801  0.0772  0.0789
  0.0834  0.0833  0.0829  0.0796  0.0795  0.0778
  0.0849  0.0830  0.0813  0.0799  0.0799  0.0772
  0.0886  0.0821  0.0796  0.0822  0.0806  0.0763
  0.0940  0.0816  0.0799  0.0844  0.0840  0.0765
niter,ni,del,rscale     7    3   12.0000    1.2000
parameter  4  0.769497 ->  0.500000 qaram    1.3225
parameters
    1.0911   -2.0989    2.2733   -7.4175   -1.2749    2.5122
eta,q 0.92590 15.91923
  0.0939  0.0886  0.0815  0.0746  0.0803  0.0775
  0.0866  0.0845  0.0773  0.0736  0.0758  0.0757
  0.0791  0.0798  0.0754  0.0739  0.0737  0.0748
  0.0766  0.0769  0.0763  0.0757  0.0736  0.0736
  0.0774  0.0764  0.0779  0.0795  0.0742  0.0742
  0.0796  0.0778  0.0814  0.0815  0.0761  0.0773
  0.0851  0.0808  0.0861  0.0847  0.0795  0.0812
niter,ni,del,rscale     7    3   12.0000    1.2000
parameters
    0.9103   -1.7398    0.7613   -8.5873   -1.5560    2.3175
eta,q 0.92849 15.85689
  0.0851  0.0865  0.0791  0.0779  0.0794  0.0772
  0.0778  0.0805  0.0752  0.0747  0.0741  0.0738
  0.0739  0.0741  0.0722  0.0715  0.0714  0.0721
  0.0741  0.0740  0.0743  0.0723  0.0717  0.0715
  0.0751  0.0758  0.0776  0.0735  0.0739  0.0718
  0.0789  0.0790  0.0804  0.0781  0.0761  0.0742
  0.0862  0.0833  0.0835  0.0826  0.0795  0.0782
niter,ni,del,rscale     6    3   12.0000    1.2000
parameters
    1.0625   -1.4168    0.0236   -9.4430   -1.7274    2.2873
eta,q 0.92909 15.83390
  0.0859  0.0867  0.0800  0.0772  0.0798  0.0774
  0.0779  0.0795  0.0765  0.0752  0.0742  0.0741
  0.0721  0.0720  0.0729  0.0721  0.0709  0.0718
  0.0715  0.0716  0.0719  0.0714  0.0711  0.0709
  0.0731  0.0745  0.0765  0.0729  0.0737  0.0715
  0.0770  0.0788  0.0798  0.0762  0.0759  0.0740
  0.0840  0.0825  0.0819  0.0815  0.0792  0.0777
niter,ni,del,rscale     5    3   12.0000    1.2000
parameters
    1.2049   -1.2167   -0.5129  -10.2246   -1.6655    2.4051
eta,q 0.92857 15.82262
  0.0859  0.0863  0.0804  0.0765  0.0801  0.0779
  0.0781  0.0794  0.0768  0.0754  0.0750  0.0750
  0.0719  0.0719  0.0737  0.0732  0.0716  0.0727
  0.0709  0.0710  0.0712  0.0714  0.0714  0.0715
  0.0726  0.0750  0.0753  0.0729  0.0735  0.0721
  0.0771  0.0799  0.0799  0.0755  0.0754  0.0745
  0.0842  0.0827  0.0819  0.0807  0.0787  0.0777
niter,ni,del,rscale     4    3   12.0000    1.2000
parameters
    1.2645   -1.1611   -0.9097  -10.8927   -1.4556    2.5521
eta,q 0.92779 15.81635
  0.0855  0.0857  0.0808  0.0762  0.0800  0.0782
  0.0779  0.0796  0.0769  0.0756  0.0755  0.0757
  0.0721  0.0726  0.0741  0.0740  0.0725  0.0733
  0.0714  0.0715  0.0715  0.0718  0.0721  0.0722
  0.0729  0.0759  0.0741  0.0729  0.0734  0.0728
  0.0775  0.0808  0.0796  0.0750  0.0750  0.0751
  0.0847  0.0832  0.0821  0.0799  0.0785  0.0781
niter,ni,del,rscale     3    3   12.0000    1.2000
parameters
    1.2775   -1.1932   -1.2267  -11.3624   -1.2676    2.6899
eta,q 0.92734 15.81795
  0.0850  0.0851  0.0810  0.0763  0.0796  0.0785
  0.0778  0.0796  0.0768  0.0756  0.0756  0.0761
  0.0728  0.0735  0.0741  0.0742  0.0731  0.0736
  0.0722  0.0722  0.0722  0.0724  0.0727  0.0727
  0.0730  0.0765  0.0737  0.0731  0.0734  0.0732
  0.0775  0.0811  0.0790  0.0747  0.0749  0.0755
  0.0850  0.0835  0.0821  0.0790  0.0786  0.0783
niter,ni,del,rscale     2    3   12.0000    1.2000
parameters
    1.2770   -1.2434   -1.4468  -11.6852   -1.1230    2.7844
eta,q 0.92703 15.82168
  0.0847  0.0847  0.0811  0.0765  0.0793  0.0787
  0.0777  0.0795  0.0769  0.0756  0.0755  0.0763
  0.0734  0.0740  0.0740  0.0742  0.0735  0.0737
  0.0727  0.0727  0.0726  0.0728  0.0730  0.0730
  0.0728  0.0765  0.0735  0.0734  0.0733  0.0735
  0.0774  0.0810  0.0785  0.0748  0.0749  0.0758
  0.0851  0.0833  0.0820  0.0783  0.0788  0.0787
niter,ni,del,rscale     1    3   12.0000    1.2000
parameters
    1.2723   -1.2703   -1.6300  -11.9739   -0.9881    2.8459
eta,q 0.92685 15.82468
  0.0846  0.0844  0.0813  0.0766  0.0791  0.0788
  0.0777  0.0795  0.0769  0.0755  0.0756  0.0764
  0.0738  0.0744  0.0740  0.0742  0.0739  0.0738
  0.0730  0.0730  0.0730  0.0730  0.0732  0.0732
  0.0727  0.0765  0.0736  0.0735  0.0733  0.0736
  0.0774  0.0807  0.0783  0.0751  0.0749  0.0760
  0.0852  0.0831  0.0819  0.0780  0.0789  0.0788
registration optimization eta report
parameter search radius
    6.0000    6.9000    6.9000    7.9350    6.0000    6.9000
100000*second partial in parameter space
       35.       21.       18.        6.       17.       12.
  0.0846  0.0844  0.0813  0.0766  0.0791  0.0788
  0.0777  0.0795  0.0769  0.0755  0.0756  0.0764
  0.0738  0.0744  0.0740  0.0742  0.0739  0.0738
  0.0730  0.0730  0.0730  0.0730  0.0732  0.0732
  0.0727  0.0765  0.0736  0.0735  0.0733  0.0736
  0.0774  0.0807  0.0783  0.0751  0.0749  0.0760
  0.0852  0.0831  0.0819  0.0780  0.0789  0.0788
    1.2723   -1.2703   -1.6300  -11.9739   -0.9881    2.8459
eta,q 0.92685 15.82468

---------------------------------------------------------------------
imgreg_4dfp /Applications/freesurfer/7.4.1/average/711-2C_as_mni_average_305 /Applications/freesurfer/7.4.1/average/711-2B_as_mni_average_305_mask talsrcimg_g11 none talsrcimg_to_711-2C_as_mni_average_305_t4 3335
---------------------------------------------------------------------

freesurfer imgreg_4dfp.c
/Applications/freesurfer/7.4.1/average/711-2C_as_mni_average_305.4dfp.img
       256       256       256         1
  1.000000  1.000000  1.000000
orientation T byte_order littleendian
Reading image: /Applications/freesurfer/7.4.1/average/711-2C_as_mni_average_305.4dfp.img
dimensions:      256       256       256
mmppix:       1.0000   -1.0000   -1.0000
center:     128.0000 -129.0000 -129.0000
/Applications/freesurfer/7.4.1/average/711-2B_as_mni_average_305_mask.4dfp.img
       256       256       256         1
  1.000000  1.000000  1.000000
orientation T byte_order littleendian
Reading mask: /Applications/freesurfer/7.4.1/average/711-2B_as_mni_average_305_mask.4dfp.img (2306576 pixels)
talsrcimg_g11.4dfp.img
       256       256       256         1
  1.000000  1.000000  1.000000
orientation T byte_order littleendian
Reading image: talsrcimg_g11.4dfp.img
dimensions:      256       256       256
mmppix:       1.0000   -1.0000   -1.0000
center:     128.0000 -129.0000 -129.0000
fimgreg.f
image alignment mode   3335 decimal      D07 hex
parameters
    1.2723   -1.2703   -1.6300   -0.1382   -2.3142   -2.1903
   -5.2143    0.6549    4.9643   20.8048   -1.7246  -20.7435
eta,q 0.92704 15.97211
niter,ni,del,rscale     5    3    5.0000    1.2000
parameter  4  2.769379 ->  0.500000 qaram    1.1500
parameter  5  3.084450 ->  0.500000 qaram    1.1500
parameter  6  2.583163 ->  0.500000 qaram    1.1500
parameter  9  0.735246 ->  0.500000 qaram    1.1500
parameter 10  2.270785 ->  0.500000 qaram    1.1500
parameters
    1.3252   -0.8779   -2.3332   -4.2782   -6.4542   -6.3303
   -6.5821    1.2312    0.8243   16.6648    0.2446  -20.1476
eta,q 0.94458 16.10849
  0.0755  0.0747  0.0734  0.0665  0.0612  0.0567  0.0605  0.0632  0.0581  0.0545  0.0582  0.0566
  0.0743  0.0738  0.0729  0.0675  0.0629  0.0581  0.0592  0.0613  0.0580  0.0553  0.0570  0.0558
  0.0734  0.0732  0.0727  0.0696  0.0651  0.0607  0.0586  0.0596  0.0581  0.0565  0.0561  0.0555
  0.0730  0.0730  0.0729  0.0727  0.0680  0.0635  0.0587  0.0586  0.0585  0.0580  0.0556  0.0554
  0.0732  0.0730  0.0733  0.0765  0.0715  0.0669  0.0594  0.0586  0.0590  0.0598  0.0554  0.0555
  0.0740  0.0733  0.0737  0.0796  0.0749  0.0703  0.0607  0.0600  0.0595  0.0617  0.0557  0.0558
  0.0754  0.0738  0.0741  0.0822  0.0778  0.0738  0.0624  0.0623  0.0604  0.0636  0.0564  0.0561
niter,ni,del,rscale     7    3    5.0000    1.2000
parameter  2 -1.720004 -> -0.500000 qaram    1.1500
parameter  5  2.401555 ->  0.500000 qaram    1.3225
parameter 12 -1.041018 -> -0.500000 qaram    1.1500
parameters
    1.2781    0.5021   -2.0449   -7.7900  -11.2152   -8.9628
   -3.5746    2.4337    3.1738   14.2129   -3.1524  -16.0076
eta,q 0.95491 16.00519
  0.0592  0.0618  0.0556  0.0540  0.0446  0.0498  0.0519  0.0526  0.0497  0.0480  0.0462  0.0488
  0.0570  0.0595  0.0541  0.0530  0.0467  0.0484  0.0499  0.0497  0.0484  0.0467  0.0460  0.0478
  0.0557  0.0573  0.0533  0.0524  0.0493  0.0473  0.0483  0.0478  0.0473  0.0462  0.0460  0.0468
  0.0554  0.0554  0.0529  0.0530  0.0525  0.0474  0.0473  0.0468  0.0467  0.0466  0.0462  0.0459
  0.0560  0.0538  0.0531  0.0556  0.0564  0.0496  0.0469  0.0468  0.0466  0.0477  0.0465  0.0454
  0.0573  0.0527  0.0536  0.0603  0.0609  0.0536  0.0470  0.0478  0.0468  0.0495  0.0470  0.0450
  0.0593  0.0519  0.0544  0.0653  0.0648  0.0585  0.0477  0.0497  0.0476  0.0520  0.0478  0.0450
niter,ni,del,rscale     7    3    5.0000    1.2000
parameter  2 -1.463666 -> -0.500000 qaram    1.3225
parameter  3  0.600834 ->  0.500000 qaram    1.1500
parameter  5  0.984736 ->  0.500000 qaram    1.5209
parameters
    0.8621    2.0891   -3.4249   -7.5433  -16.6903  -10.1144
   -3.3055    2.3997    4.2881   17.8516   -2.9878  -17.0210
eta,q 0.96371 15.85071
  0.0470  0.0534  0.0417  0.0463  0.0364  0.0406  0.0403  0.0422  0.0411  0.0450  0.0378  0.0379
  0.0458  0.0503  0.0413  0.0444  0.0368  0.0391  0.0387  0.0392  0.0394  0.0421  0.0370  0.0369
  0.0451  0.0475  0.0414  0.0427  0.0384  0.0380  0.0378  0.0377  0.0381  0.0394  0.0365  0.0364
  0.0451  0.0450  0.0419  0.0413  0.0412  0.0371  0.0374  0.0374  0.0374  0.0374  0.0363  0.0363
  0.0457  0.0430  0.0428  0.0406  0.0454  0.0373  0.0377  0.0380  0.0375  0.0364  0.0365  0.0368
  0.0471  0.0416  0.0440  0.0426  0.0509  0.0403  0.0385  0.0395  0.0383  0.0367  0.0370  0.0376
  0.0492  0.0410  0.0453  0.0472  0.0564  0.0451  0.0398  0.0420  0.0396  0.0382  0.0376  0.0388
niter,ni,del,rscale     7    3    5.0000    1.2000
parameter  2 -0.906755 -> -0.500000 qaram    1.5209
parameter  5  0.552229 ->  0.500000 qaram    1.7490
parameter 10 -0.617605 -> -0.500000 qaram    1.3225
parameters
    0.8188    3.9141   -4.0741   -6.4093  -22.9868  -10.6752
   -3.6335    2.2592    4.3691   22.6126   -2.4136  -20.2306
eta,q 0.97195 15.66186
  0.0394  0.0480  0.0346  0.0388  0.0312  0.0345  0.0329  0.0360  0.0338  0.0395  0.0305  0.0290
  0.0376  0.0435  0.0334  0.0367  0.0305  0.0328  0.0316  0.0327  0.0321  0.0361  0.0293  0.0282
  0.0366  0.0395  0.0329  0.0347  0.0306  0.0315  0.0308  0.0309  0.0310  0.0331  0.0286  0.0281
  0.0363  0.0363  0.0331  0.0329  0.0322  0.0304  0.0306  0.0306  0.0306  0.0306  0.0284  0.0284
  0.0367  0.0340  0.0339  0.0317  0.0357  0.0303  0.0310  0.0313  0.0310  0.0288  0.0286  0.0293
  0.0378  0.0329  0.0352  0.0332  0.0414  0.0327  0.0319  0.0331  0.0320  0.0285  0.0290  0.0306
  0.0397  0.0330  0.0369  0.0375  0.0489  0.0374  0.0333  0.0362  0.0337  0.0300  0.0298  0.0322
niter,ni,del,rscale     7    3    5.0000    1.2000
parameters
    0.8143    5.6125   -4.3660   -5.7336  -25.7465  -10.5359
   -3.7441    2.2079    4.3588   24.2752   -2.1580  -21.9428
eta,q 0.97516 15.66533
  0.0321  0.0423  0.0286  0.0321  0.0305  0.0319  0.0284  0.0324  0.0294  0.0355  0.0270  0.0263
  0.0299  0.0365  0.0271  0.0300  0.0275  0.0295  0.0269  0.0287  0.0274  0.0313  0.0258  0.0254
  0.0285  0.0316  0.0263  0.0281  0.0259  0.0275  0.0259  0.0263  0.0261  0.0280  0.0252  0.0249
  0.0280  0.0280  0.0262  0.0261  0.0257  0.0257  0.0256  0.0256  0.0256  0.0256  0.0250  0.0250
  0.0285  0.0263  0.0268  0.0252  0.0275  0.0253  0.0260  0.0265  0.0261  0.0249  0.0252  0.0256
  0.0299  0.0266  0.0280  0.0272  0.0320  0.0281  0.0270  0.0288  0.0274  0.0268  0.0257  0.0266
  0.0322  0.0289  0.0298  0.0319  0.0398  0.0328  0.0286  0.0326  0.0295  0.0311  0.0266  0.0280
niter,ni,del,rscale     6    3    5.0000    1.2000
parameters
    0.7998    5.8598   -4.2838   -5.6783  -26.2493  -10.3691
   -3.7345    2.1220    4.2500   24.6654   -2.1535  -22.2242
eta,q 0.97534 15.65938
  0.0295  0.0348  0.0284  0.0305  0.0324  0.0318  0.0278  0.0319  0.0288  0.0333  0.0266  0.0268
  0.0269  0.0298  0.0265  0.0285  0.0285  0.0292  0.0262  0.0280  0.0266  0.0294  0.0254  0.0256
  0.0254  0.0264  0.0253  0.0267  0.0260  0.0268  0.0251  0.0255  0.0252  0.0265  0.0248  0.0249
  0.0248  0.0248  0.0248  0.0248  0.0248  0.0248  0.0248  0.0248  0.0248  0.0248  0.0247  0.0247
  0.0254  0.0255  0.0252  0.0244  0.0253  0.0247  0.0251  0.0257  0.0253  0.0250  0.0249  0.0251
  0.0270  0.0282  0.0263  0.0271  0.0285  0.0278  0.0262  0.0282  0.0268  0.0278  0.0255  0.0259
  0.0296  0.0325  0.0280  0.0320  0.0347  0.0326  0.0278  0.0322  0.0290  0.0328  0.0264  0.0270
niter,ni,del,rscale     5    3    5.0000    1.2000
parameters
    0.7801    5.9404   -4.2168   -5.7025  -26.3553  -10.2988
   -3.7173    2.0981    4.2211   24.7762   -2.1654  -22.2750
eta,q 0.97537 15.65982
  0.0294  0.0339  0.0283  0.0303  0.0327  0.0317  0.0277  0.0319  0.0288  0.0329  0.0265  0.0268
  0.0268  0.0291  0.0264  0.0284  0.0287  0.0291  0.0261  0.0280  0.0265  0.0290  0.0254  0.0257
  0.0252  0.0258  0.0251  0.0265  0.0260  0.0267  0.0250  0.0254  0.0251  0.0262  0.0247  0.0249
  0.0247  0.0247  0.0247  0.0247  0.0247  0.0247  0.0247  0.0247  0.0247  0.0247  0.0246  0.0246
  0.0252  0.0256  0.0250  0.0244  0.0250  0.0247  0.0250  0.0256  0.0252  0.0251  0.0249  0.0250
  0.0269  0.0286  0.0262  0.0271  0.0280  0.0279  0.0260  0.0280  0.0266  0.0281  0.0255  0.0257
  0.0295  0.0331  0.0280  0.0320  0.0340  0.0328  0.0277  0.0320  0.0288  0.0333  0.0264  0.0269
niter,ni,del,rscale     4    3    5.0000    1.2000
parameters
    0.7745    5.9607   -4.1917   -5.7227  -26.3902  -10.2755
   -3.7117    2.0941    4.2146   24.8049   -2.1786  -22.2761
eta,q 0.97538 15.65865
  0.0294  0.0336  0.0282  0.0303  0.0328  0.0317  0.0277  0.0319  0.0288  0.0327  0.0265  0.0269
  0.0268  0.0289  0.0263  0.0283  0.0287  0.0291  0.0260  0.0280  0.0265  0.0289  0.0254  0.0257
  0.0252  0.0257  0.0251  0.0265  0.0260  0.0266  0.0250  0.0254  0.0251  0.0262  0.0248  0.0249
  0.0246  0.0246  0.0246  0.0246  0.0246  0.0246  0.0246  0.0246  0.0246  0.0246  0.0246  0.0246
  0.0252  0.0257  0.0250  0.0243  0.0250  0.0247  0.0250  0.0255  0.0251  0.0251  0.0249  0.0250
  0.0268  0.0288  0.0262  0.0270  0.0279  0.0280  0.0260  0.0279  0.0266  0.0282  0.0255  0.0257
  0.0294  0.0334  0.0281  0.0320  0.0338  0.0329  0.0277  0.0320  0.0288  0.0334  0.0264  0.0268
registration optimization eta report
parameter search radius
    2.4000    3.6501    2.7600    8.2800   12.5928    8.2800
    7.2000    7.2000    8.2800    9.5220    7.2000    8.2800
100000*second partial in parameter space
       83.       66.       46.        9.        6.       11.
        6.       14.        6.        9.        4.        3.
  0.0294  0.0336  0.0282  0.0303  0.0328  0.0317  0.0277  0.0319  0.0288  0.0327  0.0265  0.0269
  0.0268  0.0289  0.0263  0.0283  0.0287  0.0291  0.0260  0.0280  0.0265  0.0289  0.0254  0.0257
  0.0252  0.0257  0.0251  0.0265  0.0260  0.0266  0.0250  0.0254  0.0251  0.0262  0.0248  0.0249
  0.0246  0.0246  0.0246  0.0246  0.0246  0.0246  0.0246  0.0246  0.0246  0.0246  0.0246  0.0246
  0.0252  0.0257  0.0250  0.0243  0.0250  0.0247  0.0250  0.0255  0.0251  0.0251  0.0249  0.0250
  0.0268  0.0288  0.0262  0.0270  0.0279  0.0280  0.0260  0.0279  0.0266  0.0282  0.0255  0.0257
  0.0294  0.0334  0.0281  0.0320  0.0338  0.0329  0.0277  0.0320  0.0288  0.0334  0.0264  0.0268
    0.7745    5.9607   -4.1917   -5.7227  -26.3902  -10.2755
   -3.7117    2.0941    4.2146   24.8049   -2.1786  -22.2761
eta,q 0.97538 15.65865

---------------------------------------------------------------------
imgreg_4dfp /Applications/freesurfer/7.4.1/average/711-2C_as_mni_average_305 /Applications/freesurfer/7.4.1/average/711-2B_as_mni_average_305_mask talsrcimg_g11 none talsrcimg_to_711-2C_as_mni_average_305_t4 2311
---------------------------------------------------------------------

freesurfer imgreg_4dfp.c
/Applications/freesurfer/7.4.1/average/711-2C_as_mni_average_305.4dfp.img
       256       256       256         1
  1.000000  1.000000  1.000000
orientation T byte_order littleendian
Reading image: /Applications/freesurfer/7.4.1/average/711-2C_as_mni_average_305.4dfp.img
dimensions:      256       256       256
mmppix:       1.0000   -1.0000   -1.0000
center:     128.0000 -129.0000 -129.0000
/Applications/freesurfer/7.4.1/average/711-2B_as_mni_average_305_mask.4dfp.img
       256       256       256         1
  1.000000  1.000000  1.000000
orientation T byte_order littleendian
Reading mask: /Applications/freesurfer/7.4.1/average/711-2B_as_mni_average_305_mask.4dfp.img (2306576 pixels)
talsrcimg_g11.4dfp.img
       256       256       256         1
  1.000000  1.000000  1.000000
orientation T byte_order littleendian
Reading image: talsrcimg_g11.4dfp.img
dimensions:      256       256       256
mmppix:       1.0000   -1.0000   -1.0000
center:     128.0000 -129.0000 -129.0000
fimgreg.f
image alignment mode   2311 decimal      907 hex
parameters
    0.7745    5.9607   -4.1917   -5.7227  -26.3902  -10.2755
   -3.7117    2.0941    4.2146   24.8049   -2.1786  -22.2761
eta,q 0.97537 15.65864
niter,ni,del,rscale     5    3    5.0000    0.8000
parameters
    0.7771    5.9381   -4.1881   -4.4575  -25.2477   -9.9175
   -3.6683    2.1931    4.0611   24.9979   -2.0362  -22.7263
eta,q 0.97608 15.80936
  0.0268  0.0264  0.0259  0.0278  0.0259  0.0278  0.0257  0.0284  0.0255  0.0268  0.0252  0.0247
  0.0256  0.0254  0.0252  0.0268  0.0251  0.0263  0.0248  0.0261  0.0246  0.0254  0.0245  0.0243
  0.0249  0.0248  0.0248  0.0257  0.0245  0.0249  0.0242  0.0245  0.0241  0.0244  0.0241  0.0240
  0.0246  0.0246  0.0246  0.0246  0.0242  0.0240  0.0239  0.0239  0.0239  0.0239  0.0239  0.0239
  0.0249  0.0249  0.0248  0.0241  0.0240  0.0240  0.0241  0.0244  0.0242  0.0241  0.0241  0.0241
  0.0256  0.0255  0.0252  0.0246  0.0242  0.0250  0.0247  0.0258  0.0248  0.0250  0.0244  0.0245
  0.0268  0.0265  0.0259  0.0260  0.0248  0.0273  0.0256  0.0281  0.0257  0.0265  0.0250  0.0251
niter,ni,del,rscale     4    3    5.0000    0.7000
parameters
    0.7284    6.0225   -4.1163   -4.5762  -25.3105   -9.6444
   -3.6424    2.1387    4.0293   25.1305   -2.0871  -22.8887
eta,q 0.97615 15.82165
  0.0258  0.0256  0.0251  0.0264  0.0249  0.0270  0.0252  0.0272  0.0252  0.0261  0.0248  0.0246
  0.0247  0.0247  0.0245  0.0253  0.0244  0.0257  0.0245  0.0254  0.0244  0.0250  0.0242  0.0242
  0.0241  0.0241  0.0241  0.0244  0.0241  0.0246  0.0240  0.0242  0.0240  0.0242  0.0239  0.0239
  0.0239  0.0239  0.0239  0.0239  0.0239  0.0239  0.0239  0.0239  0.0239  0.0239  0.0239  0.0239
  0.0242  0.0240  0.0240  0.0241  0.0240  0.0239  0.0240  0.0243  0.0240  0.0240  0.0240  0.0240
  0.0249  0.0245  0.0243  0.0252  0.0244  0.0248  0.0245  0.0255  0.0245  0.0247  0.0243  0.0243
  0.0261  0.0253  0.0249  0.0271  0.0251  0.0267  0.0252  0.0273  0.0252  0.0260  0.0248  0.0247
niter,ni,del,rscale     3    3    5.0000    0.6000
parameters
    0.7036    6.0504   -4.0511   -4.5236  -25.3371   -9.4940
   -3.6184    2.1319    4.0124   25.1955   -2.1339  -22.9242
eta,q 0.97618 15.82856
  0.0253  0.0251  0.0248  0.0259  0.0246  0.0262  0.0248  0.0264  0.0248  0.0255  0.0245  0.0244
  0.0245  0.0244  0.0243  0.0250  0.0242  0.0251  0.0243  0.0250  0.0242  0.0246  0.0241  0.0241
  0.0240  0.0240  0.0240  0.0243  0.0240  0.0243  0.0239  0.0241  0.0239  0.0241  0.0239  0.0239
  0.0239  0.0239  0.0239  0.0238  0.0238  0.0238  0.0238  0.0238  0.0238  0.0238  0.0238  0.0238
  0.0240  0.0240  0.0239  0.0240  0.0239  0.0239  0.0239  0.0241  0.0239  0.0239  0.0239  0.0239
  0.0246  0.0243  0.0242  0.0247  0.0242  0.0246  0.0243  0.0250  0.0243  0.0245  0.0242  0.0241
  0.0254  0.0249  0.0246  0.0261  0.0247  0.0261  0.0248  0.0264  0.0248  0.0254  0.0245  0.0244
niter,ni,del,rscale     2    3    5.0000    0.5000
parameters
    0.6911    6.0647   -4.0044   -4.4533  -25.3380   -9.3877
   -3.6060    2.1333    4.0001   25.2281   -2.1590  -22.9283
eta,q 0.97620 15.83438
  0.0249  0.0246  0.0245  0.0254  0.0243  0.0255  0.0245  0.0256  0.0245  0.0250  0.0243  0.0242
  0.0243  0.0242  0.0241  0.0247  0.0241  0.0247  0.0241  0.0246  0.0241  0.0244  0.0240  0.0240
  0.0239  0.0239  0.0239  0.0241  0.0239  0.0241  0.0239  0.0240  0.0239  0.0240  0.0238  0.0239
  0.0238  0.0238  0.0238  0.0238  0.0238  0.0238  0.0238  0.0238  0.0238  0.0238  0.0238  0.0238
  0.0239  0.0239  0.0239  0.0239  0.0238  0.0239  0.0239  0.0240  0.0239  0.0239  0.0239  0.0238
  0.0243  0.0242  0.0240  0.0244  0.0240  0.0244  0.0241  0.0246  0.0241  0.0243  0.0240  0.0240
  0.0249  0.0246  0.0243  0.0254  0.0244  0.0254  0.0245  0.0256  0.0245  0.0250  0.0243  0.0242
niter,ni,del,rscale     1    3    5.0000    0.4000
parameters
    0.6848    6.0754   -3.9715   -4.3872  -25.3355   -9.2967
   -3.5865    2.1373    3.9849   25.2472   -2.1863  -22.9318
eta,q 0.97622 15.83937
  0.0245  0.0243  0.0242  0.0249  0.0241  0.0249  0.0242  0.0250  0.0242  0.0245  0.0241  0.0241
  0.0241  0.0240  0.0240  0.0244  0.0240  0.0243  0.0240  0.0243  0.0240  0.0241  0.0239  0.0239
  0.0239  0.0239  0.0239  0.0240  0.0238  0.0240  0.0238  0.0239  0.0238  0.0239  0.0238  0.0238
  0.0238  0.0238  0.0238  0.0238  0.0238  0.0238  0.0238  0.0238  0.0238  0.0238  0.0238  0.0238
  0.0239  0.0238  0.0238  0.0239  0.0238  0.0238  0.0238  0.0239  0.0238  0.0238  0.0238  0.0238
  0.0241  0.0240  0.0240  0.0242  0.0239  0.0242  0.0240  0.0243  0.0240  0.0241  0.0239  0.0239
  0.0245  0.0243  0.0241  0.0248  0.0242  0.0248  0.0242  0.0250  0.0242  0.0245  0.0241  0.0241
registration optimization eta report
parameter search radius
    0.8000    0.8000    0.8000    2.4000    2.4000    2.4000
    2.4000    2.4000    2.4000    2.4000    2.4000    2.4000
100000*second partial in parameter space
      109.       81.       60.       18.        6.       19.
        8.       21.        8.       13.        6.        5.
  0.0245  0.0243  0.0242  0.0249  0.0241  0.0249  0.0242  0.0250  0.0242  0.0245  0.0241  0.0241
  0.0241  0.0240  0.0240  0.0244  0.0240  0.0243  0.0240  0.0243  0.0240  0.0241  0.0239  0.0239
  0.0239  0.0239  0.0239  0.0240  0.0238  0.0240  0.0238  0.0239  0.0238  0.0239  0.0238  0.0238
  0.0238  0.0238  0.0238  0.0238  0.0238  0.0238  0.0238  0.0238  0.0238  0.0238  0.0238  0.0238
  0.0239  0.0238  0.0238  0.0239  0.0238  0.0238  0.0238  0.0239  0.0238  0.0238  0.0238  0.0238
  0.0241  0.0240  0.0240  0.0242  0.0239  0.0242  0.0240  0.0243  0.0240  0.0241  0.0239  0.0239
  0.0245  0.0243  0.0241  0.0248  0.0242  0.0248  0.0242  0.0250  0.0242  0.0245  0.0241  0.0241
    0.6848    6.0754   -3.9715   -4.3872  -25.3355   -9.2967
   -3.5865    2.1373    3.9849   25.2472   -2.1863  -22.9318
eta,q 0.97622 15.83937

---------------------------------------------------------------------
imgreg_4dfp /Applications/freesurfer/7.4.1/average/711-2C_as_mni_average_305 /Applications/freesurfer/7.4.1/average/711-2B_as_mni_average_305_mask talsrcimg_g11 none talsrcimg_to_711-2C_as_mni_average_305_t4 2311
---------------------------------------------------------------------

freesurfer imgreg_4dfp.c
/Applications/freesurfer/7.4.1/average/711-2C_as_mni_average_305.4dfp.img
       256       256       256         1
  1.000000  1.000000  1.000000
orientation T byte_order littleendian
Reading image: /Applications/freesurfer/7.4.1/average/711-2C_as_mni_average_305.4dfp.img
dimensions:      256       256       256
mmppix:       1.0000   -1.0000   -1.0000
center:     128.0000 -129.0000 -129.0000
/Applications/freesurfer/7.4.1/average/711-2B_as_mni_average_305_mask.4dfp.img
       256       256       256         1
  1.000000  1.000000  1.000000
orientation T byte_order littleendian
Reading mask: /Applications/freesurfer/7.4.1/average/711-2B_as_mni_average_305_mask.4dfp.img (2306576 pixels)
talsrcimg_g11.4dfp.img
       256       256       256         1
  1.000000  1.000000  1.000000
orientation T byte_order littleendian
Reading image: talsrcimg_g11.4dfp.img
dimensions:      256       256       256
mmppix:       1.0000   -1.0000   -1.0000
center:     128.0000 -129.0000 -129.0000
fimgreg.f
image alignment mode   2311 decimal      907 hex
parameters
    0.6848    6.0754   -3.9715   -4.3872  -25.3355   -9.2966
   -3.5865    2.1373    3.9849   25.2472   -2.1863  -22.9318
eta,q 0.97622 15.83937
niter,ni,del,rscale     5    3    5.0000    0.8000
parameters
    0.6941    6.0885   -3.9384   -4.8497  -25.5701   -9.5102
   -3.6132    2.1136    4.0683   25.2170   -2.1657  -22.8323
eta,q 0.97611 15.80424
  0.0266  0.0259  0.0254  0.0265  0.0251  0.0273  0.0255  0.0280  0.0256  0.0265  0.0251  0.0249
  0.0250  0.0247  0.0245  0.0254  0.0244  0.0257  0.0246  0.0258  0.0247  0.0252  0.0244  0.0244
  0.0241  0.0240  0.0240  0.0243  0.0240  0.0244  0.0241  0.0243  0.0241  0.0243  0.0240  0.0241
  0.0238  0.0238  0.0238  0.0238  0.0238  0.0239  0.0239  0.0239  0.0239  0.0239  0.0239  0.0239
  0.0241  0.0240  0.0239  0.0243  0.0240  0.0242  0.0241  0.0244  0.0241  0.0241  0.0241  0.0240
  0.0250  0.0247  0.0244  0.0259  0.0245  0.0258  0.0247  0.0258  0.0246  0.0251  0.0245  0.0243
  0.0265  0.0258  0.0252  0.0284  0.0255  0.0284  0.0256  0.0281  0.0255  0.0268  0.0250  0.0248
niter,ni,del,rscale     4    3    5.0000    0.7000
parameters
    0.7079    6.0487   -4.0083   -4.6980  -25.4526   -9.5433
   -3.6246    2.1324    4.0507   25.2002   -2.1571  -22.8644
eta,q 0.97615 15.81331
  0.0259  0.0253  0.0249  0.0265  0.0249  0.0267  0.0252  0.0272  0.0251  0.0259  0.0248  0.0246
  0.0248  0.0245  0.0243  0.0255  0.0244  0.0254  0.0244  0.0254  0.0244  0.0249  0.0242  0.0242
  0.0241  0.0240  0.0240  0.0245  0.0240  0.0244  0.0240  0.0242  0.0240  0.0242  0.0239  0.0240
  0.0239  0.0239  0.0239  0.0239  0.0239  0.0238  0.0239  0.0239  0.0239  0.0239  0.0239  0.0239
  0.0241  0.0241  0.0241  0.0239  0.0239  0.0240  0.0240  0.0242  0.0240  0.0240  0.0240  0.0239
  0.0248  0.0246  0.0245  0.0248  0.0242  0.0251  0.0244  0.0254  0.0244  0.0248  0.0243  0.0242
  0.0258  0.0255  0.0251  0.0265  0.0249  0.0272  0.0252  0.0271  0.0252  0.0261  0.0247  0.0246
niter,ni,del,rscale     3    3    5.0000    0.6000
parameters
    0.7035    6.0543   -4.0169   -4.5585  -25.3830   -9.4784
   -3.6201    2.1422    4.0177   25.2125   -2.1595  -22.9056
eta,q 0.97618 15.82487
  0.0253  0.0250  0.0247  0.0260  0.0246  0.0261  0.0248  0.0264  0.0248  0.0254  0.0245  0.0244
  0.0245  0.0244  0.0242  0.0251  0.0242  0.0250  0.0243  0.0250  0.0242  0.0246  0.0241  0.0241
  0.0240  0.0240  0.0240  0.0243  0.0240  0.0242  0.0239  0.0241  0.0239  0.0241  0.0239  0.0239
  0.0239  0.0239  0.0239  0.0239  0.0238  0.0238  0.0238  0.0238  0.0238  0.0238  0.0238  0.0238
  0.0240  0.0240  0.0240  0.0239  0.0239  0.0239  0.0239  0.0241  0.0239  0.0240  0.0239  0.0239
  0.0245  0.0244  0.0242  0.0246  0.0241  0.0247  0.0243  0.0250  0.0243  0.0245  0.0242  0.0241
  0.0254  0.0250  0.0247  0.0259  0.0246  0.0262  0.0248  0.0263  0.0248  0.0255  0.0245  0.0244
niter,ni,del,rscale     2    3    5.0000    0.5000
parameters
    0.6950    6.0651   -3.9986   -4.4572  -25.3532   -9.3902
   -3.6038    2.1412    4.0020   25.2295   -2.1727  -22.9227
eta,q 0.97621 15.83297
  0.0249  0.0246  0.0244  0.0254  0.0244  0.0255  0.0245  0.0256  0.0245  0.0249  0.0243  0.0242
  0.0243  0.0242  0.0241  0.0247  0.0241  0.0247  0.0241  0.0246  0.0241  0.0243  0.0240  0.0240
  0.0239  0.0239  0.0239  0.0241  0.0239  0.0241  0.0239  0.0240  0.0239  0.0240  0.0238  0.0239
  0.0238  0.0238  0.0238  0.0238  0.0238  0.0238  0.0238  0.0238  0.0238  0.0238  0.0238  0.0238
  0.0239  0.0239  0.0239  0.0239  0.0238  0.0239  0.0239  0.0240  0.0239  0.0239  0.0239  0.0238
  0.0243  0.0242  0.0241  0.0244  0.0240  0.0244  0.0241  0.0246  0.0241  0.0243  0.0240  0.0240
  0.0249  0.0246  0.0244  0.0254  0.0244  0.0254  0.0245  0.0256  0.0245  0.0250  0.0243  0.0242
niter,ni,del,rscale     1    3    5.0000    0.4000
parameters
    0.6869    6.0739   -3.9717   -4.3863  -25.3423   -9.2972
   -3.5865    2.1413    3.9802   25.2436   -2.1844  -22.9276
eta,q 0.97622 15.83869
  0.0245  0.0243  0.0242  0.0249  0.0241  0.0249  0.0242  0.0250  0.0242  0.0245  0.0241  0.0241
  0.0241  0.0240  0.0240  0.0244  0.0240  0.0244  0.0240  0.0243  0.0240  0.0241  0.0239  0.0239
  0.0239  0.0239  0.0239  0.0240  0.0238  0.0240  0.0238  0.0239  0.0238  0.0239  0.0238  0.0238
  0.0238  0.0238  0.0238  0.0238  0.0238  0.0238  0.0238  0.0238  0.0238  0.0238  0.0238  0.0238
  0.0239  0.0238  0.0238  0.0239  0.0238  0.0238  0.0238  0.0239  0.0238  0.0238  0.0238  0.0238
  0.0241  0.0240  0.0240  0.0242  0.0239  0.0242  0.0240  0.0243  0.0240  0.0241  0.0239  0.0239
  0.0245  0.0243  0.0242  0.0248  0.0242  0.0248  0.0242  0.0250  0.0242  0.0245  0.0241  0.0241
registration optimization eta report
parameter search radius
    0.8000    0.8000    0.8000    2.4000    2.4000    2.4000
    2.4000    2.4000    2.4000    2.4000    2.4000    2.4000
100000*second partial in parameter space
      108.       81.       60.       18.        6.       19.
        8.       21.        8.       13.        6.        5.
  0.0245  0.0243  0.0242  0.0249  0.0241  0.0249  0.0242  0.0250  0.0242  0.0245  0.0241  0.0241
  0.0241  0.0240  0.0240  0.0244  0.0240  0.0244  0.0240  0.0243  0.0240  0.0241  0.0239  0.0239
  0.0239  0.0239  0.0239  0.0240  0.0238  0.0240  0.0238  0.0239  0.0238  0.0239  0.0238  0.0238
  0.0238  0.0238  0.0238  0.0238  0.0238  0.0238  0.0238  0.0238  0.0238  0.0238  0.0238  0.0238
  0.0239  0.0238  0.0238  0.0239  0.0238  0.0238  0.0238  0.0239  0.0238  0.0238  0.0238  0.0238
  0.0241  0.0240  0.0240  0.0242  0.0239  0.0242  0.0240  0.0243  0.0240  0.0241  0.0239  0.0239
  0.0245  0.0243  0.0242  0.0248  0.0242  0.0248  0.0242  0.0250  0.0242  0.0245  0.0241  0.0241
    0.6869    6.0739   -3.9717   -4.3863  -25.3423   -9.2972
   -3.5865    2.1413    3.9802   25.2436   -2.1844  -22.9276
eta,q 0.97622 15.83869

---------------------------------------------------------------------
compute_vox2vox talsrcimg talsrcimg_to_711-2C_as_mni_average_305_t4 /Applications/freesurfer/7.4.1/average/711-2C_as_mni_average_305
---------------------------------------------------------------------

freesurfer compute_vox2vox.c
Reading: talsrcimg.4dfp.ifh
Reading: talsrcimg_to_711-2C_as_mni_average_305_t4
Reading: /Applications/freesurfer/7.4.1/average/711-2C_as_mni_average_305.4dfp.ifh
Writing: talsrcimg_to_711-2C_as_mni_average_305_t4_vox2vox.txt

start time Wed Nov 8 16:20:50 -03 2023
end		time Wed Nov 8 16:21:08 -03 2023

mpr2mni305 success

avi2talxfm orig_nu.mgz /Applications/freesurfer/7.4.1/average/mni305.cor.mgz talsrcimg_to_711-2C_as_mni_average_305_t4_vox2vox.txt transforms/talairach.auto.xfm
avi2talxfm done
mv -f /Applications/freesurfer/7.4.1/subjects/109_S_1192/mri/talsrcimg_to_711-2C_as_mni_average_305_t4_vox2vox.txt /Applications/freesurfer/7.4.1/subjects/109_S_1192/mri/transforms/talsrcimg_to_711-2C_as_mni_average_305_t4_vox2vox.txt
lta_convert --src orig_nu.mgz --trg /Applications/freesurfer/7.4.1/average/mni305.cor.mgz --inxfm transforms/talairach.auto.xfm --outlta transforms/talairach.auto.xfm.lta --subject fsaverage
7.4.1

--src: orig_nu.mgz src image (geometry).
--trg: /Applications/freesurfer/7.4.1/average/mni305.cor.mgz trg image (geometry).
--inmni: transforms/talairach.auto.xfm input MNI/XFM transform.
--outlta: transforms/talairach.auto.xfm.lta output LTA.
--s: fsaverage subject name
 LTA read, type : 1
 1.04343  -0.03555   0.03921   3.51378;
 0.01020   1.01534   0.31231  -11.57872;
-0.05908  -0.34142   1.23176  -4.72916;
 0.00000   0.00000   0.00000   1.00000;
setting subject to fsaverage
Writing  LTA to file transforms/talairach.auto.xfm.lta...
lta_convert successful.
 
 
Started at Wed Nov 8 16:20:50 -03 2023
Ended   at Wed Nov  8 16:21:08 -03 2023
talairach_avi done
