/Applications/freesurfer/7.4.1/subjects/094_S_4282/mri
/Applications/freesurfer/7.4.1/bin/talairach_avi
--i orig_nu.mgz --xfm transforms/talairach.auto.xfm
FreeSurferEnv.csh 7.4.1
Darwin Facundos-MacBook-Air.local 23.0.0 Darwin Kernel Version 23.0.0: Fri Sep 15 14:41:34 PDT 2023; root:xnu-10002.1.13~1/RELEASE_ARM64_T8103 arm64
Wed Nov  8 17:06:15 -03 2023
mri_convert orig_nu.mgz talsrcimg.img 
reading from orig_nu.mgz...
TR=6.98, TE=2.85, TI=400.00, flip angle=11.00
i_ras = (-1, 0, 0)
j_ras = (0, 0, -1)
k_ras = (0, 1, 0)
writing to talsrcimg.img...
Analyze Output Matrix
-1.00000   0.00000   0.00000   128.94003;
 0.00000   0.00000   1.00000  -82.90178;
 0.00000  -1.00000   0.00000   86.00861;
 0.00000   0.00000   0.00000   1.00000;
--------------------
INFO: set hdr.hist.orient to -1
mpr2mni305 talsrcimg
Wed Nov  8 17:06:16 -03 2023
/Applications/freesurfer/7.4.1/bin/mpr2mni305 talsrcimg
mpr2mni305 7.4.1
target=711-2C_as_mni_average_305

---------------------------------------------------------------------
analyzeto4dfp talsrcimg -O0 -y
---------------------------------------------------------------------

freesurfer ifh2hdr.c
Wed Nov  8 17:06:16 2023
Writing: talsrcimg.4dfp.hdr
freesurfer analyzeto4dfp.c
Reading: talsrcimg.hdr
header size 348 bytes
hdr.dime.datatype	offset=70	value=2
hdr.dime.bitpix		offset=72	value=8
hdr.hist.orient		offset=252	value=-1
dimensionality     4
dimensions       256       256       256         1
Reading: talsrcimg.img
Writing: talsrcimg.4dfp.img
Writing: talsrcimg.4dfp.ifh
ifh2hdr talsrcimg -r0to121
ori=2

---------------------------------------------------------------------
gauss_4dfp talsrcimg 1.1
---------------------------------------------------------------------

freesurfer gauss_4dfp.c
Reading: talsrcimg.4dfp.img
Writing: talsrcimg_g11.4dfp.img
image dimensions 256 256 256 padded to 288 288 288
processing volume 1freesurfer ifh2hdr.c
Wed Nov  8 17:06:18 2023
Writing: talsrcimg_g11.4dfp.hdr

Writing: talsrcimg_g11.4dfp.ifh
including: talsrcimg.4dfp.img.rec in talsrcimg_g11.4dfp.img.rec

---------------------------------------------------------------------
imgreg_4dfp /Applications/freesurfer/7.4.1/average/711-2C_as_mni_average_305 none talsrcimg_g11 none talsrcimg_to_711-2C_as_mni_average_305_t4 4355
---------------------------------------------------------------------

freesurfer imgreg_4dfp.c
/Applications/freesurfer/7.4.1/average/711-2C_as_mni_average_305.4dfp.img
       256       256       256         1
  1.000000  1.000000  1.000000
orientation T byte_order littleendian
Reading image: /Applications/freesurfer/7.4.1/average/711-2C_as_mni_average_305.4dfp.img
dimensions:      256       256       256
mmppix:       1.0000   -1.0000   -1.0000
center:     128.0000 -129.0000 -129.0000
talsrcimg_g11.4dfp.img
       256       256       256         1
  1.000000  1.000000  1.000000
orientation T byte_order littleendian
Reading image: talsrcimg_g11.4dfp.img
dimensions:      256       256       256
mmppix:       1.0000   -1.0000   -1.0000
center:     128.0000 -129.0000 -129.0000
t4_read: open error in t4_sub.f l:  41 t4_file(1:l)talsrcimg_to_711-2C_as_mni_average_305_t4 
t4_read: transform initialized to I4
rotation matrix determinant  1.000000
image alignment mode   4355 decimal     1103 hex
   -7.5000  -45.0000  -45.0000 9390.4512   24.3507
    0.0000  -45.0000  -45.0000 9672.7939   24.3147
    7.5000  -45.0000  -45.0000 9247.8320   24.3130
   -7.5000  -37.5000  -45.0000 9561.4619   24.2031
    0.0000  -37.5000  -45.0000 9851.7461   24.1722
    7.5000  -37.5000  -45.0000 9422.9277   24.1685
   -7.5000  -30.0000  -45.000010084.9951   23.6864
    0.0000  -30.0000  -45.000010404.5947   23.6533
    7.5000  -30.0000  -45.0000 9941.2627   23.6482
   -7.5000  -22.5000  -45.000010714.5029   23.3400
    0.0000  -22.5000  -45.000011059.1689   23.2959
    7.5000  -22.5000  -45.000010551.1113   23.2940
   -7.5000  -15.0000  -45.000011341.9521   23.1416
    0.0000  -15.0000  -45.000011723.3477   23.0919
    7.5000  -15.0000  -45.000011155.3652   23.0945
   -7.5000   -7.5000  -45.000011880.5840   22.9708
    0.0000   -7.5000  -45.000012310.5684   22.9269
    7.5000   -7.5000  -45.000011686.2871   22.9305
   -7.5000    0.0000  -45.000012286.8770   22.8969
    0.0000    0.0000  -45.000012730.2461   22.8629
    7.5000    0.0000  -45.000012104.5977   22.8662
   -7.5000    7.5000  -45.000011803.5127   23.2144
    0.0000    7.5000  -45.000012215.9277   23.1843
    7.5000    7.5000  -45.000011621.3574   23.1831
   -7.5000   15.0000  -45.000011265.4629   23.7431
    0.0000   15.0000  -45.000011618.8887   23.7096
    7.5000   15.0000  -45.000011031.9941   23.7055
   -7.5000   22.5000  -45.000010668.1924   24.2351
    0.0000   22.5000  -45.000010991.5137   24.1921
    7.5000   22.5000  -45.000010417.3613   24.1976
   -7.5000   30.0000  -45.000010010.2568   24.3952
    0.0000   30.0000  -45.000010302.5166   24.3450
    7.5000   30.0000  -45.0000 9770.5762   24.3574
   -7.5000   37.5000  -45.0000 9726.6709   24.8775
    0.0000   37.5000  -45.000010034.2725   24.8293
    7.5000   37.5000  -45.0000 9497.0586   24.8375
   -7.5000   45.0000  -45.0000 9089.0166   24.8597
    0.0000   45.0000  -45.0000 9393.3184   24.8216
    7.5000   45.0000  -45.0000 8867.8477   24.8272
   -7.5000  -45.0000  -37.5000 9800.7139   24.2010
    0.0000  -45.0000  -37.500010113.5449   24.1767
    7.5000  -45.0000  -37.5000 9624.5654   24.1755
   -7.5000  -37.5000  -37.500010007.8193   24.0536
    0.0000  -37.5000  -37.500010320.4814   24.0341
    7.5000  -37.5000  -37.5000 9830.2803   24.0356
   -7.5000  -30.0000  -37.500010606.1836   23.5430
    0.0000  -30.0000  -37.500010942.1699   23.5186
    7.5000  -30.0000  -37.500010400.0361   23.5217
   -7.5000  -22.5000  -37.500011301.7402   23.2009
    0.0000  -22.5000  -37.500011668.6357   23.1627
    7.5000  -22.5000  -37.500011066.4209   23.1658
   -7.5000  -15.0000  -37.500011958.9092   23.0037
    0.0000  -15.0000  -37.500012372.0303   22.9600
    7.5000  -15.0000  -37.500011715.6719   22.9624
   -7.5000   -7.5000  -37.500012508.4424   22.8355
    0.0000   -7.5000  -37.500012971.9385   22.7994
    7.5000   -7.5000  -37.500012270.0117   22.8004
   -7.5000    0.0000  -37.500012895.6699   22.7657
    0.0000    0.0000  -37.500013360.9980   22.7420
    7.5000    0.0000  -37.500012686.9746   22.7446
   -7.5000    7.5000  -37.500012350.1016   23.0772
    0.0000    7.5000  -37.500012784.9268   23.0576
    7.5000    7.5000  -37.500012138.7334   23.0610
   -7.5000   15.0000  -37.500011783.2578   23.6003
    0.0000   15.0000  -37.500012155.0088   23.5755
    7.5000   15.0000  -37.500011488.1133   23.5796
   -7.5000   22.5000  -37.500011126.2559   24.0859
    0.0000   22.5000  -37.500011478.4912   24.0488
    7.5000   22.5000  -37.500010849.3965   24.0598
   -7.5000   30.0000  -37.500010452.3760   24.2389
    0.0000   30.0000  -37.500010780.0732   24.1936
    7.5000   30.0000  -37.500010227.9844   24.2053
   -7.5000   37.5000  -37.500010118.4619   24.7119
    0.0000   37.5000  -37.500010488.5791   24.6723
    7.5000   37.5000  -37.5000 9932.3145   24.6780
   -7.5000   45.0000  -37.5000 9448.5957   24.7024
    0.0000   45.0000  -37.5000 9795.8389   24.6768
    7.5000   45.0000  -37.5000 9267.1689   24.6834
   -7.5000  -45.0000  -30.000010404.2842   24.9162
    0.0000  -45.0000  -30.000010767.6123   24.8970
    7.5000  -45.0000  -30.000010252.6758   24.8915
   -7.5000  -37.5000  -30.000010628.2061   24.7613
    0.0000  -37.5000  -30.000010995.3115   24.7454
    7.5000  -37.5000  -30.000010451.7295   24.7465
   -7.5000  -30.0000  -30.000011307.1377   24.2325
    0.0000  -30.0000  -30.000011690.1592   24.2095
    7.5000  -30.0000  -30.000011094.2500   24.2161
   -7.5000  -22.5000  -30.000012106.2373   23.8769
    0.0000  -22.5000  -30.000012506.5508   23.8386
    7.5000  -22.5000  -30.000011833.8027   23.8438
   -7.5000  -15.0000  -30.000012869.6055   23.6695
    0.0000  -15.0000  -30.000013301.4805   23.6268
    7.5000  -15.0000  -30.000012549.1992   23.6275
   -7.5000   -7.5000  -30.000013505.6709   23.4939
    0.0000   -7.5000  -30.000013973.1973   23.4607
    7.5000   -7.5000  -30.000013148.4434   23.4571
   -7.5000    0.0000  -30.000013870.3184   23.4251
    0.0000    0.0000  -30.000014354.4082   23.4055
    7.5000    0.0000  -30.000013536.3975   23.4033
   -7.5000    7.5000  -30.000013232.0684   23.7443
    0.0000    7.5000  -30.000013680.6963   23.7281
    7.5000    7.5000  -30.000012913.6973   23.7305
   -7.5000   15.0000  -30.000012592.6846   24.2780
    0.0000   15.0000  -30.000013002.5859   24.2540
    7.5000   15.0000  -30.000012237.5410   24.2613
   -7.5000   22.5000  -30.000011876.1777   24.7778
    0.0000   22.5000  -30.000012283.9941   24.7405
    7.5000   22.5000  -30.000011554.8135   24.7537
   -7.5000   30.0000  -30.000011157.8438   24.9378
    0.0000   30.0000  -30.000011565.7227   24.8922
    7.5000   30.0000  -30.000010933.1514   24.9015
   -7.5000   37.5000  -30.000010815.6357   25.4182
    0.0000   37.5000  -30.000011214.3408   25.3806
    7.5000   37.5000  -30.000010610.7471   25.3820
   -7.5000   45.0000  -30.000010094.8320   25.4281
    0.0000   45.0000  -30.000010465.3252   25.4055
    7.5000   45.0000  -30.0000 9893.0332   25.4081
   -7.5000  -45.0000  -22.500011020.7461   25.4988
    0.0000  -45.0000  -22.500011410.4639   25.4759
    7.5000  -45.0000  -22.500010891.2549   25.4651
   -7.5000  -37.5000  -22.500011278.1348   25.3383
    0.0000  -37.5000  -22.500011685.9424   25.3179
    7.5000  -37.5000  -22.500011113.1836   25.3122
   -7.5000  -30.0000  -22.500012007.3721   24.7913
    0.0000  -30.0000  -22.500012451.6592   24.7642
    7.5000  -30.0000  -22.500011815.4609   24.7651
   -7.5000  -22.5000  -22.500012886.7051   24.4194
    0.0000  -22.5000  -22.500013322.1436   24.3784
    7.5000  -22.5000  -22.500012605.0449   24.3805
   -7.5000  -15.0000  -22.500013784.4717   24.2014
    0.0000  -15.0000  -22.500014245.8506   24.1574
    7.5000  -15.0000  -22.500013374.6631   24.1568
   -7.5000   -7.5000  -22.500014544.0654   24.0213
    0.0000   -7.5000  -22.500015051.6182   23.9868
    7.5000   -7.5000  -22.500014019.3105   23.9813
   -7.5000    0.0000  -22.500014931.8789   23.9582
    0.0000    0.0000  -22.500015470.6445   23.9354
    7.5000    0.0000  -22.500014426.7031   23.9287
   -7.5000    7.5000  -22.500014185.2539   24.2859
    0.0000    7.5000  -22.500014686.0693   24.2653
    7.5000    7.5000  -22.500013774.1533   24.2610
   -7.5000   15.0000  -22.500013458.5830   24.8233
    0.0000   15.0000  -22.500013930.3975   24.7948
    7.5000   15.0000  -22.500013055.9932   24.7963
   -7.5000   22.5000  -22.500012664.6328   25.3308
    0.0000   22.5000  -22.500013133.3340   25.2910
    7.5000   22.5000  -22.500012311.0635   25.3010
   -7.5000   30.0000  -22.500011899.1992   25.4984
    0.0000   30.0000  -22.500012353.8125   25.4520
    7.5000   30.0000  -22.500011623.6729   25.4603
   -7.5000   37.5000  -22.500011556.7588   25.9948
    0.0000   37.5000  -22.500012006.3604   25.9549
    7.5000   37.5000  -22.500011297.9404   25.9550
   -7.5000   45.0000  -22.500010812.4277   26.0277
    0.0000   45.0000  -22.500011203.3799   25.9993
    7.5000   45.0000  -22.500010537.1123   25.9968
   -7.5000  -45.0000  -15.000011643.8867   25.8688
    0.0000  -45.0000  -15.000012068.7734   25.8330
    7.5000  -45.0000  -15.000011504.6377   25.8207
   -7.5000  -37.5000  -15.000011933.4873   25.6999
    0.0000  -37.5000  -15.000012394.6504   25.6682
    7.5000  -37.5000  -15.000011768.4180   25.6564
   -7.5000  -30.0000  -15.000012697.4326   25.1405
    0.0000  -30.0000  -15.000013189.0078   25.1058
    7.5000  -30.0000  -15.000012509.7646   25.0984
   -7.5000  -22.5000  -15.000013605.5518   24.7578
    0.0000  -22.5000  -15.000014046.9473   24.7116
    7.5000  -22.5000  -15.000013316.4863   24.7088
   -7.5000  -15.0000  -15.000014583.2695   24.5336
    0.0000  -15.0000  -15.000015045.7188   24.4831
    7.5000  -15.0000  -15.000014111.0850   24.4824
   -7.5000   -7.5000  -15.000015496.1104   24.3492
    0.0000   -7.5000  -15.000016000.1660   24.3055
    7.5000   -7.5000  -15.000014817.8057   24.3021
   -7.5000    0.0000  -15.000016040.8906   24.2888
    0.0000    0.0000  -15.000016632.6777   24.2546
    7.5000    0.0000  -15.000015383.6885   24.2475
   -7.5000    7.5000  -15.000015245.2842   24.6190
    0.0000    7.5000  -15.000015797.9639   24.5879
    7.5000    7.5000  -15.000014717.1250   24.5781
   -7.5000   15.0000  -15.000014394.6328   25.1597
    0.0000   15.0000  -15.000014921.2568   25.1237
    7.5000   15.0000  -15.000013901.7617   25.1171
   -7.5000   22.5000  -15.000013577.1641   25.6703
    0.0000   22.5000  -15.000014054.6260   25.6255
    7.5000   22.5000  -15.000013098.9902   25.6302
   -7.5000   30.0000  -15.000012810.7363   25.8482
    0.0000   30.0000  -15.000013258.3369   25.7964
    7.5000   30.0000  -15.000012350.5703   25.8053
   -7.5000   37.5000  -15.000012477.2764   26.3631
    0.0000   37.5000  -15.000012906.2529   26.3124
    7.5000   37.5000  -15.000012042.5508   26.3146
   -7.5000   45.0000  -15.000011660.1260   26.4116
    0.0000   45.0000  -15.000012023.8545   26.3687
    7.5000   45.0000  -15.000011213.6426   26.3641
   -7.5000  -45.0000   -7.500012322.4629   26.0875
    0.0000  -45.0000   -7.500012744.1436   26.0453
    7.5000  -45.0000   -7.500012157.2412   26.0379
   -7.5000  -37.5000   -7.500012644.4502   25.9048
    0.0000  -37.5000   -7.500013114.6973   25.8693
    7.5000  -37.5000   -7.500012446.1758   25.8580
   -7.5000  -30.0000   -7.500013438.3896   25.3375
    0.0000  -30.0000   -7.500013970.2061   25.3020
    7.5000  -30.0000   -7.500013209.7412   25.2904
   -7.5000  -22.5000   -7.500014323.6523   24.9522
    0.0000  -22.5000   -7.500014865.7725   24.9063
    7.5000  -22.5000   -7.500014031.6006   24.9003
   -7.5000  -15.0000   -7.500015297.6504   24.7252
    0.0000  -15.0000   -7.500015865.5088   24.6728
    7.5000  -15.0000   -7.500014897.3867   24.6733
   -7.5000   -7.5000   -7.500016314.7148   24.5318
    0.0000   -7.5000   -7.500016943.8203   24.4832
    7.5000   -7.5000   -7.500015685.1611   24.4849
   -7.5000    0.0000   -7.500017200.2148   24.4659
    0.0000    0.0000   -7.500017890.5488   24.4262
    7.5000    0.0000   -7.500016369.2363   24.4244
   -7.5000    7.5000   -7.500016624.9805   24.7926
    0.0000    7.5000   -7.500017235.1035   24.7579
    7.5000    7.5000   -7.500015785.0605   24.7493
   -7.5000   15.0000   -7.500015786.3027   25.3469
    0.0000   15.0000   -7.500016290.7285   25.3106
    7.5000   15.0000   -7.500014956.4014   25.3000
   -7.5000   22.5000   -7.500014837.7812   25.8625
    0.0000   22.5000   -7.500015268.3232   25.8182
    7.5000   22.5000   -7.500014041.8369   25.8196
   -7.5000   30.0000   -7.500013904.5908   26.0533
    0.0000   30.0000   -7.500014313.0801   26.0007
    7.5000   30.0000   -7.500013166.4629   26.0114
   -7.5000   37.5000   -7.500013426.5713   26.5822
    0.0000   37.5000   -7.500013836.2617   26.5275
    7.5000   37.5000   -7.500012773.0889   26.5342
   -7.5000   45.0000   -7.500012466.5254   26.6362
    0.0000   45.0000   -7.500012866.2637   26.5890
    7.5000   45.0000   -7.500011915.2832   26.5890
   -7.5000  -45.0000    0.000012867.9150   26.1018
    0.0000  -45.0000    0.000013381.5098   26.0646
    7.5000  -45.0000    0.000012735.1455   26.0628
   -7.5000  -37.5000    0.000013198.2754   25.9089
    0.0000  -37.5000    0.000013742.9854   25.8785
    7.5000  -37.5000    0.000013035.7705   25.8732
   -7.5000  -30.0000    0.000014044.2998   25.3381
    0.0000  -30.0000    0.000014636.4033   25.3075
    7.5000  -30.0000    0.000013851.7529   25.3000
   -7.5000  -22.5000    0.000014955.4453   24.9535
    0.0000  -22.5000    0.000015571.7021   24.9117
    7.5000  -22.5000    0.000014718.5859   24.9081
   -7.5000  -15.0000    0.000015913.2959   24.7238
    0.0000  -15.0000    0.000016549.4297   24.6748
    7.5000  -15.0000    0.000015575.1533   24.6768
   -7.5000   -7.5000    0.000017018.7070   24.5207
    0.0000   -7.5000    0.000017703.7910   24.4757
    7.5000   -7.5000    0.000016427.8711   24.4798
   -7.5000    0.0000    0.000018154.3555   24.4491
    0.0000    0.0000    0.000018871.1699   24.4136
    7.5000    0.0000    0.000017199.4551   24.4169
   -7.5000    7.5000    0.000017807.9961   24.7704
    0.0000    7.5000    0.000018488.2500   24.7405
    7.5000    7.5000    0.000016706.7891   24.7378
   -7.5000   15.0000    0.000016983.6758   25.3392
    0.0000   15.0000    0.000017606.9297   25.3079
    7.5000   15.0000    0.000015908.3574   25.3017
   -7.5000   22.5000    0.000015786.2510   25.8612
    0.0000   22.5000    0.000016333.5430   25.8211
    7.5000   22.5000    0.000014816.6494   25.8252
   -7.5000   30.0000    0.000014573.1406   26.0598
    0.0000   30.0000    0.000015093.3984   26.0108
    7.5000   30.0000    0.000013777.0928   26.0233
   -7.5000   37.5000    0.000013968.5000   26.5918
    0.0000   37.5000    0.000014450.5879   26.5428
    7.5000   37.5000    0.000013333.0762   26.5519
   -7.5000   45.0000    0.000012979.0381   26.6468
    0.0000   45.0000    0.000013435.8105   26.6076
    7.5000   45.0000    0.000012460.2217   26.6135
   -7.5000  -45.0000    7.500012405.1973   26.2284
    0.0000  -45.0000    7.500012911.7178   26.2031
    7.5000  -45.0000    7.500012324.6230   26.2015
   -7.5000  -37.5000    7.500012697.1221   26.0399
    0.0000  -37.5000    7.500013223.9043   26.0199
    7.5000  -37.5000    7.500012601.9922   26.0202
   -7.5000  -30.0000    7.500013540.3555   25.4737
    0.0000  -30.0000    7.500014111.1641   25.4500
    7.5000  -30.0000    7.500013393.9121   25.4515
   -7.5000  -22.5000    7.500014427.2822   25.0933
    0.0000  -22.5000    7.500015057.1357   25.0561
    7.5000  -22.5000    7.500014254.2305   25.0579
   -7.5000  -15.0000    7.500015339.0615   24.8656
    0.0000  -15.0000    7.500016023.5645   24.8221
    7.5000  -15.0000    7.500015071.8506   24.8239
   -7.5000   -7.5000    7.500016312.5811   24.6638
    0.0000   -7.5000    7.500017074.8516   24.6267
    7.5000   -7.5000    7.500015891.8477   24.6276
   -7.5000    0.0000    7.500017298.2070   24.5920
    0.0000    0.0000    7.500018155.4902   24.5667
    7.5000    0.0000    7.500016666.1348   24.5690
   -7.5000    7.5000    7.500017017.2031   24.9154
    0.0000    7.5000    7.500017914.0957   24.8950
    7.5000    7.5000    7.500016260.5254   24.8972
   -7.5000   15.0000    7.500016179.2266   25.4882
    0.0000   15.0000    7.500016978.4590   25.4638
    7.5000   15.0000    7.500015472.2490   25.4664
   -7.5000   22.5000    7.500014937.3174   26.0119
    0.0000   22.5000    7.500015621.9707   25.9762
    7.5000   22.5000    7.500014337.1201   25.9863
   -7.5000   30.0000    7.500013870.4062   26.2040
    0.0000   30.0000    7.500014513.3770   26.1594
    7.5000   30.0000    7.500013340.8330   26.1710
   -7.5000   37.5000    7.500013396.2041   26.7269
    0.0000   37.5000    7.500013959.5234   26.6867
    7.5000   37.5000    7.500012924.0879   26.6927
   -7.5000   45.0000    7.500012494.7041   26.7787
    0.0000   45.0000    7.500012996.5889   26.7518
    7.5000   45.0000    7.500012092.6016   26.7586
   -7.5000  -45.0000   15.000011824.5703   26.3785
    0.0000  -45.0000   15.000012251.4336   26.3601
    7.5000  -45.0000   15.000011724.5488   26.3533
   -7.5000  -37.5000   15.000012112.4531   26.1969
    0.0000  -37.5000   15.000012550.1807   26.1819
    7.5000  -37.5000   15.000011997.1455   26.1817
   -7.5000  -30.0000   15.000012929.4707   25.6311
    0.0000  -30.0000   15.000013412.7363   25.6093
    7.5000  -30.0000   15.000012796.6836   25.6150
   -7.5000  -22.5000   15.000013796.4072   25.2496
    0.0000  -22.5000   15.000014329.1816   25.2123
    7.5000  -22.5000   15.000013669.9326   25.2169
   -7.5000  -15.0000   15.000014630.9697   25.0218
    0.0000  -15.0000   15.000015208.9082   24.9798
    7.5000  -15.0000   15.000014449.5381   24.9802
   -7.5000   -7.5000   15.000015478.5195   24.8238
    0.0000   -7.5000   15.000016143.1758   24.7911
    7.5000   -7.5000   15.000015208.7959   24.7867
   -7.5000    0.0000   15.000016325.4346   24.7565
    0.0000    0.0000   15.000017131.1406   24.7370
    7.5000    0.0000   15.000015916.5303   24.7336
   -7.5000    7.5000   15.000015940.9268   25.0862
    0.0000    7.5000   15.000016766.5312   25.0703
    7.5000    7.5000   15.000015475.8320   25.0714
   -7.5000   15.0000   15.000015103.0986   25.6564
    0.0000   15.0000   15.000015801.5273   25.6333
    7.5000   15.0000   15.000014650.4131   25.6396
   -7.5000   22.5000   15.000013996.1943   26.1819
    0.0000   22.5000   15.000014621.7061   26.1458
    7.5000   22.5000   15.000013605.2607   26.1589
   -7.5000   30.0000   15.000013102.9814   26.3672
    0.0000   30.0000   15.000013709.3662   26.3227
    7.5000   30.0000   15.000012730.8242   26.3320
   -7.5000   37.5000   15.000012714.4951   26.8842
    0.0000   37.5000   15.000013286.0898   26.8475
    7.5000   37.5000   15.000012359.6445   26.8485
   -7.5000   45.0000   15.000011880.7949   26.9393
    0.0000   45.0000   15.000012383.1582   26.9172
    7.5000   45.0000   15.000011538.6475   26.9190
   -7.5000  -45.0000   22.500011225.6230   26.8008
    0.0000  -45.0000   22.500011604.8760   26.7764
    7.5000  -45.0000   22.500011122.4570   26.7637
   -7.5000  -37.5000   22.500011561.3760   26.6215
    0.0000  -37.5000   22.500011921.0547   26.6003
    7.5000  -37.5000   22.500011430.7285   26.5936
   -7.5000  -30.0000   22.500012357.1182   26.0412
    0.0000  -30.0000   22.500012749.2275   26.0135
    7.5000  -30.0000   22.500012216.4277   26.0149
   -7.5000  -22.5000   22.500013164.4141   25.6478
    0.0000  -22.5000   22.500013593.1172   25.6052
    7.5000  -22.5000   22.500013055.0410   25.6081
   -7.5000  -15.0000   22.500013943.8623   25.4172
    0.0000  -15.0000   22.500014390.3809   25.3708
    7.5000  -15.0000   22.500013799.8594   25.3703
   -7.5000   -7.5000   22.500014699.1895   25.2230
    0.0000   -7.5000   22.500015219.9160   25.1860
    7.5000   -7.5000   22.500014488.2725   25.1795
   -7.5000    0.0000   22.500015439.3164   25.1619
    0.0000    0.0000   22.500016079.4375   25.1375
    7.5000    0.0000   22.500015129.3975   25.1289
   -7.5000    7.5000   22.500014946.5967   25.5038
    0.0000    7.5000   22.500015598.7295   25.4824
    7.5000    7.5000   22.500014618.4053   25.4771
   -7.5000   15.0000   22.500014136.6338   26.0764
    0.0000   15.0000   22.500014672.8848   26.0471
    7.5000   15.0000   22.500013798.7920   26.0490
   -7.5000   22.5000   22.500013120.5068   26.6108
    0.0000   22.5000   22.500013661.8652   26.5697
    7.5000   22.5000   22.500012833.5137   26.5810
   -7.5000   30.0000   22.500012323.2197   26.8002
    0.0000   30.0000   22.500012877.4404   26.7514
    7.5000   30.0000   22.500012038.7334   26.7602
   -7.5000   37.5000   22.500011984.3545   27.3353
    0.0000   37.5000   22.500012519.2451   27.2925
    7.5000   37.5000   22.500011704.4805   27.2919
   -7.5000   45.0000   22.500011189.3408   27.4034
    0.0000   45.0000   22.500011683.4609   27.3728
    7.5000   45.0000   22.500010914.2646   27.3686
   -7.5000  -45.0000   30.000010610.3047   27.3209
    0.0000  -45.0000   30.000010960.9453   27.2829
    7.5000  -45.0000   30.000010508.1592   27.2687
   -7.5000  -37.5000   30.000010939.6602   27.1396
    0.0000  -37.5000   30.000011261.5430   27.1068
    7.5000  -37.5000   30.000010807.0283   27.0931
   -7.5000  -30.0000   30.000011647.5791   26.5425
    0.0000  -30.0000   30.000011972.5518   26.5066
    7.5000  -30.0000   30.000011496.0791   26.4978
   -7.5000  -22.5000   30.000012358.0020   26.1369
    0.0000  -22.5000   30.000012697.3330   26.0879
    7.5000  -22.5000   30.000012226.9521   26.0844
   -7.5000  -15.0000   30.000013040.8770   25.9041
    0.0000  -15.0000   30.000013413.9502   25.8499
    7.5000  -15.0000   30.000012895.9131   25.8488
   -7.5000   -7.5000   30.000013692.9531   25.7120
    0.0000   -7.5000   30.000014156.5381   25.6651
    7.5000   -7.5000   30.000013525.8291   25.6606
   -7.5000    0.0000   30.000014324.8193   25.6548
    0.0000    0.0000   30.000014871.9639   25.6185
    7.5000    0.0000   30.000014132.5322   25.6097
   -7.5000    7.5000   30.000013815.7559   26.0074
    0.0000    7.5000   30.000014339.6631   25.9751
    7.5000    7.5000   30.000013603.6953   25.9636
   -7.5000   15.0000   30.000013039.8643   26.5889
    0.0000   15.0000   30.000013477.2578   26.5516
    7.5000   15.0000   30.000012800.9756   26.5437
   -7.5000   22.5000   30.000012154.3340   27.1337
    0.0000   22.5000   30.000012609.1016   27.0864
    7.5000   22.5000   30.000011935.7910   27.0911
   -7.5000   30.0000   30.000011420.0977   27.3329
    0.0000   30.0000   30.000011875.0273   27.2774
    7.5000   30.0000   30.000011196.1152   27.2866
   -7.5000   37.5000   30.000011123.8779   27.8970
    0.0000   37.5000   30.000011549.9287   27.8424
    7.5000   37.5000   30.000010882.2520   27.8439
   -7.5000   45.0000   30.000010399.5771   27.9767
    0.0000   45.0000   30.000010796.3848   27.9310
    7.5000   45.0000   30.000010159.1748   27.9249
   -7.5000  -45.0000   37.500010413.1494   27.9935
    0.0000  -45.0000   37.500010764.8730   27.9476
    7.5000  -45.0000   37.500010293.5840   27.9383
   -7.5000  -37.5000   37.500010654.5645   27.7774
    0.0000  -37.5000   37.500010965.3135   27.7404
    7.5000  -37.5000   37.500010496.7471   27.7270
   -7.5000  -30.0000   37.500011299.5811   27.1629
    0.0000  -30.0000   37.500011590.6416   27.1258
    7.5000  -30.0000   37.500011128.7236   27.1123
   -7.5000  -22.5000   37.500011950.3730   26.7532
    0.0000  -22.5000   37.500012243.8721   26.7033
    7.5000  -22.5000   37.500011774.6973   26.6956
   -7.5000  -15.0000   37.500012585.2217   26.5194
    0.0000  -15.0000   37.500012907.1572   26.4611
    7.5000  -15.0000   37.500012417.7646   26.4604
   -7.5000   -7.5000   37.500013174.5371   26.3134
    0.0000   -7.5000   37.500013556.0127   26.2594
    7.5000   -7.5000   37.500013004.9473   26.2597
   -7.5000    0.0000   37.500013682.6445   26.2462
    0.0000    0.0000   37.500014166.0010   26.2028
    7.5000    0.0000   37.500013538.0264   26.1996
   -7.5000    7.5000   37.500013158.6572   26.5894
    0.0000    7.5000   37.500013605.8428   26.5530
    7.5000    7.5000   37.500013001.0693   26.5426
   -7.5000   15.0000   37.500012427.3701   27.1958
    0.0000   15.0000   37.500012820.2031   27.1579
    7.5000   15.0000   37.500012234.9062   27.1454
   -7.5000   22.5000   37.500011649.1309   27.7677
    0.0000   22.5000   37.500012040.0342   27.7198
    7.5000   22.5000   37.500011450.8311   27.7207
   -7.5000   30.0000   37.500010933.1807   27.9911
    0.0000   30.0000   37.500011319.7100   27.9328
    7.5000   30.0000   37.500010737.6201   27.9437
   -7.5000   37.5000   37.500010635.3145   28.5870
    0.0000   37.5000   37.500010984.5322   28.5261
    7.5000   37.5000   37.500010391.0674   28.5322
   -7.5000   45.0000   37.5000 9934.4131   28.6751
    0.0000   45.0000   37.500010262.3096   28.6236
    7.5000   45.0000   37.5000 9697.3994   28.6225
   -7.5000  -45.0000   45.0000 9716.0596   28.7821
    0.0000  -45.0000   45.000010071.5801   28.7451
    7.5000  -45.0000   45.0000 9636.7334   28.7429
   -7.5000  -37.5000   45.0000 9919.3643   28.5305
    0.0000  -37.5000   45.000010242.4092   28.5018
    7.5000  -37.5000   45.0000 9803.2578   28.4952
   -7.5000  -30.0000   45.000010514.1514   27.8954
    0.0000  -30.0000   45.000010790.6504   27.8643
    7.5000  -30.0000   45.000010370.4639   27.8557
   -7.5000  -22.5000   45.000011119.1699   27.4729
    0.0000  -22.5000   45.000011371.8369   27.4262
    7.5000  -22.5000   45.000010944.9629   27.4225
   -7.5000  -15.0000   45.000011694.1377   27.2358
    0.0000  -15.0000   45.000011958.3467   27.1798
    7.5000  -15.0000   45.000011519.1719   27.1826
   -7.5000   -7.5000   45.000012197.5254   27.0278
    0.0000   -7.5000   45.000012525.1670   26.9786
    7.5000   -7.5000   45.000012040.5234   26.9832
   -7.5000    0.0000   45.000012612.2148   26.9614
    0.0000    0.0000   45.000013022.3838   26.9255
    7.5000    0.0000   45.000012490.6816   26.9288
   -7.5000    7.5000   45.000012077.8770   27.2964
    0.0000    7.5000   45.000012443.3496   27.2677
    7.5000    7.5000   45.000011938.0684   27.2639
   -7.5000   15.0000   45.000011385.5879   27.9006
    0.0000   15.0000   45.000011735.2520   27.8691
    7.5000   15.0000   45.000011229.8135   27.8620
   -7.5000   22.5000   45.000010672.0166   28.4765
    0.0000   22.5000   45.000011025.0518   28.4326
    7.5000   22.5000   45.000010520.5332   28.4382
   -7.5000   30.0000   45.000010008.1836   28.7101
    0.0000   30.0000   45.000010347.6172   28.6544
    7.5000   30.0000   45.0000 9848.8945   28.6695
   -7.5000   37.5000   45.0000 9724.5889   29.3352
    0.0000   37.5000   45.000010026.4395   29.2811
    7.5000   37.5000   45.0000 9522.9023   29.2914
   -7.5000   45.0000   45.0000 9066.4785   29.4598
    0.0000   45.0000   45.0000 9359.4209   29.4199
    7.5000   45.0000   45.0000 8866.2803   29.4266

---------------------------------------------------------------------
imgreg_4dfp /Applications/freesurfer/7.4.1/average/711-2C_as_mni_average_305 /Applications/freesurfer/7.4.1/average/711-2B_as_mni_average_305_mask talsrcimg_g11 none talsrcimg_to_711-2C_as_mni_average_305_t4 4355
---------------------------------------------------------------------

freesurfer imgreg_4dfp.c
/Applications/freesurfer/7.4.1/average/711-2C_as_mni_average_305.4dfp.img
       256       256       256         1
  1.000000  1.000000  1.000000
orientation T byte_order littleendian
Reading image: /Applications/freesurfer/7.4.1/average/711-2C_as_mni_average_305.4dfp.img
dimensions:      256       256       256
mmppix:       1.0000   -1.0000   -1.0000
center:     128.0000 -129.0000 -129.0000
/Applications/freesurfer/7.4.1/average/711-2B_as_mni_average_305_mask.4dfp.img
       256       256       256         1
  1.000000  1.000000  1.000000
orientation T byte_order littleendian
Reading mask: /Applications/freesurfer/7.4.1/average/711-2B_as_mni_average_305_mask.4dfp.img (2306576 pixels)
talsrcimg_g11.4dfp.img
       256       256       256         1
  1.000000  1.000000  1.000000
orientation T byte_order littleendian
Reading image: talsrcimg_g11.4dfp.img
dimensions:      256       256       256
mmppix:       1.0000   -1.0000   -1.0000
center:     128.0000 -129.0000 -129.0000
rotation matrix determinant  1.000000
image alignment mode   4355 decimal     1103 hex
   -7.5000  -45.0000  -45.0000 2418.3962   38.5682
    0.0000  -45.0000  -45.0000 2411.7241   38.6187
    7.5000  -45.0000  -45.0000 2391.0107   39.0444
   -7.5000  -37.5000  -45.0000 2453.2253   37.6331
    0.0000  -37.5000  -45.0000 2445.7249   37.5918
    7.5000  -37.5000  -45.0000 2423.9475   37.9955
   -7.5000  -30.0000  -45.0000 2476.4136   36.7774
    0.0000  -30.0000  -45.0000 2473.0916   36.7075
    7.5000  -30.0000  -45.0000 2456.1885   37.1141
   -7.5000  -22.5000  -45.0000 2501.1311   35.9385
    0.0000  -22.5000  -45.0000 2496.9043   35.9788
    7.5000  -22.5000  -45.0000 2484.1731   36.4791
   -7.5000  -15.0000  -45.0000 2525.2842   35.2775
    0.0000  -15.0000  -45.0000 2519.9680   35.4586
    7.5000  -15.0000  -45.0000 2507.2212   36.0750
   -7.5000   -7.5000  -45.0000 2538.4219   34.6572
    0.0000   -7.5000  -45.0000 2533.4695   34.8911
    7.5000   -7.5000  -45.0000 2519.5693   35.6615
   -7.5000    0.0000  -45.0000 2545.5999   34.3161
    0.0000    0.0000  -45.0000 2539.6921   34.6841
    7.5000    0.0000  -45.0000 2527.4250   35.4196
   -7.5000    7.5000  -45.0000 2551.1169   34.3250
    0.0000    7.5000  -45.0000 2544.8464   34.5878
    7.5000    7.5000  -45.0000 2532.8938   35.3147
   -7.5000   15.0000  -45.0000 2551.9580   34.7001
    0.0000   15.0000  -45.0000 2547.2627   34.8884
    7.5000   15.0000  -45.0000 2528.9360   35.5469
   -7.5000   22.5000  -45.0000 2540.3262   35.4938
    0.0000   22.5000  -45.0000 2535.7393   35.6811
    7.5000   22.5000  -45.0000 2516.3655   36.2885
   -7.5000   30.0000  -45.0000 2504.8953   36.6933
    0.0000   30.0000  -45.0000 2495.8276   36.8750
    7.5000   30.0000  -45.0000 2475.2146   37.4003
   -7.5000   37.5000  -45.0000 2462.1240   38.3310
    0.0000   37.5000  -45.0000 2453.7131   38.4347
    7.5000   37.5000  -45.0000 2429.6167   38.9910
   -7.5000   45.0000  -45.0000 2398.3267   40.4181
    0.0000   45.0000  -45.0000 2388.2688   40.5061
    7.5000   45.0000  -45.0000 2359.4111   41.0666
   -7.5000  -45.0000  -37.5000 2477.9463   36.4220
    0.0000  -45.0000  -37.5000 2474.4434   36.5744
    7.5000  -45.0000  -37.5000 2444.0273   36.9664
   -7.5000  -37.5000  -37.5000 2510.2278   35.5401
    0.0000  -37.5000  -37.5000 2508.2888   35.6383
    7.5000  -37.5000  -37.5000 2482.3716   36.0903
   -7.5000  -30.0000  -37.5000 2544.5432   34.7413
    0.0000  -30.0000  -37.5000 2540.4067   34.8131
    7.5000  -30.0000  -37.5000 2518.6514   35.2683
   -7.5000  -22.5000  -37.5000 2571.1221   34.0551
    0.0000  -22.5000  -37.5000 2571.9368   34.1421
    7.5000  -22.5000  -37.5000 2549.8555   34.6429
   -7.5000  -15.0000  -37.5000 2588.3994   33.3556
    0.0000  -15.0000  -37.5000 2587.5615   33.4567
    7.5000  -15.0000  -37.5000 2571.8438   34.0726
   -7.5000   -7.5000  -37.5000 2603.2961   32.7634
    0.0000   -7.5000  -37.5000 2608.9382   32.9273
    7.5000   -7.5000  -37.5000 2594.7075   33.6377
   -7.5000    0.0000  -37.5000 2605.1707   32.3835
    0.0000    0.0000  -37.5000 2606.4824   32.5879
    7.5000    0.0000  -37.5000 2597.7817   33.2888
   -7.5000    7.5000  -37.5000 2608.5852   32.4248
    0.0000    7.5000  -37.5000 2607.5327   32.6341
    7.5000    7.5000  -37.5000 2599.6008   33.2665
   -7.5000   15.0000  -37.5000 2613.5825   32.7644
    0.0000   15.0000  -37.5000 2610.6128   32.8682
    7.5000   15.0000  -37.5000 2596.8079   33.5133
   -7.5000   22.5000  -37.5000 2602.0789   33.4567
    0.0000   22.5000  -37.5000 2601.0774   33.6015
    7.5000   22.5000  -37.5000 2583.8193   34.2291
   -7.5000   30.0000  -37.5000 2567.5625   34.4584
    0.0000   30.0000  -37.5000 2566.1101   34.6519
    7.5000   30.0000  -37.5000 2548.4927   35.3281
   -7.5000   37.5000  -37.5000 2530.0562   35.9354
    0.0000   37.5000  -37.5000 2530.8047   36.1293
    7.5000   37.5000  -37.5000 2504.4690   36.7282
   -7.5000   45.0000  -37.5000 2460.6555   37.7969
    0.0000   45.0000  -37.5000 2462.2288   37.9706
    7.5000   45.0000  -37.5000 2433.0300   38.5519
   -7.5000  -45.0000  -30.0000 2595.9385   35.5888
    0.0000  -45.0000  -30.0000 2590.2981   35.6961
    7.5000  -45.0000  -30.0000 2559.5298   36.0779
   -7.5000  -37.5000  -30.0000 2620.9636   34.7961
    0.0000  -37.5000  -30.0000 2619.2371   34.8682
    7.5000  -37.5000  -30.0000 2592.3486   35.2707
   -7.5000  -30.0000  -30.0000 2657.5112   34.0350
    0.0000  -30.0000  -30.0000 2652.4219   34.1024
    7.5000  -30.0000  -30.0000 2627.5322   34.4594
   -7.5000  -22.5000  -30.0000 2686.0457   33.2406
    0.0000  -22.5000  -30.0000 2682.5361   33.3695
    7.5000  -22.5000  -30.0000 2661.4319   33.8235
   -7.5000  -15.0000  -30.0000 2703.8108   32.5787
    0.0000  -15.0000  -30.0000 2700.0388   32.7273
    7.5000  -15.0000  -30.0000 2684.6292   33.2975
   -7.5000   -7.5000  -30.0000 2723.7729   32.1127
    0.0000   -7.5000  -30.0000 2723.3799   32.3442
    7.5000   -7.5000  -30.0000 2703.0708   32.9028
   -7.5000    0.0000  -30.0000 2724.2075   31.5859
    0.0000    0.0000  -30.0000 2720.9929   31.7925
    7.5000    0.0000  -30.0000 2701.3645   32.4731
   -7.5000    7.5000  -30.0000 2720.4863   31.4609
    0.0000    7.5000  -30.0000 2717.5481   31.6848
    7.5000    7.5000  -30.0000 2702.0234   32.3241
   -7.5000   15.0000  -30.0000 2724.8787   31.7530
    0.0000   15.0000  -30.0000 2722.7317   31.9463
    7.5000   15.0000  -30.0000 2702.8682   32.6072
   -7.5000   22.5000  -30.0000 2719.0823   32.4274
    0.0000   22.5000  -30.0000 2724.4839   32.6511
    7.5000   22.5000  -30.0000 2696.8718   33.3144
   -7.5000   30.0000  -30.0000 2683.3015   33.4445
    0.0000   30.0000  -30.0000 2693.5417   33.6367
    7.5000   30.0000  -30.0000 2672.2190   34.3295
   -7.5000   37.5000  -30.0000 2648.6948   34.9678
    0.0000   37.5000  -30.0000 2650.8882   35.0891
    7.5000   37.5000  -30.0000 2624.8408   35.7094
   -7.5000   45.0000  -30.0000 2580.1423   36.7604
    0.0000   45.0000  -30.0000 2584.6462   36.9283
    7.5000   45.0000  -30.0000 2555.0312   37.5487
   -7.5000  -45.0000  -22.5000 2679.8418   34.6576
    0.0000  -45.0000  -22.5000 2678.7598   34.6590
    7.5000  -45.0000  -22.5000 2653.4355   34.9464
   -7.5000  -37.5000  -22.5000 2707.1228   33.8972
    0.0000  -37.5000  -22.5000 2702.9768   33.9605
    7.5000  -37.5000  -22.5000 2677.1692   34.2760
   -7.5000  -30.0000  -22.5000 2735.1560   33.1140
    0.0000  -30.0000  -22.5000 2734.5549   33.2110
    7.5000  -30.0000  -22.5000 2706.7200   33.5324
   -7.5000  -22.5000  -22.5000 2759.6340   32.3553
    0.0000  -22.5000  -22.5000 2759.9304   32.4404
    7.5000  -22.5000  -22.5000 2740.0078   32.8885
   -7.5000  -15.0000  -22.5000 2783.4746   31.7943
    0.0000  -15.0000  -22.5000 2774.8015   31.9050
    7.5000  -15.0000  -22.5000 2756.9402   32.3459
   -7.5000   -7.5000  -22.5000 2798.6113   31.4262
    0.0000   -7.5000  -22.5000 2798.3259   31.6213
    7.5000   -7.5000  -22.5000 2770.9763   31.9880
   -7.5000    0.0000  -22.5000 2802.1289   30.8553
    0.0000    0.0000  -22.5000 2801.5986   31.1213
    7.5000    0.0000  -22.5000 2770.6653   31.5712
   -7.5000    7.5000  -22.5000 2800.8276   30.3100
    0.0000    7.5000  -22.5000 2796.4102   30.5969
    7.5000    7.5000  -22.5000 2774.4099   31.3525
   -7.5000   15.0000  -22.5000 2802.3721   30.5515
    0.0000   15.0000  -22.5000 2798.8362   30.8008
    7.5000   15.0000  -22.5000 2781.1672   31.5787
   -7.5000   22.5000  -22.5000 2797.8955   31.3438
    0.0000   22.5000  -22.5000 2806.6602   31.5011
    7.5000   22.5000  -22.5000 2775.7754   32.2462
   -7.5000   30.0000  -22.5000 2767.2383   32.4426
    0.0000   30.0000  -22.5000 2779.9307   32.5611
    7.5000   30.0000  -22.5000 2753.7053   33.2819
   -7.5000   37.5000  -22.5000 2724.7722   33.8682
    0.0000   37.5000  -22.5000 2740.7754   33.9859
    7.5000   37.5000  -22.5000 2709.5017   34.6669
   -7.5000   45.0000  -22.5000 2664.8369   35.7082
    0.0000   45.0000  -22.5000 2672.3984   35.8914
    7.5000   45.0000  -22.5000 2642.5044   36.5297
   -7.5000  -45.0000  -15.0000 2728.1077   33.7129
    0.0000  -45.0000  -15.0000 2734.7666   33.8065
    7.5000  -45.0000  -15.0000 2707.7578   34.0309
   -7.5000  -37.5000  -15.0000 2749.7561   32.9839
    0.0000  -37.5000  -15.0000 2757.9795   33.1198
    7.5000  -37.5000  -15.0000 2730.6875   33.3000
   -7.5000  -30.0000  -15.0000 2764.5576   32.2307
    0.0000  -30.0000  -15.0000 2773.6697   32.2932
    7.5000  -30.0000  -15.0000 2750.8892   32.5922
   -7.5000  -22.5000  -15.0000 2784.5208   31.6091
    0.0000  -22.5000  -15.0000 2788.9207   31.5820
    7.5000  -22.5000  -15.0000 2771.6040   31.9375
   -7.5000  -15.0000  -15.0000 2809.0005   31.1874
    0.0000  -15.0000  -15.0000 2804.7241   31.1292
    7.5000  -15.0000  -15.0000 2788.5525   31.4166
   -7.5000   -7.5000  -15.0000 2826.7512   30.8349
    0.0000   -7.5000  -15.0000 2821.0642   30.8204
    7.5000   -7.5000  -15.0000 2799.6724   31.0058
   -7.5000    0.0000  -15.0000 2833.0789   30.3966
    0.0000    0.0000  -15.0000 2827.7168   30.4775
    7.5000    0.0000  -15.0000 2810.9854   30.7625
   -7.5000    7.5000  -15.0000 2835.2026   29.7933
    0.0000    7.5000  -15.0000 2838.4160   30.0208
    7.5000    7.5000  -15.0000 2816.7258   30.7276
   -7.5000   15.0000  -15.0000 2837.6472   29.7074
    0.0000   15.0000  -15.0000 2835.7581   29.9786
    7.5000   15.0000  -15.0000 2812.5923   30.8369
   -7.5000   22.5000  -15.0000 2839.1743   30.5168
    0.0000   22.5000  -15.0000 2842.3074   30.6484
    7.5000   22.5000  -15.0000 2809.2107   31.3623
   -7.5000   30.0000  -15.0000 2817.4561   31.7195
    0.0000   30.0000  -15.0000 2826.8071   31.6523
    7.5000   30.0000  -15.0000 2791.2964   32.3341
   -7.5000   37.5000  -15.0000 2775.9182   33.0803
    0.0000   37.5000  -15.0000 2790.2083   33.0390
    7.5000   37.5000  -15.0000 2758.5376   33.7037
   -7.5000   45.0000  -15.0000 2715.9436   34.9294
    0.0000   45.0000  -15.0000 2725.0369   34.9524
    7.5000   45.0000  -15.0000 2692.6711   35.5476
   -7.5000  -45.0000   -7.5000 2748.3496   32.8230
    0.0000  -45.0000   -7.5000 2760.6672   32.7844
    7.5000  -45.0000   -7.5000 2732.6919   33.0515
   -7.5000  -37.5000   -7.5000 2766.8835   32.1948
    0.0000  -37.5000   -7.5000 2777.5574   32.1965
    7.5000  -37.5000   -7.5000 2752.8296   32.3430
   -7.5000  -30.0000   -7.5000 2779.8521   31.4736
    0.0000  -30.0000   -7.5000 2788.5781   31.5116
    7.5000  -30.0000   -7.5000 2768.0952   31.6241
   -7.5000  -22.5000   -7.5000 2791.8887   30.7565
    0.0000  -22.5000   -7.5000 2795.7439   30.7983
    7.5000  -22.5000   -7.5000 2778.1309   30.9902
   -7.5000  -15.0000   -7.5000 2798.5942   30.2232
    0.0000  -15.0000   -7.5000 2805.3669   30.3428
    7.5000  -15.0000   -7.5000 2795.1797   30.5104
   -7.5000   -7.5000   -7.5000 2817.6750   30.1083
    0.0000   -7.5000   -7.5000 2822.9863   30.1578
    7.5000   -7.5000   -7.5000 2819.7507   30.3352
   -7.5000    0.0000   -7.5000 2832.3967   30.1707
    0.0000    0.0000   -7.5000 2841.6240   30.2800
    7.5000    0.0000   -7.5000 2836.2222   30.3833
   -7.5000    7.5000   -7.5000 2862.1443   30.1538
    0.0000    7.5000   -7.5000 2867.1316   30.2420
    7.5000    7.5000   -7.5000 2842.1582   30.4483
   -7.5000   15.0000   -7.5000 2874.8809   29.8892
    0.0000   15.0000   -7.5000 2872.6963   30.0488
    7.5000   15.0000   -7.5000 2838.3669   30.4828
   -7.5000   22.5000   -7.5000 2866.1765   30.1856
    0.0000   22.5000   -7.5000 2864.7009   30.2162
    7.5000   22.5000   -7.5000 2827.0593   30.7236
   -7.5000   30.0000   -7.5000 2842.1929   31.0928
    0.0000   30.0000   -7.5000 2850.6912   31.0116
    7.5000   30.0000   -7.5000 2809.7727   31.5334
   -7.5000   37.5000   -7.5000 2795.5356   32.3105
    0.0000   37.5000   -7.5000 2812.9973   32.2753
    7.5000   37.5000   -7.5000 2774.9448   32.8008
   -7.5000   45.0000   -7.5000 2734.8894   34.0187
    0.0000   45.0000   -7.5000 2750.9531   34.0322
    7.5000   45.0000   -7.5000 2716.5271   34.5614
   -7.5000  -45.0000    0.0000 2758.9795   31.9193
    0.0000  -45.0000    0.0000 2775.4822   31.9136
    7.5000  -45.0000    0.0000 2746.2505   32.3260
   -7.5000  -37.5000    0.0000 2771.3784   31.2953
    0.0000  -37.5000    0.0000 2788.3350   31.4173
    7.5000  -37.5000    0.0000 2759.4978   31.5905
   -7.5000  -30.0000    0.0000 2776.8225   30.6251
    0.0000  -30.0000    0.0000 2792.0134   30.7511
    7.5000  -30.0000    0.0000 2775.1426   30.9326
   -7.5000  -22.5000    0.0000 2779.8665   30.0110
    0.0000  -22.5000    0.0000 2788.8398   30.1575
    7.5000  -22.5000    0.0000 2789.1665   30.3757
   -7.5000  -15.0000    0.0000 2781.5208   29.6316
    0.0000  -15.0000    0.0000 2785.9397   29.8196
    7.5000  -15.0000    0.0000 2795.4243   29.9580
   -7.5000   -7.5000    0.0000 2804.6616   29.7907
    0.0000   -7.5000    0.0000 2811.6802   29.9592
    7.5000   -7.5000    0.0000 2822.5994   30.0742
   -7.5000    0.0000    0.0000 2838.0891   30.3270
    0.0000    0.0000    0.0000 2841.7524   30.4466
    7.5000    0.0000    0.0000 2840.1689   30.2854
   -7.5000    7.5000    0.0000 2875.1213   30.7257
    0.0000    7.5000    0.0000 2880.3696   30.7694
    7.5000    7.5000    0.0000 2850.3853   30.4759
   -7.5000   15.0000    0.0000 2891.3879   30.4342
    0.0000   15.0000    0.0000 2898.6226   30.6072
    7.5000   15.0000    0.0000 2849.8469   30.6214
   -7.5000   22.5000    0.0000 2877.6179   30.2609
    0.0000   22.5000    0.0000 2885.6575   30.3086
    7.5000   22.5000    0.0000 2834.6621   30.5662
   -7.5000   30.0000    0.0000 2843.6077   30.7146
    0.0000   30.0000    0.0000 2860.8511   30.7777
    7.5000   30.0000    0.0000 2811.1685   31.0846
   -7.5000   37.5000    0.0000 2789.0815   31.7579
    0.0000   37.5000    0.0000 2799.9382   31.6464
    7.5000   37.5000    0.0000 2773.4956   32.2698
   -7.5000   45.0000    0.0000 2728.7283   33.5284
    0.0000   45.0000    0.0000 2743.1357   33.4312
    7.5000   45.0000    0.0000 2718.1440   34.0949
   -7.5000  -45.0000    7.5000 2767.2937   31.1177
    0.0000  -45.0000    7.5000 2782.2170   31.0650
    7.5000  -45.0000    7.5000 2758.1484   31.7773
   -7.5000  -37.5000    7.5000 2762.7830   30.5591
    0.0000  -37.5000    7.5000 2781.9282   30.6015
    7.5000  -37.5000    7.5000 2770.0193   31.1311
   -7.5000  -30.0000    7.5000 2771.0410   30.0318
    0.0000  -30.0000    7.5000 2785.2688   30.2829
    7.5000  -30.0000    7.5000 2779.8157   30.6465
   -7.5000  -22.5000    7.5000 2769.3784   29.6277
    0.0000  -22.5000    7.5000 2776.5586   29.8899
    7.5000  -22.5000    7.5000 2786.7214   30.1357
   -7.5000  -15.0000    7.5000 2766.5090   29.4245
    0.0000  -15.0000    7.5000 2777.4016   29.6565
    7.5000  -15.0000    7.5000 2788.9238   29.8872
   -7.5000   -7.5000    7.5000 2793.3022   29.6301
    0.0000   -7.5000    7.5000 2801.6555   29.8300
    7.5000   -7.5000    7.5000 2810.4949   30.0100
   -7.5000    0.0000    7.5000 2818.8372   30.1173
    0.0000    0.0000    7.5000 2831.0862   30.2528
    7.5000    0.0000    7.5000 2829.5627   30.3243
   -7.5000    7.5000    7.5000 2864.6348   30.6200
    0.0000    7.5000    7.5000 2881.8958   30.8368
    7.5000    7.5000    7.5000 2853.0183   30.7922
   -7.5000   15.0000    7.5000 2883.0461   30.6116
    0.0000   15.0000    7.5000 2897.4062   30.8017
    7.5000   15.0000    7.5000 2858.2856   31.0653
   -7.5000   22.5000    7.5000 2854.1057   30.2107
    0.0000   22.5000    7.5000 2872.9626   30.2210
    7.5000   22.5000    7.5000 2833.0972   30.8114
   -7.5000   30.0000    7.5000 2833.9360   30.7704
    0.0000   30.0000    7.5000 2851.5151   30.6360
    7.5000   30.0000    7.5000 2807.0828   31.2583
   -7.5000   37.5000    7.5000 2793.4797   32.1554
    0.0000   37.5000    7.5000 2801.7651   31.9431
    7.5000   37.5000    7.5000 2772.2371   32.4866
   -7.5000   45.0000    7.5000 2730.8525   34.0244
    0.0000   45.0000    7.5000 2738.9263   33.9297
    7.5000   45.0000    7.5000 2715.2856   34.4312
   -7.5000  -45.0000   15.0000 2767.7371   30.7629
    0.0000  -45.0000   15.0000 2770.4119   30.4998
    7.5000  -45.0000   15.0000 2760.1321   31.3629
   -7.5000  -37.5000   15.0000 2764.7346   30.3685
    0.0000  -37.5000   15.0000 2767.8518   30.2262
    7.5000  -37.5000   15.0000 2765.9438   30.9292
   -7.5000  -30.0000   15.0000 2764.7891   30.0872
    0.0000  -30.0000   15.0000 2772.4556   30.1920
    7.5000  -30.0000   15.0000 2779.2100   30.7031
   -7.5000  -22.5000   15.0000 2766.2537   29.7493
    0.0000  -22.5000   15.0000 2772.3137   29.9289
    7.5000  -22.5000   15.0000 2790.9619   30.3840
   -7.5000  -15.0000   15.0000 2765.7817   29.5399
    0.0000  -15.0000   15.0000 2772.7439   29.7167
    7.5000  -15.0000   15.0000 2790.0681   30.1762
   -7.5000   -7.5000   15.0000 2782.0264   29.6452
    0.0000   -7.5000   15.0000 2789.9773   29.7750
    7.5000   -7.5000   15.0000 2803.1936   30.2480
   -7.5000    0.0000   15.0000 2800.3291   30.1323
    0.0000    0.0000   15.0000 2816.0361   30.2428
    7.5000    0.0000   15.0000 2819.2319   30.6007
   -7.5000    7.5000   15.0000 2839.9824   30.7371
    0.0000    7.5000   15.0000 2854.4900   30.8995
    7.5000    7.5000   15.0000 2840.9741   31.1635
   -7.5000   15.0000   15.0000 2852.3062   30.7726
    0.0000   15.0000   15.0000 2861.7832   30.8346
    7.5000   15.0000   15.0000 2841.2727   31.4387
   -7.5000   22.5000   15.0000 2832.9104   30.5717
    0.0000   22.5000   15.0000 2839.8345   30.3804
    7.5000   22.5000   15.0000 2816.1846   31.2786
   -7.5000   30.0000   15.0000 2820.1987   31.3866
    0.0000   30.0000   15.0000 2833.0547   31.1165
    7.5000   30.0000   15.0000 2799.3545   31.8985
   -7.5000   37.5000   15.0000 2789.8599   32.9359
    0.0000   37.5000   15.0000 2797.9336   32.7411
    7.5000   37.5000   15.0000 2771.9807   33.3297
   -7.5000   45.0000   15.0000 2722.4951   34.9655
    0.0000   45.0000   15.0000 2727.8420   34.9053
    7.5000   45.0000   15.0000 2705.3420   35.3657
   -7.5000  -45.0000   22.5000 2750.1111   30.7903
    0.0000  -45.0000   22.5000 2747.1914   30.3925
    7.5000  -45.0000   22.5000 2742.8347   31.3468
   -7.5000  -37.5000   22.5000 2757.7322   30.5283
    0.0000  -37.5000   22.5000 2754.3425   30.1960
    7.5000  -37.5000   22.5000 2759.5571   31.0770
   -7.5000  -30.0000   22.5000 2764.8130   30.4434
    0.0000  -30.0000   22.5000 2767.0198   30.2448
    7.5000  -30.0000   22.5000 2778.1677   30.9613
   -7.5000  -22.5000   22.5000 2767.7942   30.1865
    0.0000  -22.5000   22.5000 2772.0190   30.1924
    7.5000  -22.5000   22.5000 2791.0488   30.8048
   -7.5000  -15.0000   22.5000 2767.9463   30.0773
    0.0000  -15.0000   22.5000 2769.5930   30.0803
    7.5000  -15.0000   22.5000 2792.7778   30.7545
   -7.5000   -7.5000   22.5000 2775.9775   30.2533
    0.0000   -7.5000   22.5000 2780.2710   30.2296
    7.5000   -7.5000   22.5000 2798.9634   30.7836
   -7.5000    0.0000   22.5000 2788.5400   30.7434
    0.0000    0.0000   22.5000 2798.3159   30.7346
    7.5000    0.0000   22.5000 2800.6375   31.2060
   -7.5000    7.5000   22.5000 2809.1440   31.2470
    0.0000    7.5000   22.5000 2817.8977   31.2807
    7.5000    7.5000   22.5000 2811.0527   31.7469
   -7.5000   15.0000   22.5000 2814.9441   31.3434
    0.0000   15.0000   22.5000 2814.3098   31.2404
    7.5000   15.0000   22.5000 2801.6780   31.9940
   -7.5000   22.5000   22.5000 2802.8381   31.4768
    0.0000   22.5000   22.5000 2797.3474   31.0997
    7.5000   22.5000   22.5000 2780.5156   32.0151
   -7.5000   30.0000   22.5000 2793.5193   32.5034
    0.0000   30.0000   22.5000 2799.4773   32.2395
    7.5000   30.0000   22.5000 2775.9866   32.8841
   -7.5000   37.5000   22.5000 2761.4863   34.1486
    0.0000   37.5000   22.5000 2768.0637   33.9685
    7.5000   37.5000   22.5000 2748.2429   34.4975
   -7.5000   45.0000   22.5000 2696.1589   36.1614
    0.0000   45.0000   22.5000 2700.1904   36.1155
    7.5000   45.0000   22.5000 2680.6838   36.6096
   -7.5000  -45.0000   30.0000 2725.4858   31.3217
    0.0000  -45.0000   30.0000 2724.2891   30.8954
    7.5000  -45.0000   30.0000 2712.1018   31.8020
   -7.5000  -37.5000   30.0000 2740.5454   31.0320
    0.0000  -37.5000   30.0000 2734.9138   30.5420
    7.5000  -37.5000   30.0000 2740.4871   31.5092
   -7.5000  -30.0000   30.0000 2750.0229   30.9194
    0.0000  -30.0000   30.0000 2745.3892   30.4305
    7.5000  -30.0000   30.0000 2757.5049   31.3595
   -7.5000  -22.5000   30.0000 2752.5388   30.7706
    0.0000  -22.5000   30.0000 2756.8252   30.4951
    7.5000  -22.5000   30.0000 2773.1155   31.3597
   -7.5000  -15.0000   30.0000 2752.8247   30.7860
    0.0000  -15.0000   30.0000 2758.1833   30.6083
    7.5000  -15.0000   30.0000 2772.7097   31.4744
   -7.5000   -7.5000   30.0000 2756.4604   31.1228
    0.0000   -7.5000   30.0000 2760.5820   31.0008
    7.5000   -7.5000   30.0000 2770.9812   31.5945
   -7.5000    0.0000   30.0000 2760.3752   31.5192
    0.0000    0.0000   30.0000 2766.4707   31.4638
    7.5000    0.0000   30.0000 2765.1047   31.9551
   -7.5000    7.5000   30.0000 2765.7983   31.9218
    0.0000    7.5000   30.0000 2773.4392   31.8985
    7.5000    7.5000   30.0000 2768.4004   32.4831
   -7.5000   15.0000   30.0000 2761.4231   32.2192
    0.0000   15.0000   30.0000 2763.1533   32.0136
    7.5000   15.0000   30.0000 2755.7766   32.7770
   -7.5000   22.5000   30.0000 2750.9927   32.6907
    0.0000   22.5000   30.0000 2753.2981   32.3838
    7.5000   22.5000   30.0000 2734.5710   33.1391
   -7.5000   30.0000   30.0000 2745.2324   33.9471
    0.0000   30.0000   30.0000 2749.2812   33.7583
    7.5000   30.0000   30.0000 2729.4705   34.3251
   -7.5000   37.5000   30.0000 2716.7637   35.6862
    0.0000   37.5000   30.0000 2719.9246   35.5723
    7.5000   37.5000   30.0000 2700.0613   35.9938
   -7.5000   45.0000   30.0000 2659.0122   37.7706
    0.0000   45.0000   30.0000 2664.5225   37.6597
    7.5000   45.0000   30.0000 2643.0564   38.1132
   -7.5000  -45.0000   37.5000 2694.3267   32.1968
    0.0000  -45.0000   37.5000 2696.2261   31.6980
    7.5000  -45.0000   37.5000 2680.1819   32.6012
   -7.5000  -37.5000   37.5000 2708.4321   31.7637
    0.0000  -37.5000   37.5000 2704.8503   31.1023
    7.5000  -37.5000   37.5000 2694.3770   32.1499
   -7.5000  -30.0000   37.5000 2717.3232   31.6110
    0.0000  -30.0000   37.5000 2710.6123   30.9803
    7.5000  -30.0000   37.5000 2716.7161   32.0622
   -7.5000  -22.5000   37.5000 2728.7058   31.6075
    0.0000  -22.5000   37.5000 2720.9912   31.0764
    7.5000  -22.5000   37.5000 2735.5366   32.2083
   -7.5000  -15.0000   37.5000 2731.1294   31.6722
    0.0000  -15.0000   37.5000 2726.6567   31.2698
    7.5000  -15.0000   37.5000 2735.2588   32.3059
   -7.5000   -7.5000   37.5000 2728.9163   31.9517
    0.0000   -7.5000   37.5000 2726.4893   31.6984
    7.5000   -7.5000   37.5000 2733.9656   32.5479
   -7.5000    0.0000   37.5000 2720.8601   32.3663
    0.0000    0.0000   37.5000 2724.0164   32.2160
    7.5000    0.0000   37.5000 2722.9810   32.9324
   -7.5000    7.5000   37.5000 2722.0864   32.8985
    0.0000    7.5000   37.5000 2727.3386   32.7515
    7.5000    7.5000   37.5000 2720.9502   33.5003
   -7.5000   15.0000   37.5000 2713.6162   33.2904
    0.0000   15.0000   37.5000 2718.1851   33.1090
    7.5000   15.0000   37.5000 2702.4426   33.8774
   -7.5000   22.5000   37.5000 2704.7913   34.1373
    0.0000   22.5000   37.5000 2709.5977   33.9834
    7.5000   22.5000   37.5000 2689.3945   34.6238
   -7.5000   30.0000   37.5000 2684.5471   35.6744
    0.0000   30.0000   37.5000 2693.2776   35.4597
    7.5000   30.0000   37.5000 2677.0303   35.9918
   -7.5000   37.5000   37.5000 2659.5337   37.5163
    0.0000   37.5000   37.5000 2660.8755   37.3093
    7.5000   37.5000   37.5000 2642.4648   37.7685
   -7.5000   45.0000   37.5000 2613.3069   39.6452
    0.0000   45.0000   37.5000 2619.2178   39.5268
    7.5000   45.0000   37.5000 2594.7781   39.9828
   -7.5000  -45.0000   45.0000 2639.5110   33.3416
    0.0000  -45.0000   45.0000 2641.8987   32.7983
    7.5000  -45.0000   45.0000 2627.4211   33.6983
   -7.5000  -37.5000   45.0000 2655.9319   32.8709
    0.0000  -37.5000   45.0000 2654.5547   32.2815
    7.5000  -37.5000   45.0000 2639.1130   33.2003
   -7.5000  -30.0000   45.0000 2677.5215   32.8186
    0.0000  -30.0000   45.0000 2665.7373   32.1847
    7.5000  -30.0000   45.0000 2664.3037   33.2020
   -7.5000  -22.5000   45.0000 2692.6929   32.8561
    0.0000  -22.5000   45.0000 2674.9771   32.1934
    7.5000  -22.5000   45.0000 2680.9849   33.3916
   -7.5000  -15.0000   45.0000 2692.9753   32.9230
    0.0000  -15.0000   45.0000 2677.3284   32.3871
    7.5000  -15.0000   45.0000 2685.0808   33.5552
   -7.5000   -7.5000   45.0000 2689.2664   33.2231
    0.0000   -7.5000   45.0000 2676.6516   32.8459
    7.5000   -7.5000   45.0000 2685.6987   33.8241
   -7.5000    0.0000   45.0000 2670.3149   33.6470
    0.0000    0.0000   45.0000 2670.5723   33.3364
    7.5000    0.0000   45.0000 2675.1008   34.2545
   -7.5000    7.5000   45.0000 2666.1770   34.1706
    0.0000    7.5000   45.0000 2668.8828   33.8934
    7.5000    7.5000   45.0000 2666.2700   34.7306
   -7.5000   15.0000   45.0000 2651.0100   34.6838
    0.0000   15.0000   45.0000 2656.8074   34.5178
    7.5000   15.0000   45.0000 2642.0107   35.2411
   -7.5000   22.5000   45.0000 2634.3982   35.8526
    0.0000   22.5000   45.0000 2643.2668   35.6959
    7.5000   22.5000   45.0000 2623.0193   36.2389
   -7.5000   30.0000   45.0000 2612.9233   37.6089
    0.0000   30.0000   45.0000 2625.2712   37.4331
    7.5000   30.0000   45.0000 2608.3879   37.9246
   -7.5000   37.5000   45.0000 2592.3813   39.6153
    0.0000   37.5000   45.0000 2596.5598   39.4152
    7.5000   37.5000   45.0000 2579.9695   39.9744
   -7.5000   45.0000   45.0000 2542.6116   41.7924
    0.0000   45.0000   45.0000 2554.8291   41.6120
    7.5000   45.0000   45.0000 2529.3523   42.1158

---------------------------------------------------------------------
imgreg_4dfp /Applications/freesurfer/7.4.1/average/711-2C_as_mni_average_305 /Applications/freesurfer/7.4.1/average/711-2B_as_mni_average_305_mask talsrcimg_g11 none talsrcimg_to_711-2C_as_mni_average_305_t4 1283
---------------------------------------------------------------------

freesurfer imgreg_4dfp.c
/Applications/freesurfer/7.4.1/average/711-2C_as_mni_average_305.4dfp.img
       256       256       256         1
  1.000000  1.000000  1.000000
orientation T byte_order littleendian
Reading image: /Applications/freesurfer/7.4.1/average/711-2C_as_mni_average_305.4dfp.img
dimensions:      256       256       256
mmppix:       1.0000   -1.0000   -1.0000
center:     128.0000 -129.0000 -129.0000
/Applications/freesurfer/7.4.1/average/711-2B_as_mni_average_305_mask.4dfp.img
       256       256       256         1
  1.000000  1.000000  1.000000
orientation T byte_order littleendian
Reading mask: /Applications/freesurfer/7.4.1/average/711-2B_as_mni_average_305_mask.4dfp.img (2306576 pixels)
talsrcimg_g11.4dfp.img
       256       256       256         1
  1.000000  1.000000  1.000000
orientation T byte_order littleendian
Reading image: talsrcimg_g11.4dfp.img
dimensions:      256       256       256
mmppix:       1.0000   -1.0000   -1.0000
center:     128.0000 -129.0000 -129.0000
rotation matrix determinant  1.000000
fimgreg.f
image alignment mode   1283 decimal      503 hex
parameters
    0.0000   15.0000    0.0000    0.0000    0.0000    0.0000
eta,q 0.90832 30.75740
niter,ni,del,rscale     5    3   12.0000    1.2000
parameter  1  0.875577 ->  0.500000 qaram    1.1500
parameter  4-15.573472 ->  0.500000 qaram    1.1500
parameters
   -3.4500   14.1983    2.1815   -3.4500   -0.8502   -1.7146
eta,q 0.91441 31.02889
  0.0913  0.0915  0.0962  0.0848  0.0899  0.0872
  0.0897  0.0904  0.0924  0.0849  0.0888  0.0858
  0.0905  0.0900  0.0903  0.0865  0.0869  0.0856
  0.0947  0.0892  0.0892  0.0882  0.0853  0.0858
  0.1001  0.0901  0.0884  0.0884  0.0870  0.0869
  0.1040  0.0922  0.0889  0.0883  0.0908  0.0881
  0.1093  0.0924  0.0899  0.0905  0.0939  0.0895
niter,ni,del,rscale     6    3   12.0000    1.2000
parameter  4  0.510858 ->  0.500000 qaram    1.3225
parameter  6  0.794766 ->  0.500000 qaram    1.1500
parameters
   -2.7619   14.7914    1.9389   -7.4175   -2.0254   -5.1646
eta,q 0.91633 30.60878
  0.1019  0.0931  0.0905  0.0860  0.0882  0.0845
  0.0943  0.0894  0.0878  0.0849  0.0865  0.0836
  0.0883  0.0864  0.0863  0.0846  0.0854  0.0842
  0.0856  0.0854  0.0858  0.0858  0.0847  0.0851
  0.0869  0.0872  0.0867  0.0869  0.0859  0.0852
  0.0914  0.0890  0.0889  0.0883  0.0895  0.0856
  0.0961  0.0897  0.0910  0.0893  0.0928  0.0867
niter,ni,del,rscale     7    3   12.0000    1.2000
parameter  6 -1.078523 -> -0.500000 qaram    1.3225
parameters
   -2.7561   16.8879    1.9318   -9.8960   -1.9878   -1.1971
eta,q 0.91836 30.89565
  0.0974  0.0966  0.0890  0.0868  0.0904  0.0900
  0.0928  0.0913  0.0877  0.0855  0.0879  0.0873
  0.0866  0.0869  0.0857  0.0832  0.0849  0.0849
  0.0837  0.0837  0.0841  0.0841  0.0831  0.0831
  0.0851  0.0840  0.0843  0.0877  0.0842  0.0824
  0.0912  0.0862  0.0865  0.0891  0.0874  0.0812
  0.0989  0.0859  0.0903  0.0892  0.0906  0.0808
niter,ni,del,rscale     7    3   12.0000    1.2000
parameter  2 -0.715981 -> -0.500000 qaram    1.1500
parameter  4  0.606971 ->  0.500000 qaram    1.5209
parameters
   -2.4980   20.3379    0.5753  -14.4586   -4.4839    2.0332
eta,q 0.92182 30.80560
  0.0947  0.0911  0.0823  0.0790  0.0804  0.0874
  0.0879  0.0883  0.0806  0.0797  0.0788  0.0841
  0.0830  0.0853  0.0796  0.0796  0.0791  0.0811
  0.0816  0.0816  0.0802  0.0797  0.0799  0.0789
  0.0828  0.0800  0.0812  0.0830  0.0812  0.0782
  0.0868  0.0803  0.0831  0.0877  0.0829  0.0789
  0.0927  0.0808  0.0855  0.0920  0.0866  0.0800
niter,ni,del,rscale     7    3   12.0000    1.2000
parameter  3  0.791735 ->  0.500000 qaram    1.1500
parameter  4  0.624599 ->  0.500000 qaram    1.7490
parameters
   -1.7016   21.1895   -2.8747  -19.7056   -5.0446    0.4241
eta,q 0.92536 30.68603
  0.0942  0.0869  0.0760  0.0751  0.0790  0.0781
  0.0853  0.0812  0.0755  0.0766  0.0771  0.0756
  0.0792  0.0791  0.0774  0.0743  0.0756  0.0741
  0.0782  0.0787  0.0788  0.0758  0.0758  0.0755
  0.0801  0.0788  0.0789  0.0799  0.0773  0.0769
  0.0831  0.0800  0.0819  0.0833  0.0784  0.0779
  0.0867  0.0828  0.0868  0.0868  0.0794  0.0811
niter,ni,del,rscale     7    3   12.0000    1.2000
parameter  2 -0.537101 -> -0.500000 qaram    1.3225
parameters
   -1.8701   25.1570   -3.5063  -24.1579   -4.4128   -0.2911
eta,q 0.93008 30.46968
  0.0887  0.0849  0.0822  0.0724  0.0765  0.0766
  0.0804  0.0819  0.0732  0.0703  0.0738  0.0732
  0.0745  0.0790  0.0690  0.0695  0.0713  0.0708
  0.0746  0.0744  0.0707  0.0699  0.0701  0.0701
  0.0779  0.0708  0.0744  0.0746  0.0706  0.0717
  0.0822  0.0713  0.0778  0.0805  0.0720  0.0752
  0.0884  0.0753  0.0847  0.0845  0.0745  0.0794
niter,ni,del,rscale     7    3   12.0000    1.2000
parameters
   -2.2230   25.1589   -5.3565  -25.7544   -3.8153    0.2620
eta,q 0.93078 30.45958
  0.0868  0.0807  0.0753  0.0741  0.0757  0.0765
  0.0762  0.0767  0.0694  0.0696  0.0733  0.0735
  0.0706  0.0719  0.0688  0.0690  0.0714  0.0712
  0.0699  0.0699  0.0699  0.0689  0.0696  0.0693
  0.0731  0.0695  0.0734  0.0680  0.0693  0.0695
  0.0803  0.0756  0.0782  0.0740  0.0709  0.0718
  0.0889  0.0823  0.0849  0.0799  0.0746  0.0754
niter,ni,del,rscale     6    3   12.0000    1.2000
parameters
   -2.4649   24.9986   -5.2210  -26.1945   -3.5361    0.2002
eta,q 0.93117 30.48979
  0.0878  0.0791  0.0823  0.0748  0.0762  0.0755
  0.0765  0.0748  0.0740  0.0713  0.0735  0.0730
  0.0693  0.0713  0.0699  0.0680  0.0708  0.0703
  0.0692  0.0690  0.0691  0.0691  0.0689  0.0688
  0.0725  0.0682  0.0702  0.0675  0.0691  0.0694
  0.0793  0.0731  0.0746  0.0710  0.0716  0.0722
  0.0892  0.0828  0.0803  0.0773  0.0760  0.0767
niter,ni,del,rscale     5    3   12.0000    1.2000
parameters
   -2.4410   24.8361   -5.1561  -26.2735   -3.4886    0.1653
eta,q 0.93114 30.51746
  0.0895  0.0789  0.0820  0.0751  0.0762  0.0756
  0.0783  0.0746  0.0742  0.0718  0.0733  0.0730
  0.0696  0.0709  0.0701  0.0679  0.0706  0.0702
  0.0688  0.0688  0.0689  0.0689  0.0689  0.0689
  0.0718  0.0686  0.0703  0.0682  0.0694  0.0695
  0.0784  0.0722  0.0750  0.0702  0.0724  0.0723
  0.0883  0.0829  0.0807  0.0764  0.0769  0.0766
niter,ni,del,rscale     4    3   12.0000    1.2000
parameters
   -2.4131   24.7944   -5.1399  -26.2814   -3.4896    0.1570
eta,q 0.93112 30.52490
  0.0898  0.0792  0.0818  0.0751  0.0762  0.0757
  0.0785  0.0748  0.0741  0.0718  0.0733  0.0731
  0.0697  0.0709  0.0701  0.0680  0.0705  0.0702
  0.0689  0.0689  0.0689  0.0689  0.0689  0.0689
  0.0718  0.0688  0.0704  0.0684  0.0694  0.0695
  0.0785  0.0716  0.0751  0.0700  0.0725  0.0723
  0.0886  0.0824  0.0809  0.0763  0.0771  0.0765
registration optimization eta report
parameter search radius
    6.9000    7.9350    6.9000   10.4940    6.0000    7.9350
100000*second partial in parameter space
       43.       19.       26.        7.       21.       11.
  0.0898  0.0792  0.0818  0.0751  0.0762  0.0757
  0.0785  0.0748  0.0741  0.0718  0.0733  0.0731
  0.0697  0.0709  0.0701  0.0680  0.0705  0.0702
  0.0689  0.0689  0.0689  0.0689  0.0689  0.0689
  0.0718  0.0688  0.0704  0.0684  0.0694  0.0695
  0.0785  0.0716  0.0751  0.0700  0.0725  0.0723
  0.0886  0.0824  0.0809  0.0763  0.0771  0.0765
   -2.4131   24.7944   -5.1399  -26.2814   -3.4896    0.1570
eta,q 0.93112 30.52490

---------------------------------------------------------------------
imgreg_4dfp /Applications/freesurfer/7.4.1/average/711-2C_as_mni_average_305 /Applications/freesurfer/7.4.1/average/711-2B_as_mni_average_305_mask talsrcimg_g11 none talsrcimg_to_711-2C_as_mni_average_305_t4 3335
---------------------------------------------------------------------

freesurfer imgreg_4dfp.c
/Applications/freesurfer/7.4.1/average/711-2C_as_mni_average_305.4dfp.img
       256       256       256         1
  1.000000  1.000000  1.000000
orientation T byte_order littleendian
Reading image: /Applications/freesurfer/7.4.1/average/711-2C_as_mni_average_305.4dfp.img
dimensions:      256       256       256
mmppix:       1.0000   -1.0000   -1.0000
center:     128.0000 -129.0000 -129.0000
/Applications/freesurfer/7.4.1/average/711-2B_as_mni_average_305_mask.4dfp.img
       256       256       256         1
  1.000000  1.000000  1.000000
orientation T byte_order littleendian
Reading mask: /Applications/freesurfer/7.4.1/average/711-2B_as_mni_average_305_mask.4dfp.img (2306576 pixels)
talsrcimg_g11.4dfp.img
       256       256       256         1
  1.000000  1.000000  1.000000
orientation T byte_order littleendian
Reading image: talsrcimg_g11.4dfp.img
dimensions:      256       256       256
mmppix:       1.0000   -1.0000   -1.0000
center:     128.0000 -129.0000 -129.0000
fimgreg.f
image alignment mode   3335 decimal      D07 hex
parameters
   -2.4131   24.7944   -5.1399   -0.1858  -10.3447  -10.5032
   -2.9409    5.3362    0.2736   44.2928   -6.0868  -44.1959
eta,q 0.93350 30.55997
niter,ni,del,rscale     5    3    5.0000    1.2000
parameter  5 -4.816148 ->  0.500000 qaram    1.1500
parameter 12 -0.957676 -> -0.500000 qaram    1.1500
parameters
   -2.7066   25.4668   -5.0914   -2.2615  -14.4847  -11.8820
   -1.7374    5.4199    0.7544   42.2456   -6.0931  -40.0559
eta,q 0.94364 30.95739
  0.0689  0.0685  0.0681  0.0680  0.0534  0.0605  0.0613  0.0626  0.0605  0.0603  0.0591  0.0634
  0.0674  0.0675  0.0671  0.0672  0.0572  0.0593  0.0599  0.0602  0.0594  0.0586  0.0584  0.0611
  0.0666  0.0668  0.0665  0.0665  0.0617  0.0586  0.0589  0.0588  0.0587  0.0579  0.0580  0.0593
  0.0665  0.0665  0.0664  0.0664  0.0664  0.0584  0.0585  0.0584  0.0584  0.0584  0.0579  0.0579
  0.0671  0.0664  0.0665  0.0675  0.0708  0.0587  0.0584  0.0588  0.0585  0.0598  0.0581  0.0568
  0.0684  0.0665  0.0671  0.0699  0.0745  0.0606  0.0589  0.0601  0.0590  0.0619  0.0585  0.0563
  0.0704  0.0670  0.0679  0.0735  0.0769  0.0645  0.0599  0.0623  0.0601  0.0645  0.0591  0.0562
niter,ni,del,rscale     6    3    5.0000    1.2000
parameter  5  1.081263 ->  0.500000 qaram    1.3225
parameters
   -2.4013   25.3270   -4.3988   -2.5429  -19.2457   -9.0300
   -1.5380    5.5666    1.0104   42.6740   -5.8915  -40.1572
eta,q 0.94928 31.27320
  0.0597  0.0588  0.0589  0.0588  0.0510  0.0563  0.0545  0.0557  0.0541  0.0563  0.0521  0.0537
  0.0580  0.0574  0.0577  0.0576  0.0511  0.0542  0.0525  0.0528  0.0524  0.0537  0.0513  0.0520
  0.0569  0.0565  0.0568  0.0568  0.0528  0.0525  0.0513  0.0512  0.0512  0.0518  0.0508  0.0510
  0.0564  0.0563  0.0563  0.0561  0.0562  0.0514  0.0508  0.0508  0.0508  0.0508  0.0507  0.0507
  0.0564  0.0567  0.0561  0.0562  0.0611  0.0508  0.0511  0.0514  0.0511  0.0509  0.0509  0.0512
  0.0570  0.0578  0.0564  0.0575  0.0666  0.0509  0.0523  0.0528  0.0521  0.0525  0.0513  0.0522
  0.0584  0.0596  0.0570  0.0599  0.0716  0.0521  0.0541  0.0551  0.0537  0.0555  0.0519  0.0537
niter,ni,del,rscale     6    3    5.0000    1.2000
parameters
   -2.3855   25.6462   -4.3704   -1.5670  -22.9873   -9.0808
   -1.7035    5.5547    1.2638   43.5455   -6.0858  -42.4978
eta,q 0.95145 31.33301
  0.0539  0.0546  0.0525  0.0552  0.0523  0.0530  0.0526  0.0540  0.0527  0.0544  0.0504  0.0504
  0.0522  0.0527  0.0515  0.0534  0.0500  0.0512  0.0507  0.0511  0.0509  0.0522  0.0495  0.0490
  0.0511  0.0514  0.0509  0.0518  0.0491  0.0499  0.0496  0.0495  0.0496  0.0503  0.0490  0.0485
  0.0507  0.0507  0.0506  0.0506  0.0503  0.0491  0.0491  0.0491  0.0491  0.0491  0.0489  0.0489
  0.0510  0.0507  0.0508  0.0503  0.0538  0.0491  0.0495  0.0498  0.0494  0.0490  0.0491  0.0500
  0.0521  0.0515  0.0514  0.0513  0.0592  0.0504  0.0509  0.0513  0.0505  0.0502  0.0497  0.0517
  0.0539  0.0531  0.0524  0.0538  0.0659  0.0541  0.0530  0.0538  0.0523  0.0528  0.0504  0.0535
niter,ni,del,rscale     5    3    5.0000    1.2000
parameters
   -2.4447   25.8647   -4.6289   -0.7061  -24.4896   -9.5368
   -2.1602    5.7113    1.4559   44.4133   -5.8980  -43.6026
eta,q 0.95205 31.35688
  0.0519  0.0522  0.0503  0.0540  0.0538  0.0523  0.0516  0.0537  0.0519  0.0535  0.0500  0.0508
  0.0501  0.0504  0.0492  0.0518  0.0507  0.0504  0.0497  0.0506  0.0500  0.0513  0.0489  0.0490
  0.0489  0.0491  0.0486  0.0499  0.0486  0.0490  0.0486  0.0487  0.0488  0.0495  0.0483  0.0481
  0.0486  0.0486  0.0485  0.0485  0.0482  0.0482  0.0483  0.0483  0.0483  0.0483  0.0481  0.0481
  0.0490  0.0487  0.0490  0.0482  0.0500  0.0485  0.0488  0.0489  0.0486  0.0481  0.0483  0.0489
  0.0502  0.0496  0.0499  0.0496  0.0537  0.0505  0.0503  0.0504  0.0497  0.0493  0.0489  0.0505
  0.0523  0.0512  0.0512  0.0525  0.0594  0.0545  0.0526  0.0531  0.0515  0.0519  0.0497  0.0524
niter,ni,del,rscale     4    3    5.0000    1.2000
parameters
   -2.5029   25.9391   -4.8145   -0.3177  -25.1464   -9.7479
   -2.3268    5.7053    1.5547   44.7836   -5.7034  -44.1420
eta,q 0.95219 31.36465
  0.0515  0.0513  0.0500  0.0535  0.0545  0.0525  0.0516  0.0534  0.0515  0.0527  0.0500  0.0511
  0.0495  0.0495  0.0488  0.0512  0.0512  0.0505  0.0496  0.0502  0.0496  0.0507  0.0487  0.0492
  0.0483  0.0484  0.0481  0.0493  0.0488  0.0489  0.0483  0.0484  0.0484  0.0490  0.0480  0.0481
  0.0479  0.0479  0.0479  0.0479  0.0478  0.0479  0.0479  0.0479  0.0479  0.0479  0.0478  0.0479
  0.0484  0.0482  0.0484  0.0480  0.0489  0.0481  0.0484  0.0486  0.0483  0.0480  0.0481  0.0486
  0.0497  0.0492  0.0493  0.0497  0.0521  0.0501  0.0498  0.0503  0.0495  0.0495  0.0487  0.0500
  0.0519  0.0509  0.0506  0.0531  0.0573  0.0540  0.0520  0.0533  0.0513  0.0524  0.0496  0.0519
niter,ni,del,rscale     3    3    5.0000    1.2000
parameters
   -2.5348   25.9626   -4.8986   -0.1494  -25.4346   -9.8588
   -2.3867    5.6614    1.6033   44.9642   -5.5698  -44.4015
eta,q 0.95221 31.36788
  0.0516  0.0510  0.0501  0.0533  0.0549  0.0526  0.0516  0.0533  0.0514  0.0525  0.0499  0.0513
  0.0495  0.0493  0.0488  0.0511  0.0516  0.0505  0.0496  0.0501  0.0495  0.0504  0.0487  0.0494
  0.0482  0.0482  0.0480  0.0491  0.0489  0.0489  0.0483  0.0483  0.0483  0.0488  0.0480  0.0481
  0.0478  0.0478  0.0478  0.0478  0.0478  0.0478  0.0478  0.0478  0.0478  0.0478  0.0478  0.0478
  0.0483  0.0481  0.0482  0.0480  0.0486  0.0479  0.0482  0.0485  0.0483  0.0480  0.0481  0.0484
  0.0496  0.0492  0.0490  0.0499  0.0515  0.0500  0.0496  0.0503  0.0494  0.0496  0.0487  0.0498
  0.0518  0.0509  0.0504  0.0536  0.0565  0.0538  0.0518  0.0534  0.0513  0.0526  0.0497  0.0517
niter,ni,del,rscale     2    3    5.0000    1.2000
parameters
   -2.5512   25.9731   -4.9394   -0.0743  -25.5699   -9.9132
   -2.4123    5.6288    1.6321   45.0504   -5.5007  -44.5285
eta,q 0.95221 31.36936
  0.0516  0.0509  0.0501  0.0533  0.0551  0.0527  0.0516  0.0534  0.0513  0.0523  0.0499  0.0515
  0.0495  0.0493  0.0488  0.0510  0.0517  0.0506  0.0496  0.0502  0.0495  0.0503  0.0487  0.0495
  0.0482  0.0482  0.0480  0.0490  0.0490  0.0489  0.0483  0.0483  0.0482  0.0487  0.0479  0.0481
  0.0478  0.0478  0.0478  0.0478  0.0478  0.0478  0.0478  0.0478  0.0478  0.0478  0.0478  0.0478
  0.0482  0.0481  0.0481  0.0481  0.0485  0.0479  0.0482  0.0485  0.0482  0.0480  0.0481  0.0484
  0.0496  0.0492  0.0489  0.0501  0.0513  0.0499  0.0496  0.0503  0.0494  0.0496  0.0487  0.0497
  0.0517  0.0509  0.0503  0.0538  0.0562  0.0537  0.0518  0.0534  0.0513  0.0527  0.0497  0.0516
niter,ni,del,rscale     1    3    5.0000    1.2000
parameters
   -2.5602   25.9776   -4.9612   -0.0383  -25.6316   -9.9423
   -2.4232    5.6106    1.6463   45.0942   -5.4629  -44.5897
eta,q 0.95222 31.37007
  0.0517  0.0509  0.0502  0.0532  0.0551  0.0527  0.0517  0.0534  0.0513  0.0523  0.0499  0.0515
  0.0495  0.0492  0.0488  0.0510  0.0518  0.0506  0.0496  0.0502  0.0495  0.0503  0.0486  0.0495
  0.0482  0.0482  0.0480  0.0490  0.0491  0.0489  0.0483  0.0483  0.0482  0.0487  0.0479  0.0482
  0.0478  0.0478  0.0478  0.0478  0.0478  0.0478  0.0478  0.0478  0.0478  0.0478  0.0478  0.0478
  0.0482  0.0481  0.0481  0.0481  0.0485  0.0479  0.0482  0.0484  0.0482  0.0480  0.0481  0.0483
  0.0496  0.0492  0.0489  0.0501  0.0512  0.0499  0.0496  0.0502  0.0494  0.0497  0.0487  0.0497
  0.0517  0.0509  0.0502  0.0539  0.0561  0.0537  0.0517  0.0534  0.0513  0.0528  0.0497  0.0515
registration optimization eta report
parameter search radius
    2.4000    2.4000    2.4000    7.2000    9.5220    7.2000
    7.2000    7.2000    7.2000    7.2000    7.2000    8.2800
100000*second partial in parameter space
       68.       53.       42.       11.        9.       10.
        8.       11.        7.        9.        4.        5.
  0.0517  0.0509  0.0502  0.0532  0.0551  0.0527  0.0517  0.0534  0.0513  0.0523  0.0499  0.0515
  0.0495  0.0492  0.0488  0.0510  0.0518  0.0506  0.0496  0.0502  0.0495  0.0503  0.0486  0.0495
  0.0482  0.0482  0.0480  0.0490  0.0491  0.0489  0.0483  0.0483  0.0482  0.0487  0.0479  0.0482
  0.0478  0.0478  0.0478  0.0478  0.0478  0.0478  0.0478  0.0478  0.0478  0.0478  0.0478  0.0478
  0.0482  0.0481  0.0481  0.0481  0.0485  0.0479  0.0482  0.0484  0.0482  0.0480  0.0481  0.0483
  0.0496  0.0492  0.0489  0.0501  0.0512  0.0499  0.0496  0.0502  0.0494  0.0497  0.0487  0.0497
  0.0517  0.0509  0.0502  0.0539  0.0561  0.0537  0.0517  0.0534  0.0513  0.0528  0.0497  0.0515
   -2.5602   25.9776   -4.9612   -0.0383  -25.6316   -9.9423
   -2.4232    5.6106    1.6463   45.0942   -5.4629  -44.5897
eta,q 0.95222 31.37007

---------------------------------------------------------------------
imgreg_4dfp /Applications/freesurfer/7.4.1/average/711-2C_as_mni_average_305 /Applications/freesurfer/7.4.1/average/711-2B_as_mni_average_305_mask talsrcimg_g11 none talsrcimg_to_711-2C_as_mni_average_305_t4 2311
---------------------------------------------------------------------

freesurfer imgreg_4dfp.c
/Applications/freesurfer/7.4.1/average/711-2C_as_mni_average_305.4dfp.img
       256       256       256         1
  1.000000  1.000000  1.000000
orientation T byte_order littleendian
Reading image: /Applications/freesurfer/7.4.1/average/711-2C_as_mni_average_305.4dfp.img
dimensions:      256       256       256
mmppix:       1.0000   -1.0000   -1.0000
center:     128.0000 -129.0000 -129.0000
/Applications/freesurfer/7.4.1/average/711-2B_as_mni_average_305_mask.4dfp.img
       256       256       256         1
  1.000000  1.000000  1.000000
orientation T byte_order littleendian
Reading mask: /Applications/freesurfer/7.4.1/average/711-2B_as_mni_average_305_mask.4dfp.img (2306576 pixels)
talsrcimg_g11.4dfp.img
       256       256       256         1
  1.000000  1.000000  1.000000
orientation T byte_order littleendian
Reading image: talsrcimg_g11.4dfp.img
dimensions:      256       256       256
mmppix:       1.0000   -1.0000   -1.0000
center:     128.0000 -129.0000 -129.0000
fimgreg.f
image alignment mode   2311 decimal      907 hex
parameters
   -2.5602   25.9776   -4.9612   -0.0383  -25.6316   -9.9423
   -2.4232    5.6106    1.6463   45.0942   -5.4629  -44.5897
eta,q 0.95222 31.37007
niter,ni,del,rscale     5    3    5.0000    0.8000
parameters
   -2.5592   25.9947   -4.9681    0.4283  -25.3109   -9.5534
   -2.4700    5.6678    1.6057   45.4123   -5.4555  -44.3862
eta,q 0.95242 31.37830
  0.0495  0.0492  0.0489  0.0510  0.0502  0.0504  0.0494  0.0504  0.0493  0.0502  0.0486  0.0491
  0.0486  0.0484  0.0483  0.0496  0.0490  0.0493  0.0484  0.0488  0.0484  0.0490  0.0480  0.0483
  0.0480  0.0480  0.0479  0.0485  0.0481  0.0483  0.0478  0.0479  0.0478  0.0481  0.0477  0.0478
  0.0478  0.0478  0.0478  0.0478  0.0477  0.0477  0.0476  0.0476  0.0476  0.0476  0.0476  0.0476
  0.0480  0.0479  0.0479  0.0478  0.0478  0.0476  0.0478  0.0479  0.0478  0.0477  0.0477  0.0477
  0.0486  0.0484  0.0483  0.0486  0.0485  0.0484  0.0484  0.0488  0.0484  0.0484  0.0481  0.0482
  0.0496  0.0492  0.0489  0.0502  0.0496  0.0500  0.0495  0.0502  0.0493  0.0498  0.0485  0.0489
niter,ni,del,rscale     4    3    5.0000    0.7000
parameters
   -2.5935   25.9647   -4.9703    0.3842  -25.3292   -9.3425
   -2.4136    5.6541    1.5963   45.4273   -5.4510  -44.3630
eta,q 0.95246 31.38144
  0.0489  0.0487  0.0485  0.0498  0.0493  0.0497  0.0490  0.0497  0.0489  0.0494  0.0483  0.0487
  0.0482  0.0481  0.0480  0.0488  0.0484  0.0488  0.0482  0.0484  0.0481  0.0485  0.0479  0.0480
  0.0477  0.0477  0.0477  0.0479  0.0478  0.0480  0.0477  0.0477  0.0477  0.0478  0.0476  0.0477
  0.0476  0.0476  0.0476  0.0476  0.0476  0.0476  0.0475  0.0475  0.0475  0.0475  0.0475  0.0475
  0.0478  0.0477  0.0477  0.0478  0.0478  0.0476  0.0477  0.0478  0.0477  0.0477  0.0477  0.0477
  0.0483  0.0481  0.0480  0.0486  0.0484  0.0483  0.0481  0.0485  0.0481  0.0484  0.0479  0.0480
  0.0491  0.0488  0.0485  0.0501  0.0494  0.0496  0.0489  0.0497  0.0489  0.0495  0.0483  0.0486
niter,ni,del,rscale     3    3    5.0000    0.6000
parameters
   -2.5981   25.9528   -4.9558    0.4135  -25.3493   -9.2152
   -2.3972    5.6564    1.5802   45.4647   -5.4592  -44.3544
eta,q 0.95247 31.38252
  0.0486  0.0484  0.0482  0.0493  0.0488  0.0492  0.0486  0.0491  0.0485  0.0490  0.0481  0.0484
  0.0480  0.0479  0.0479  0.0484  0.0481  0.0484  0.0480  0.0482  0.0480  0.0483  0.0478  0.0479
  0.0477  0.0476  0.0476  0.0478  0.0477  0.0479  0.0477  0.0477  0.0476  0.0478  0.0476  0.0476
  0.0475  0.0475  0.0475  0.0475  0.0475  0.0475  0.0475  0.0475  0.0475  0.0475  0.0475  0.0475
  0.0477  0.0477  0.0476  0.0477  0.0477  0.0476  0.0476  0.0477  0.0477  0.0476  0.0476  0.0476
  0.0480  0.0479  0.0478  0.0483  0.0482  0.0481  0.0480  0.0482  0.0480  0.0481  0.0478  0.0479
  0.0486  0.0484  0.0482  0.0494  0.0489  0.0491  0.0486  0.0491  0.0485  0.0490  0.0481  0.0483
niter,ni,del,rscale     2    3    5.0000    0.5000
parameters
   -2.6009   25.9432   -4.9501    0.4486  -25.3745   -9.1137
   -2.3859    5.6475    1.5692   45.5026   -5.4599  -44.3526
eta,q 0.95249 31.38289
  0.0483  0.0481  0.0480  0.0488  0.0484  0.0487  0.0482  0.0486  0.0482  0.0486  0.0479  0.0481
  0.0478  0.0478  0.0477  0.0482  0.0479  0.0482  0.0478  0.0480  0.0478  0.0480  0.0477  0.0478
  0.0476  0.0476  0.0476  0.0477  0.0476  0.0477  0.0476  0.0476  0.0476  0.0477  0.0476  0.0476
  0.0475  0.0475  0.0475  0.0475  0.0475  0.0475  0.0475  0.0475  0.0475  0.0475  0.0475  0.0475
  0.0476  0.0476  0.0476  0.0476  0.0476  0.0476  0.0476  0.0477  0.0476  0.0476  0.0476  0.0476
  0.0479  0.0478  0.0477  0.0481  0.0480  0.0480  0.0478  0.0480  0.0478  0.0479  0.0477  0.0478
  0.0483  0.0481  0.0480  0.0488  0.0485  0.0487  0.0482  0.0486  0.0482  0.0486  0.0479  0.0481
niter,ni,del,rscale     1    3    5.0000    0.4000
parameters
   -2.6079   25.9401   -4.9473    0.4761  -25.3911   -9.0279
   -2.3732    5.6462    1.5495   45.5323   -5.4430  -44.3475
eta,q 0.95249 31.38301
  0.0480  0.0479  0.0478  0.0484  0.0481  0.0483  0.0480  0.0482  0.0480  0.0482  0.0478  0.0479
  0.0477  0.0477  0.0477  0.0479  0.0478  0.0479  0.0477  0.0478  0.0477  0.0478  0.0476  0.0477
  0.0476  0.0476  0.0476  0.0476  0.0476  0.0477  0.0476  0.0476  0.0476  0.0476  0.0475  0.0475
  0.0475  0.0475  0.0475  0.0475  0.0475  0.0475  0.0475  0.0475  0.0475  0.0475  0.0475  0.0475
  0.0476  0.0476  0.0475  0.0476  0.0476  0.0476  0.0475  0.0476  0.0476  0.0476  0.0475  0.0476
  0.0477  0.0477  0.0477  0.0479  0.0478  0.0478  0.0477  0.0478  0.0477  0.0478  0.0476  0.0477
  0.0480  0.0479  0.0478  0.0484  0.0481  0.0483  0.0480  0.0482  0.0480  0.0482  0.0478  0.0479
registration optimization eta report
parameter search radius
    0.8000    0.8000    0.8000    2.4000    2.4000    2.4000
    2.4000    2.4000    2.4000    2.4000    2.4000    2.4000
100000*second partial in parameter space
       75.       59.       48.       15.       10.       13.
        8.       12.        8.       12.        5.        7.
  0.0480  0.0479  0.0478  0.0484  0.0481  0.0483  0.0480  0.0482  0.0480  0.0482  0.0478  0.0479
  0.0477  0.0477  0.0477  0.0479  0.0478  0.0479  0.0477  0.0478  0.0477  0.0478  0.0476  0.0477
  0.0476  0.0476  0.0476  0.0476  0.0476  0.0477  0.0476  0.0476  0.0476  0.0476  0.0475  0.0475
  0.0475  0.0475  0.0475  0.0475  0.0475  0.0475  0.0475  0.0475  0.0475  0.0475  0.0475  0.0475
  0.0476  0.0476  0.0475  0.0476  0.0476  0.0476  0.0475  0.0476  0.0476  0.0476  0.0475  0.0476
  0.0477  0.0477  0.0477  0.0479  0.0478  0.0478  0.0477  0.0478  0.0477  0.0478  0.0476  0.0477
  0.0480  0.0479  0.0478  0.0484  0.0481  0.0483  0.0480  0.0482  0.0480  0.0482  0.0478  0.0479
   -2.6079   25.9401   -4.9473    0.4761  -25.3911   -9.0279
   -2.3732    5.6462    1.5495   45.5323   -5.4430  -44.3475
eta,q 0.95249 31.38301

---------------------------------------------------------------------
imgreg_4dfp /Applications/freesurfer/7.4.1/average/711-2C_as_mni_average_305 /Applications/freesurfer/7.4.1/average/711-2B_as_mni_average_305_mask talsrcimg_g11 none talsrcimg_to_711-2C_as_mni_average_305_t4 2311
---------------------------------------------------------------------

freesurfer imgreg_4dfp.c
/Applications/freesurfer/7.4.1/average/711-2C_as_mni_average_305.4dfp.img
       256       256       256         1
  1.000000  1.000000  1.000000
orientation T byte_order littleendian
Reading image: /Applications/freesurfer/7.4.1/average/711-2C_as_mni_average_305.4dfp.img
dimensions:      256       256       256
mmppix:       1.0000   -1.0000   -1.0000
center:     128.0000 -129.0000 -129.0000
/Applications/freesurfer/7.4.1/average/711-2B_as_mni_average_305_mask.4dfp.img
       256       256       256         1
  1.000000  1.000000  1.000000
orientation T byte_order littleendian
Reading mask: /Applications/freesurfer/7.4.1/average/711-2B_as_mni_average_305_mask.4dfp.img (2306576 pixels)
talsrcimg_g11.4dfp.img
       256       256       256         1
  1.000000  1.000000  1.000000
orientation T byte_order littleendian
Reading image: talsrcimg_g11.4dfp.img
dimensions:      256       256       256
mmppix:       1.0000   -1.0000   -1.0000
center:     128.0000 -129.0000 -129.0000
fimgreg.f
image alignment mode   2311 decimal      907 hex
parameters
   -2.6079   25.9401   -4.9473    0.4761  -25.3911   -9.0279
   -2.3732    5.6462    1.5495   45.5323   -5.4430  -44.3475
eta,q 0.95249 31.38303
niter,ni,del,rscale     5    3    5.0000    0.8000
parameters
   -2.6109   25.9324   -4.9127    0.2098  -25.4036   -9.3497
   -2.3624    5.6243    1.5990   45.3418   -5.4550  -44.4039
eta,q 0.95244 31.38359
  0.0494  0.0490  0.0488  0.0502  0.0498  0.0499  0.0494  0.0503  0.0493  0.0498  0.0486  0.0490
  0.0484  0.0482  0.0481  0.0489  0.0486  0.0488  0.0484  0.0487  0.0484  0.0487  0.0480  0.0482
  0.0477  0.0477  0.0477  0.0479  0.0478  0.0479  0.0478  0.0478  0.0478  0.0479  0.0476  0.0477
  0.0475  0.0475  0.0475  0.0475  0.0475  0.0475  0.0476  0.0476  0.0476  0.0476  0.0476  0.0476
  0.0477  0.0477  0.0477  0.0479  0.0478  0.0478  0.0477  0.0479  0.0478  0.0478  0.0477  0.0478
  0.0484  0.0482  0.0480  0.0491  0.0485  0.0489  0.0483  0.0488  0.0483  0.0488  0.0480  0.0483
  0.0494  0.0490  0.0486  0.0511  0.0498  0.0510  0.0494  0.0503  0.0492  0.0503  0.0485  0.0490
niter,ni,del,rscale     4    3    5.0000    0.7000
parameters
   -2.5866   25.9549   -4.9380    0.3516  -25.3450   -9.3278
   -2.4102    5.6519    1.5941   45.4162   -5.4689  -44.3655
eta,q 0.95246 31.38218
  0.0490  0.0487  0.0484  0.0500  0.0493  0.0496  0.0489  0.0497  0.0489  0.0495  0.0483  0.0487
  0.0482  0.0481  0.0479  0.0489  0.0484  0.0487  0.0482  0.0485  0.0481  0.0485  0.0479  0.0481
  0.0477  0.0477  0.0477  0.0480  0.0478  0.0480  0.0477  0.0477  0.0477  0.0479  0.0476  0.0477
  0.0476  0.0476  0.0476  0.0476  0.0476  0.0475  0.0475  0.0475  0.0475  0.0475  0.0475  0.0475
  0.0477  0.0477  0.0477  0.0477  0.0477  0.0477  0.0477  0.0478  0.0477  0.0477  0.0477  0.0477
  0.0482  0.0481  0.0480  0.0485  0.0483  0.0484  0.0482  0.0485  0.0481  0.0483  0.0479  0.0480
  0.0489  0.0487  0.0485  0.0498  0.0493  0.0498  0.0490  0.0496  0.0489  0.0495  0.0483  0.0486
niter,ni,del,rscale     3    3    5.0000    0.6000
parameters
   -2.5944   25.9533   -4.9520    0.4117  -25.3514   -9.2139
   -2.4016    5.6605    1.5765   45.4649   -5.4690  -44.3536
eta,q 0.95247 31.38254
  0.0486  0.0484  0.0482  0.0493  0.0488  0.0492  0.0486  0.0491  0.0485  0.0490  0.0481  0.0484
  0.0480  0.0479  0.0478  0.0485  0.0481  0.0484  0.0480  0.0482  0.0480  0.0483  0.0478  0.0479
  0.0477  0.0476  0.0476  0.0478  0.0477  0.0479  0.0477  0.0477  0.0476  0.0478  0.0476  0.0476
  0.0475  0.0475  0.0475  0.0475  0.0475  0.0475  0.0475  0.0475  0.0475  0.0475  0.0475  0.0475
  0.0477  0.0476  0.0476  0.0477  0.0477  0.0476  0.0476  0.0477  0.0476  0.0476  0.0476  0.0476
  0.0480  0.0479  0.0479  0.0483  0.0481  0.0481  0.0480  0.0482  0.0480  0.0481  0.0478  0.0479
  0.0486  0.0484  0.0482  0.0493  0.0489  0.0492  0.0486  0.0491  0.0485  0.0490  0.0481  0.0483
niter,ni,del,rscale     2    3    5.0000    0.5000
parameters
   -2.6002   25.9448   -4.9527    0.4489  -25.3758   -9.1165
   -2.3834    5.6550    1.5600   45.5060   -5.4738  -44.3518
eta,q 0.95249 31.38297
  0.0483  0.0481  0.0480  0.0488  0.0484  0.0487  0.0482  0.0486  0.0482  0.0486  0.0479  0.0481
  0.0479  0.0478  0.0477  0.0482  0.0479  0.0482  0.0478  0.0480  0.0478  0.0480  0.0477  0.0478
  0.0476  0.0476  0.0476  0.0477  0.0476  0.0477  0.0476  0.0476  0.0476  0.0477  0.0476  0.0476
  0.0475  0.0475  0.0475  0.0475  0.0475  0.0475  0.0475  0.0475  0.0475  0.0475  0.0475  0.0475
  0.0476  0.0476  0.0476  0.0476  0.0476  0.0476  0.0476  0.0476  0.0476  0.0476  0.0476  0.0476
  0.0479  0.0478  0.0478  0.0481  0.0480  0.0480  0.0478  0.0480  0.0478  0.0479  0.0477  0.0478
  0.0483  0.0481  0.0480  0.0488  0.0485  0.0487  0.0482  0.0486  0.0482  0.0486  0.0479  0.0481
niter,ni,del,rscale     1    3    5.0000    0.4000
parameters
   -2.6079   25.9441   -4.9466    0.4761  -25.3950   -9.0331
   -2.3676    5.6512    1.5432   45.5357   -5.4508  -44.3604
eta,q 0.95249 31.38275
  0.0480  0.0479  0.0478  0.0484  0.0481  0.0483  0.0480  0.0482  0.0480  0.0482  0.0478  0.0479
  0.0477  0.0477  0.0477  0.0479  0.0478  0.0479  0.0477  0.0478  0.0477  0.0478  0.0476  0.0477
  0.0476  0.0476  0.0476  0.0476  0.0476  0.0477  0.0476  0.0476  0.0476  0.0476  0.0475  0.0475
  0.0475  0.0475  0.0475  0.0475  0.0475  0.0475  0.0475  0.0475  0.0475  0.0475  0.0475  0.0475
  0.0476  0.0476  0.0475  0.0476  0.0476  0.0476  0.0476  0.0476  0.0476  0.0476  0.0475  0.0476
  0.0477  0.0477  0.0477  0.0479  0.0478  0.0478  0.0477  0.0478  0.0477  0.0478  0.0476  0.0477
  0.0480  0.0479  0.0478  0.0484  0.0481  0.0483  0.0480  0.0482  0.0480  0.0482  0.0478  0.0479
registration optimization eta report
parameter search radius
    0.8000    0.8000    0.8000    2.4000    2.4000    2.4000
    2.4000    2.4000    2.4000    2.4000    2.4000    2.4000
100000*second partial in parameter space
       75.       60.       48.       15.       10.       13.
        8.       12.        8.       12.        5.        7.
  0.0480  0.0479  0.0478  0.0484  0.0481  0.0483  0.0480  0.0482  0.0480  0.0482  0.0478  0.0479
  0.0477  0.0477  0.0477  0.0479  0.0478  0.0479  0.0477  0.0478  0.0477  0.0478  0.0476  0.0477
  0.0476  0.0476  0.0476  0.0476  0.0476  0.0477  0.0476  0.0476  0.0476  0.0476  0.0475  0.0475
  0.0475  0.0475  0.0475  0.0475  0.0475  0.0475  0.0475  0.0475  0.0475  0.0475  0.0475  0.0475
  0.0476  0.0476  0.0475  0.0476  0.0476  0.0476  0.0476  0.0476  0.0476  0.0476  0.0475  0.0476
  0.0477  0.0477  0.0477  0.0479  0.0478  0.0478  0.0477  0.0478  0.0477  0.0478  0.0476  0.0477
  0.0480  0.0479  0.0478  0.0484  0.0481  0.0483  0.0480  0.0482  0.0480  0.0482  0.0478  0.0479
   -2.6079   25.9441   -4.9466    0.4761  -25.3950   -9.0331
   -2.3676    5.6512    1.5432   45.5357   -5.4508  -44.3604
eta,q 0.95249 31.38275

---------------------------------------------------------------------
compute_vox2vox talsrcimg talsrcimg_to_711-2C_as_mni_average_305_t4 /Applications/freesurfer/7.4.1/average/711-2C_as_mni_average_305
---------------------------------------------------------------------

freesurfer compute_vox2vox.c
Reading: talsrcimg.4dfp.ifh
Reading: talsrcimg_to_711-2C_as_mni_average_305_t4
Reading: /Applications/freesurfer/7.4.1/average/711-2C_as_mni_average_305.4dfp.ifh
Writing: talsrcimg_to_711-2C_as_mni_average_305_t4_vox2vox.txt

start time Wed Nov 8 17:06:16 -03 2023
end		time Wed Nov 8 17:06:34 -03 2023

mpr2mni305 success

avi2talxfm orig_nu.mgz /Applications/freesurfer/7.4.1/average/mni305.cor.mgz talsrcimg_to_711-2C_as_mni_average_305_t4_vox2vox.txt transforms/talairach.auto.xfm
avi2talxfm done
mv -f /Applications/freesurfer/7.4.1/subjects/094_S_4282/mri/talsrcimg_to_711-2C_as_mni_average_305_t4_vox2vox.txt /Applications/freesurfer/7.4.1/subjects/094_S_4282/mri/transforms/talsrcimg_to_711-2C_as_mni_average_305_t4_vox2vox.txt
lta_convert --src orig_nu.mgz --trg /Applications/freesurfer/7.4.1/average/mni305.cor.mgz --inxfm transforms/talairach.auto.xfm --outlta transforms/talairach.auto.xfm.lta --subject fsaverage
7.4.1

--src: orig_nu.mgz src image (geometry).
--trg: /Applications/freesurfer/7.4.1/average/mni305.cor.mgz trg image (geometry).
--inmni: transforms/talairach.auto.xfm input MNI/XFM transform.
--outlta: transforms/talairach.auto.xfm.lta output LTA.
--s: fsaverage subject name
 LTA read, type : 1
 0.99209  -0.05964  -0.00398   4.97365;
 0.03810   0.84486   0.50357  -26.23647;
-0.04377  -0.51443   1.03312   38.15039;
 0.00000   0.00000   0.00000   1.00000;
setting subject to fsaverage
Writing  LTA to file transforms/talairach.auto.xfm.lta...
lta_convert successful.
 
 
Started at Wed Nov 8 17:06:15 -03 2023
Ended   at Wed Nov  8 17:06:34 -03 2023
talairach_avi done
